[2024-09-19T20:27:00.232+0000] {processor.py:186} INFO - Started process (PID=1139) to work on /opt/airflow/dags/live_exchange_rates.py
[2024-09-19T20:27:00.233+0000] {processor.py:914} INFO - Processing file /opt/airflow/dags/live_exchange_rates.py for tasks to queue
[2024-09-19T20:27:00.234+0000] {logging_mixin.py:190} INFO - [2024-09-19T20:27:00.234+0000] {dagbag.py:587} INFO - Filling up the DagBag from /opt/airflow/dags/live_exchange_rates.py
[2024-09-19T20:27:00.283+0000] {processor.py:925} INFO - DAG(s) 'live_exchange_rates' retrieved from /opt/airflow/dags/live_exchange_rates.py
[2024-09-19T20:27:00.697+0000] {logging_mixin.py:190} INFO - [2024-09-19T20:27:00.695+0000] {override.py:1900} INFO - Created Permission View: can read on DAG:live_exchange_rates
[2024-09-19T20:27:00.733+0000] {logging_mixin.py:190} INFO - [2024-09-19T20:27:00.733+0000] {override.py:1900} INFO - Created Permission View: can edit on DAG:live_exchange_rates
[2024-09-19T20:27:00.764+0000] {logging_mixin.py:190} INFO - [2024-09-19T20:27:00.763+0000] {override.py:1900} INFO - Created Permission View: can delete on DAG:live_exchange_rates
[2024-09-19T20:27:00.812+0000] {logging_mixin.py:190} INFO - [2024-09-19T20:27:00.811+0000] {override.py:1900} INFO - Created Permission View: can read on DAG Run:live_exchange_rates
[2024-09-19T20:27:00.846+0000] {logging_mixin.py:190} INFO - [2024-09-19T20:27:00.845+0000] {override.py:1900} INFO - Created Permission View: can create on DAG Run:live_exchange_rates
[2024-09-19T20:27:00.875+0000] {logging_mixin.py:190} INFO - [2024-09-19T20:27:00.875+0000] {override.py:1900} INFO - Created Permission View: menu access on DAG Run:live_exchange_rates
[2024-09-19T20:27:00.907+0000] {logging_mixin.py:190} INFO - [2024-09-19T20:27:00.906+0000] {override.py:1900} INFO - Created Permission View: can delete on DAG Run:live_exchange_rates
[2024-09-19T20:27:00.908+0000] {logging_mixin.py:190} INFO - [2024-09-19T20:27:00.907+0000] {dag.py:3229} INFO - Sync 1 DAGs
[2024-09-19T20:27:00.930+0000] {logging_mixin.py:190} INFO - [2024-09-19T20:27:00.930+0000] {dag.py:3252} INFO - Creating ORM DAG for live_exchange_rates
[2024-09-19T20:27:00.945+0000] {logging_mixin.py:190} INFO - [2024-09-19T20:27:00.945+0000] {dag.py:4156} INFO - Setting next_dagrun for live_exchange_rates to 2024-09-18 21:00:00+00:00, run_after=2024-09-19 21:00:00+00:00
[2024-09-19T20:27:01.014+0000] {processor.py:208} INFO - Processing /opt/airflow/dags/live_exchange_rates.py took 0.788 seconds
[2024-09-19T20:27:31.483+0000] {processor.py:186} INFO - Started process (PID=1143) to work on /opt/airflow/dags/live_exchange_rates.py
[2024-09-19T20:27:31.484+0000] {processor.py:914} INFO - Processing file /opt/airflow/dags/live_exchange_rates.py for tasks to queue
[2024-09-19T20:27:31.487+0000] {logging_mixin.py:190} INFO - [2024-09-19T20:27:31.486+0000] {dagbag.py:587} INFO - Filling up the DagBag from /opt/airflow/dags/live_exchange_rates.py
[2024-09-19T20:27:31.518+0000] {processor.py:925} INFO - DAG(s) 'live_exchange_rates' retrieved from /opt/airflow/dags/live_exchange_rates.py
[2024-09-19T20:27:31.553+0000] {logging_mixin.py:190} INFO - [2024-09-19T20:27:31.553+0000] {dag.py:3229} INFO - Sync 1 DAGs
[2024-09-19T20:27:31.586+0000] {logging_mixin.py:190} INFO - [2024-09-19T20:27:31.586+0000] {dag.py:4156} INFO - Setting next_dagrun for live_exchange_rates to 2024-09-18 21:00:00+00:00, run_after=2024-09-19 21:00:00+00:00
[2024-09-19T20:27:31.649+0000] {processor.py:208} INFO - Processing /opt/airflow/dags/live_exchange_rates.py took 0.173 seconds
[2024-09-19T20:28:02.589+0000] {processor.py:186} INFO - Started process (PID=1147) to work on /opt/airflow/dags/live_exchange_rates.py
[2024-09-19T20:28:02.590+0000] {processor.py:914} INFO - Processing file /opt/airflow/dags/live_exchange_rates.py for tasks to queue
[2024-09-19T20:28:02.592+0000] {logging_mixin.py:190} INFO - [2024-09-19T20:28:02.591+0000] {dagbag.py:587} INFO - Filling up the DagBag from /opt/airflow/dags/live_exchange_rates.py
[2024-09-19T20:28:02.622+0000] {processor.py:925} INFO - DAG(s) 'live_exchange_rates' retrieved from /opt/airflow/dags/live_exchange_rates.py
[2024-09-19T20:28:02.653+0000] {logging_mixin.py:190} INFO - [2024-09-19T20:28:02.653+0000] {dag.py:3229} INFO - Sync 1 DAGs
[2024-09-19T20:28:02.683+0000] {logging_mixin.py:190} INFO - [2024-09-19T20:28:02.683+0000] {dag.py:4156} INFO - Setting next_dagrun for live_exchange_rates to 2024-09-18 21:00:00+00:00, run_after=2024-09-19 21:00:00+00:00
[2024-09-19T20:28:02.742+0000] {processor.py:208} INFO - Processing /opt/airflow/dags/live_exchange_rates.py took 0.159 seconds
[2024-09-19T20:28:33.585+0000] {processor.py:186} INFO - Started process (PID=1151) to work on /opt/airflow/dags/live_exchange_rates.py
[2024-09-19T20:28:33.586+0000] {processor.py:914} INFO - Processing file /opt/airflow/dags/live_exchange_rates.py for tasks to queue
[2024-09-19T20:28:33.588+0000] {logging_mixin.py:190} INFO - [2024-09-19T20:28:33.588+0000] {dagbag.py:587} INFO - Filling up the DagBag from /opt/airflow/dags/live_exchange_rates.py
[2024-09-19T20:28:33.621+0000] {processor.py:925} INFO - DAG(s) 'live_exchange_rates' retrieved from /opt/airflow/dags/live_exchange_rates.py
[2024-09-19T20:28:33.655+0000] {logging_mixin.py:190} INFO - [2024-09-19T20:28:33.655+0000] {dag.py:3229} INFO - Sync 1 DAGs
[2024-09-19T20:28:33.687+0000] {logging_mixin.py:190} INFO - [2024-09-19T20:28:33.686+0000] {dag.py:4156} INFO - Setting next_dagrun for live_exchange_rates to 2024-09-18 21:00:00+00:00, run_after=2024-09-19 21:00:00+00:00
[2024-09-19T20:28:33.957+0000] {processor.py:208} INFO - Processing /opt/airflow/dags/live_exchange_rates.py took 0.379 seconds
[2024-09-19T20:29:04.460+0000] {processor.py:186} INFO - Started process (PID=1155) to work on /opt/airflow/dags/live_exchange_rates.py
[2024-09-19T20:29:04.461+0000] {processor.py:914} INFO - Processing file /opt/airflow/dags/live_exchange_rates.py for tasks to queue
[2024-09-19T20:29:04.463+0000] {logging_mixin.py:190} INFO - [2024-09-19T20:29:04.462+0000] {dagbag.py:587} INFO - Filling up the DagBag from /opt/airflow/dags/live_exchange_rates.py
[2024-09-19T20:29:04.492+0000] {processor.py:925} INFO - DAG(s) 'live_exchange_rates' retrieved from /opt/airflow/dags/live_exchange_rates.py
[2024-09-19T20:29:04.522+0000] {logging_mixin.py:190} INFO - [2024-09-19T20:29:04.521+0000] {dag.py:3229} INFO - Sync 1 DAGs
[2024-09-19T20:29:04.711+0000] {logging_mixin.py:190} INFO - [2024-09-19T20:29:04.710+0000] {dag.py:4156} INFO - Setting next_dagrun for live_exchange_rates to 2024-09-18 21:00:00+00:00, run_after=2024-09-19 21:00:00+00:00
[2024-09-19T20:29:04.771+0000] {processor.py:208} INFO - Processing /opt/airflow/dags/live_exchange_rates.py took 0.317 seconds
[2024-09-19T20:29:35.336+0000] {processor.py:186} INFO - Started process (PID=1159) to work on /opt/airflow/dags/live_exchange_rates.py
[2024-09-19T20:29:35.337+0000] {processor.py:914} INFO - Processing file /opt/airflow/dags/live_exchange_rates.py for tasks to queue
[2024-09-19T20:29:35.339+0000] {logging_mixin.py:190} INFO - [2024-09-19T20:29:35.338+0000] {dagbag.py:587} INFO - Filling up the DagBag from /opt/airflow/dags/live_exchange_rates.py
[2024-09-19T20:29:35.370+0000] {processor.py:925} INFO - DAG(s) 'live_exchange_rates' retrieved from /opt/airflow/dags/live_exchange_rates.py
[2024-09-19T20:29:35.402+0000] {logging_mixin.py:190} INFO - [2024-09-19T20:29:35.401+0000] {dag.py:3229} INFO - Sync 1 DAGs
[2024-09-19T20:29:35.578+0000] {logging_mixin.py:190} INFO - [2024-09-19T20:29:35.578+0000] {dag.py:4156} INFO - Setting next_dagrun for live_exchange_rates to 2024-09-18 21:00:00+00:00, run_after=2024-09-19 21:00:00+00:00
[2024-09-19T20:29:35.643+0000] {processor.py:208} INFO - Processing /opt/airflow/dags/live_exchange_rates.py took 0.313 seconds
[2024-09-19T20:30:06.044+0000] {processor.py:186} INFO - Started process (PID=1163) to work on /opt/airflow/dags/live_exchange_rates.py
[2024-09-19T20:30:06.046+0000] {processor.py:914} INFO - Processing file /opt/airflow/dags/live_exchange_rates.py for tasks to queue
[2024-09-19T20:30:06.047+0000] {logging_mixin.py:190} INFO - [2024-09-19T20:30:06.047+0000] {dagbag.py:587} INFO - Filling up the DagBag from /opt/airflow/dags/live_exchange_rates.py
[2024-09-19T20:30:06.079+0000] {processor.py:925} INFO - DAG(s) 'live_exchange_rates' retrieved from /opt/airflow/dags/live_exchange_rates.py
[2024-09-19T20:30:06.112+0000] {logging_mixin.py:190} INFO - [2024-09-19T20:30:06.112+0000] {dag.py:3229} INFO - Sync 1 DAGs
[2024-09-19T20:30:06.301+0000] {logging_mixin.py:190} INFO - [2024-09-19T20:30:06.301+0000] {dag.py:4156} INFO - Setting next_dagrun for live_exchange_rates to 2024-09-18 21:00:00+00:00, run_after=2024-09-19 21:00:00+00:00
[2024-09-19T20:30:06.357+0000] {processor.py:208} INFO - Processing /opt/airflow/dags/live_exchange_rates.py took 0.319 seconds
[2024-09-19T20:30:36.920+0000] {processor.py:186} INFO - Started process (PID=1167) to work on /opt/airflow/dags/live_exchange_rates.py
[2024-09-19T20:30:36.921+0000] {processor.py:914} INFO - Processing file /opt/airflow/dags/live_exchange_rates.py for tasks to queue
[2024-09-19T20:30:36.923+0000] {logging_mixin.py:190} INFO - [2024-09-19T20:30:36.922+0000] {dagbag.py:587} INFO - Filling up the DagBag from /opt/airflow/dags/live_exchange_rates.py
[2024-09-19T20:30:36.957+0000] {processor.py:925} INFO - DAG(s) 'live_exchange_rates' retrieved from /opt/airflow/dags/live_exchange_rates.py
[2024-09-19T20:30:37.146+0000] {logging_mixin.py:190} INFO - [2024-09-19T20:30:37.146+0000] {dag.py:3229} INFO - Sync 1 DAGs
[2024-09-19T20:30:37.176+0000] {logging_mixin.py:190} INFO - [2024-09-19T20:30:37.176+0000] {dag.py:4156} INFO - Setting next_dagrun for live_exchange_rates to 2024-09-18 21:00:00+00:00, run_after=2024-09-19 21:00:00+00:00
[2024-09-19T20:30:37.229+0000] {processor.py:208} INFO - Processing /opt/airflow/dags/live_exchange_rates.py took 0.315 seconds
[2024-09-19T20:31:07.790+0000] {processor.py:186} INFO - Started process (PID=1171) to work on /opt/airflow/dags/live_exchange_rates.py
[2024-09-19T20:31:07.792+0000] {processor.py:914} INFO - Processing file /opt/airflow/dags/live_exchange_rates.py for tasks to queue
[2024-09-19T20:31:07.793+0000] {logging_mixin.py:190} INFO - [2024-09-19T20:31:07.793+0000] {dagbag.py:587} INFO - Filling up the DagBag from /opt/airflow/dags/live_exchange_rates.py
[2024-09-19T20:31:07.829+0000] {processor.py:925} INFO - DAG(s) 'live_exchange_rates' retrieved from /opt/airflow/dags/live_exchange_rates.py
[2024-09-19T20:31:07.866+0000] {logging_mixin.py:190} INFO - [2024-09-19T20:31:07.866+0000] {dag.py:3229} INFO - Sync 1 DAGs
[2024-09-19T20:31:07.901+0000] {logging_mixin.py:190} INFO - [2024-09-19T20:31:07.900+0000] {dag.py:4156} INFO - Setting next_dagrun for live_exchange_rates to 2024-09-18 21:00:00+00:00, run_after=2024-09-19 21:00:00+00:00
[2024-09-19T20:31:07.968+0000] {processor.py:208} INFO - Processing /opt/airflow/dags/live_exchange_rates.py took 0.185 seconds
[2024-09-19T20:31:38.495+0000] {processor.py:186} INFO - Started process (PID=1175) to work on /opt/airflow/dags/live_exchange_rates.py
[2024-09-19T20:31:38.496+0000] {processor.py:914} INFO - Processing file /opt/airflow/dags/live_exchange_rates.py for tasks to queue
[2024-09-19T20:31:38.498+0000] {logging_mixin.py:190} INFO - [2024-09-19T20:31:38.498+0000] {dagbag.py:587} INFO - Filling up the DagBag from /opt/airflow/dags/live_exchange_rates.py
[2024-09-19T20:31:38.531+0000] {processor.py:925} INFO - DAG(s) 'live_exchange_rates' retrieved from /opt/airflow/dags/live_exchange_rates.py
[2024-09-19T20:31:38.568+0000] {logging_mixin.py:190} INFO - [2024-09-19T20:31:38.567+0000] {dag.py:3229} INFO - Sync 1 DAGs
[2024-09-19T20:31:38.604+0000] {logging_mixin.py:190} INFO - [2024-09-19T20:31:38.603+0000] {dag.py:4156} INFO - Setting next_dagrun for live_exchange_rates to 2024-09-18 21:00:00+00:00, run_after=2024-09-19 21:00:00+00:00
[2024-09-19T20:31:38.661+0000] {processor.py:208} INFO - Processing /opt/airflow/dags/live_exchange_rates.py took 0.172 seconds
[2024-09-19T20:32:09.194+0000] {processor.py:186} INFO - Started process (PID=1179) to work on /opt/airflow/dags/live_exchange_rates.py
[2024-09-19T20:32:09.195+0000] {processor.py:914} INFO - Processing file /opt/airflow/dags/live_exchange_rates.py for tasks to queue
[2024-09-19T20:32:09.198+0000] {logging_mixin.py:190} INFO - [2024-09-19T20:32:09.197+0000] {dagbag.py:587} INFO - Filling up the DagBag from /opt/airflow/dags/live_exchange_rates.py
[2024-09-19T20:32:09.231+0000] {processor.py:925} INFO - DAG(s) 'live_exchange_rates' retrieved from /opt/airflow/dags/live_exchange_rates.py
[2024-09-19T20:32:09.262+0000] {logging_mixin.py:190} INFO - [2024-09-19T20:32:09.262+0000] {dag.py:3229} INFO - Sync 1 DAGs
[2024-09-19T20:32:09.295+0000] {logging_mixin.py:190} INFO - [2024-09-19T20:32:09.295+0000] {dag.py:4156} INFO - Setting next_dagrun for live_exchange_rates to 2024-09-18 21:00:00+00:00, run_after=2024-09-19 21:00:00+00:00
[2024-09-19T20:32:09.358+0000] {processor.py:208} INFO - Processing /opt/airflow/dags/live_exchange_rates.py took 0.170 seconds
[2024-09-19T20:32:39.868+0000] {processor.py:186} INFO - Started process (PID=1183) to work on /opt/airflow/dags/live_exchange_rates.py
[2024-09-19T20:32:39.869+0000] {processor.py:914} INFO - Processing file /opt/airflow/dags/live_exchange_rates.py for tasks to queue
[2024-09-19T20:32:39.871+0000] {logging_mixin.py:190} INFO - [2024-09-19T20:32:39.871+0000] {dagbag.py:587} INFO - Filling up the DagBag from /opt/airflow/dags/live_exchange_rates.py
[2024-09-19T20:32:39.909+0000] {processor.py:925} INFO - DAG(s) 'live_exchange_rates' retrieved from /opt/airflow/dags/live_exchange_rates.py
[2024-09-19T20:32:39.947+0000] {logging_mixin.py:190} INFO - [2024-09-19T20:32:39.947+0000] {dag.py:3229} INFO - Sync 1 DAGs
[2024-09-19T20:32:39.986+0000] {logging_mixin.py:190} INFO - [2024-09-19T20:32:39.985+0000] {dag.py:4156} INFO - Setting next_dagrun for live_exchange_rates to 2024-09-18 21:00:00+00:00, run_after=2024-09-19 21:00:00+00:00
[2024-09-19T20:32:40.074+0000] {processor.py:208} INFO - Processing /opt/airflow/dags/live_exchange_rates.py took 0.213 seconds
[2024-09-19T20:33:10.249+0000] {processor.py:186} INFO - Started process (PID=1187) to work on /opt/airflow/dags/live_exchange_rates.py
[2024-09-19T20:33:10.250+0000] {processor.py:914} INFO - Processing file /opt/airflow/dags/live_exchange_rates.py for tasks to queue
[2024-09-19T20:33:10.252+0000] {logging_mixin.py:190} INFO - [2024-09-19T20:33:10.251+0000] {dagbag.py:587} INFO - Filling up the DagBag from /opt/airflow/dags/live_exchange_rates.py
[2024-09-19T20:33:10.285+0000] {processor.py:925} INFO - DAG(s) 'live_exchange_rates' retrieved from /opt/airflow/dags/live_exchange_rates.py
[2024-09-19T20:33:10.326+0000] {logging_mixin.py:190} INFO - [2024-09-19T20:33:10.326+0000] {dag.py:3229} INFO - Sync 1 DAGs
[2024-09-19T20:33:10.364+0000] {logging_mixin.py:190} INFO - [2024-09-19T20:33:10.364+0000] {dag.py:4156} INFO - Setting next_dagrun for live_exchange_rates to 2024-09-18 21:00:00+00:00, run_after=2024-09-19 21:00:00+00:00
[2024-09-19T20:33:10.609+0000] {processor.py:208} INFO - Processing /opt/airflow/dags/live_exchange_rates.py took 0.366 seconds
[2024-09-19T20:33:40.992+0000] {processor.py:186} INFO - Started process (PID=1191) to work on /opt/airflow/dags/live_exchange_rates.py
[2024-09-19T20:33:40.993+0000] {processor.py:914} INFO - Processing file /opt/airflow/dags/live_exchange_rates.py for tasks to queue
[2024-09-19T20:33:40.995+0000] {logging_mixin.py:190} INFO - [2024-09-19T20:33:40.995+0000] {dagbag.py:587} INFO - Filling up the DagBag from /opt/airflow/dags/live_exchange_rates.py
[2024-09-19T20:33:41.026+0000] {processor.py:925} INFO - DAG(s) 'live_exchange_rates' retrieved from /opt/airflow/dags/live_exchange_rates.py
[2024-09-19T20:33:41.057+0000] {logging_mixin.py:190} INFO - [2024-09-19T20:33:41.057+0000] {dag.py:3229} INFO - Sync 1 DAGs
[2024-09-19T20:33:41.087+0000] {logging_mixin.py:190} INFO - [2024-09-19T20:33:41.086+0000] {dag.py:4156} INFO - Setting next_dagrun for live_exchange_rates to 2024-09-18 21:00:00+00:00, run_after=2024-09-19 21:00:00+00:00
[2024-09-19T20:33:41.327+0000] {processor.py:208} INFO - Processing /opt/airflow/dags/live_exchange_rates.py took 0.341 seconds
[2024-09-19T20:34:11.960+0000] {processor.py:186} INFO - Started process (PID=1195) to work on /opt/airflow/dags/live_exchange_rates.py
[2024-09-19T20:34:11.961+0000] {processor.py:914} INFO - Processing file /opt/airflow/dags/live_exchange_rates.py for tasks to queue
[2024-09-19T20:34:11.963+0000] {logging_mixin.py:190} INFO - [2024-09-19T20:34:11.963+0000] {dagbag.py:587} INFO - Filling up the DagBag from /opt/airflow/dags/live_exchange_rates.py
[2024-09-19T20:34:11.999+0000] {processor.py:925} INFO - DAG(s) 'live_exchange_rates' retrieved from /opt/airflow/dags/live_exchange_rates.py
[2024-09-19T20:34:12.035+0000] {logging_mixin.py:190} INFO - [2024-09-19T20:34:12.034+0000] {dag.py:3229} INFO - Sync 1 DAGs
[2024-09-19T20:34:12.313+0000] {logging_mixin.py:190} INFO - [2024-09-19T20:34:12.312+0000] {dag.py:4156} INFO - Setting next_dagrun for live_exchange_rates to 2024-09-18 21:00:00+00:00, run_after=2024-09-19 21:00:00+00:00
[2024-09-19T20:34:12.387+0000] {processor.py:208} INFO - Processing /opt/airflow/dags/live_exchange_rates.py took 0.434 seconds
[2024-09-19T20:34:42.812+0000] {processor.py:186} INFO - Started process (PID=1199) to work on /opt/airflow/dags/live_exchange_rates.py
[2024-09-19T20:34:42.813+0000] {processor.py:914} INFO - Processing file /opt/airflow/dags/live_exchange_rates.py for tasks to queue
[2024-09-19T20:34:42.815+0000] {logging_mixin.py:190} INFO - [2024-09-19T20:34:42.814+0000] {dagbag.py:587} INFO - Filling up the DagBag from /opt/airflow/dags/live_exchange_rates.py
[2024-09-19T20:34:42.847+0000] {processor.py:925} INFO - DAG(s) 'live_exchange_rates' retrieved from /opt/airflow/dags/live_exchange_rates.py
[2024-09-19T20:34:42.879+0000] {logging_mixin.py:190} INFO - [2024-09-19T20:34:42.878+0000] {dag.py:3229} INFO - Sync 1 DAGs
[2024-09-19T20:34:43.094+0000] {logging_mixin.py:190} INFO - [2024-09-19T20:34:43.094+0000] {dag.py:4156} INFO - Setting next_dagrun for live_exchange_rates to 2024-09-18 21:00:00+00:00, run_after=2024-09-19 21:00:00+00:00
[2024-09-19T20:34:43.166+0000] {processor.py:208} INFO - Processing /opt/airflow/dags/live_exchange_rates.py took 0.359 seconds
[2024-09-19T20:35:13.638+0000] {processor.py:186} INFO - Started process (PID=1203) to work on /opt/airflow/dags/live_exchange_rates.py
[2024-09-19T20:35:13.640+0000] {processor.py:914} INFO - Processing file /opt/airflow/dags/live_exchange_rates.py for tasks to queue
[2024-09-19T20:35:13.641+0000] {logging_mixin.py:190} INFO - [2024-09-19T20:35:13.641+0000] {dagbag.py:587} INFO - Filling up the DagBag from /opt/airflow/dags/live_exchange_rates.py
[2024-09-19T20:35:13.676+0000] {processor.py:925} INFO - DAG(s) 'live_exchange_rates' retrieved from /opt/airflow/dags/live_exchange_rates.py
[2024-09-19T20:35:13.876+0000] {logging_mixin.py:190} INFO - [2024-09-19T20:35:13.876+0000] {dag.py:3229} INFO - Sync 1 DAGs
[2024-09-19T20:35:13.918+0000] {logging_mixin.py:190} INFO - [2024-09-19T20:35:13.918+0000] {dag.py:4156} INFO - Setting next_dagrun for live_exchange_rates to 2024-09-18 21:00:00+00:00, run_after=2024-09-19 21:00:00+00:00
[2024-09-19T20:35:13.979+0000] {processor.py:208} INFO - Processing /opt/airflow/dags/live_exchange_rates.py took 0.347 seconds
[2024-09-19T20:35:44.624+0000] {processor.py:186} INFO - Started process (PID=1207) to work on /opt/airflow/dags/live_exchange_rates.py
[2024-09-19T20:35:44.625+0000] {processor.py:914} INFO - Processing file /opt/airflow/dags/live_exchange_rates.py for tasks to queue
[2024-09-19T20:35:44.627+0000] {logging_mixin.py:190} INFO - [2024-09-19T20:35:44.626+0000] {dagbag.py:587} INFO - Filling up the DagBag from /opt/airflow/dags/live_exchange_rates.py
[2024-09-19T20:35:44.659+0000] {processor.py:925} INFO - DAG(s) 'live_exchange_rates' retrieved from /opt/airflow/dags/live_exchange_rates.py
[2024-09-19T20:35:44.695+0000] {logging_mixin.py:190} INFO - [2024-09-19T20:35:44.695+0000] {dag.py:3229} INFO - Sync 1 DAGs
[2024-09-19T20:35:44.748+0000] {logging_mixin.py:190} INFO - [2024-09-19T20:35:44.747+0000] {dag.py:4156} INFO - Setting next_dagrun for live_exchange_rates to 2024-09-18 21:00:00+00:00, run_after=2024-09-19 21:00:00+00:00
[2024-09-19T20:35:44.831+0000] {processor.py:208} INFO - Processing /opt/airflow/dags/live_exchange_rates.py took 0.214 seconds
[2024-09-19T20:36:15.392+0000] {processor.py:186} INFO - Started process (PID=1211) to work on /opt/airflow/dags/live_exchange_rates.py
[2024-09-19T20:36:15.393+0000] {processor.py:914} INFO - Processing file /opt/airflow/dags/live_exchange_rates.py for tasks to queue
[2024-09-19T20:36:15.395+0000] {logging_mixin.py:190} INFO - [2024-09-19T20:36:15.394+0000] {dagbag.py:587} INFO - Filling up the DagBag from /opt/airflow/dags/live_exchange_rates.py
[2024-09-19T20:36:15.430+0000] {processor.py:925} INFO - DAG(s) 'live_exchange_rates' retrieved from /opt/airflow/dags/live_exchange_rates.py
[2024-09-19T20:36:15.464+0000] {logging_mixin.py:190} INFO - [2024-09-19T20:36:15.464+0000] {dag.py:3229} INFO - Sync 1 DAGs
[2024-09-19T20:36:15.504+0000] {logging_mixin.py:190} INFO - [2024-09-19T20:36:15.504+0000] {dag.py:4156} INFO - Setting next_dagrun for live_exchange_rates to 2024-09-18 21:00:00+00:00, run_after=2024-09-19 21:00:00+00:00
[2024-09-19T20:36:15.578+0000] {processor.py:208} INFO - Processing /opt/airflow/dags/live_exchange_rates.py took 0.192 seconds
[2024-09-19T20:36:46.077+0000] {processor.py:186} INFO - Started process (PID=1215) to work on /opt/airflow/dags/live_exchange_rates.py
[2024-09-19T20:36:46.078+0000] {processor.py:914} INFO - Processing file /opt/airflow/dags/live_exchange_rates.py for tasks to queue
[2024-09-19T20:36:46.080+0000] {logging_mixin.py:190} INFO - [2024-09-19T20:36:46.079+0000] {dagbag.py:587} INFO - Filling up the DagBag from /opt/airflow/dags/live_exchange_rates.py
[2024-09-19T20:36:46.118+0000] {processor.py:925} INFO - DAG(s) 'live_exchange_rates' retrieved from /opt/airflow/dags/live_exchange_rates.py
[2024-09-19T20:36:46.154+0000] {logging_mixin.py:190} INFO - [2024-09-19T20:36:46.154+0000] {dag.py:3229} INFO - Sync 1 DAGs
[2024-09-19T20:36:46.188+0000] {logging_mixin.py:190} INFO - [2024-09-19T20:36:46.187+0000] {dag.py:4156} INFO - Setting next_dagrun for live_exchange_rates to 2024-09-18 21:00:00+00:00, run_after=2024-09-19 21:00:00+00:00
[2024-09-19T20:36:46.248+0000] {processor.py:208} INFO - Processing /opt/airflow/dags/live_exchange_rates.py took 0.179 seconds
[2024-09-19T20:37:16.338+0000] {processor.py:186} INFO - Started process (PID=1219) to work on /opt/airflow/dags/live_exchange_rates.py
[2024-09-19T20:37:16.339+0000] {processor.py:914} INFO - Processing file /opt/airflow/dags/live_exchange_rates.py for tasks to queue
[2024-09-19T20:37:16.342+0000] {logging_mixin.py:190} INFO - [2024-09-19T20:37:16.341+0000] {dagbag.py:587} INFO - Filling up the DagBag from /opt/airflow/dags/live_exchange_rates.py
[2024-09-19T20:37:16.374+0000] {processor.py:925} INFO - DAG(s) 'live_exchange_rates' retrieved from /opt/airflow/dags/live_exchange_rates.py
[2024-09-19T20:37:16.411+0000] {logging_mixin.py:190} INFO - [2024-09-19T20:37:16.410+0000] {dag.py:3229} INFO - Sync 1 DAGs
[2024-09-19T20:37:16.446+0000] {logging_mixin.py:190} INFO - [2024-09-19T20:37:16.445+0000] {dag.py:4156} INFO - Setting next_dagrun for live_exchange_rates to 2024-09-18 21:00:00+00:00, run_after=2024-09-19 21:00:00+00:00
[2024-09-19T20:37:16.524+0000] {processor.py:208} INFO - Processing /opt/airflow/dags/live_exchange_rates.py took 0.191 seconds
[2024-09-19T20:37:47.005+0000] {processor.py:186} INFO - Started process (PID=1223) to work on /opt/airflow/dags/live_exchange_rates.py
[2024-09-19T20:37:47.006+0000] {processor.py:914} INFO - Processing file /opt/airflow/dags/live_exchange_rates.py for tasks to queue
[2024-09-19T20:37:47.008+0000] {logging_mixin.py:190} INFO - [2024-09-19T20:37:47.008+0000] {dagbag.py:587} INFO - Filling up the DagBag from /opt/airflow/dags/live_exchange_rates.py
[2024-09-19T20:37:47.043+0000] {processor.py:925} INFO - DAG(s) 'live_exchange_rates' retrieved from /opt/airflow/dags/live_exchange_rates.py
[2024-09-19T20:37:47.076+0000] {logging_mixin.py:190} INFO - [2024-09-19T20:37:47.076+0000] {dag.py:3229} INFO - Sync 1 DAGs
[2024-09-19T20:37:47.108+0000] {logging_mixin.py:190} INFO - [2024-09-19T20:37:47.108+0000] {dag.py:4156} INFO - Setting next_dagrun for live_exchange_rates to 2024-09-18 21:00:00+00:00, run_after=2024-09-19 21:00:00+00:00
[2024-09-19T20:37:47.165+0000] {processor.py:208} INFO - Processing /opt/airflow/dags/live_exchange_rates.py took 0.167 seconds
[2024-09-19T20:38:17.746+0000] {processor.py:186} INFO - Started process (PID=1227) to work on /opt/airflow/dags/live_exchange_rates.py
[2024-09-19T20:38:17.748+0000] {processor.py:914} INFO - Processing file /opt/airflow/dags/live_exchange_rates.py for tasks to queue
[2024-09-19T20:38:17.750+0000] {logging_mixin.py:190} INFO - [2024-09-19T20:38:17.749+0000] {dagbag.py:587} INFO - Filling up the DagBag from /opt/airflow/dags/live_exchange_rates.py
[2024-09-19T20:38:17.781+0000] {processor.py:925} INFO - DAG(s) 'live_exchange_rates' retrieved from /opt/airflow/dags/live_exchange_rates.py
[2024-09-19T20:38:17.816+0000] {logging_mixin.py:190} INFO - [2024-09-19T20:38:17.815+0000] {dag.py:3229} INFO - Sync 1 DAGs
[2024-09-19T20:38:17.849+0000] {logging_mixin.py:190} INFO - [2024-09-19T20:38:17.848+0000] {dag.py:4156} INFO - Setting next_dagrun for live_exchange_rates to 2024-09-18 21:00:00+00:00, run_after=2024-09-19 21:00:00+00:00
[2024-09-19T20:38:18.059+0000] {processor.py:208} INFO - Processing /opt/airflow/dags/live_exchange_rates.py took 0.321 seconds
[2024-09-19T20:38:48.610+0000] {processor.py:186} INFO - Started process (PID=1231) to work on /opt/airflow/dags/live_exchange_rates.py
[2024-09-19T20:38:48.611+0000] {processor.py:914} INFO - Processing file /opt/airflow/dags/live_exchange_rates.py for tasks to queue
[2024-09-19T20:38:48.613+0000] {logging_mixin.py:190} INFO - [2024-09-19T20:38:48.612+0000] {dagbag.py:587} INFO - Filling up the DagBag from /opt/airflow/dags/live_exchange_rates.py
[2024-09-19T20:38:48.649+0000] {processor.py:925} INFO - DAG(s) 'live_exchange_rates' retrieved from /opt/airflow/dags/live_exchange_rates.py
[2024-09-19T20:38:48.681+0000] {logging_mixin.py:190} INFO - [2024-09-19T20:38:48.681+0000] {dag.py:3229} INFO - Sync 1 DAGs
[2024-09-19T20:38:48.870+0000] {logging_mixin.py:190} INFO - [2024-09-19T20:38:48.870+0000] {dag.py:4156} INFO - Setting next_dagrun for live_exchange_rates to 2024-09-18 21:00:00+00:00, run_after=2024-09-19 21:00:00+00:00
[2024-09-19T20:38:48.935+0000] {processor.py:208} INFO - Processing /opt/airflow/dags/live_exchange_rates.py took 0.333 seconds
[2024-09-19T20:39:19.620+0000] {processor.py:186} INFO - Started process (PID=1235) to work on /opt/airflow/dags/live_exchange_rates.py
[2024-09-19T20:39:19.622+0000] {processor.py:914} INFO - Processing file /opt/airflow/dags/live_exchange_rates.py for tasks to queue
[2024-09-19T20:39:19.624+0000] {logging_mixin.py:190} INFO - [2024-09-19T20:39:19.624+0000] {dagbag.py:587} INFO - Filling up the DagBag from /opt/airflow/dags/live_exchange_rates.py
[2024-09-19T20:39:19.660+0000] {processor.py:925} INFO - DAG(s) 'live_exchange_rates' retrieved from /opt/airflow/dags/live_exchange_rates.py
[2024-09-19T20:39:19.696+0000] {logging_mixin.py:190} INFO - [2024-09-19T20:39:19.696+0000] {dag.py:3229} INFO - Sync 1 DAGs
[2024-09-19T20:39:19.913+0000] {logging_mixin.py:190} INFO - [2024-09-19T20:39:19.912+0000] {dag.py:4156} INFO - Setting next_dagrun for live_exchange_rates to 2024-09-18 21:00:00+00:00, run_after=2024-09-19 21:00:00+00:00
[2024-09-19T20:39:20.020+0000] {processor.py:208} INFO - Processing /opt/airflow/dags/live_exchange_rates.py took 0.408 seconds
[2024-09-19T20:39:50.485+0000] {processor.py:186} INFO - Started process (PID=1240) to work on /opt/airflow/dags/live_exchange_rates.py
[2024-09-19T20:39:50.486+0000] {processor.py:914} INFO - Processing file /opt/airflow/dags/live_exchange_rates.py for tasks to queue
[2024-09-19T20:39:50.488+0000] {logging_mixin.py:190} INFO - [2024-09-19T20:39:50.487+0000] {dagbag.py:587} INFO - Filling up the DagBag from /opt/airflow/dags/live_exchange_rates.py
[2024-09-19T20:39:50.520+0000] {processor.py:925} INFO - DAG(s) 'live_exchange_rates' retrieved from /opt/airflow/dags/live_exchange_rates.py
[2024-09-19T20:39:50.553+0000] {logging_mixin.py:190} INFO - [2024-09-19T20:39:50.553+0000] {dag.py:3229} INFO - Sync 1 DAGs
[2024-09-19T20:39:50.735+0000] {logging_mixin.py:190} INFO - [2024-09-19T20:39:50.734+0000] {dag.py:4156} INFO - Setting next_dagrun for live_exchange_rates to 2024-09-18 21:00:00+00:00, run_after=2024-09-19 21:00:00+00:00
[2024-09-19T20:39:50.790+0000] {processor.py:208} INFO - Processing /opt/airflow/dags/live_exchange_rates.py took 0.312 seconds
[2024-09-19T20:40:21.340+0000] {processor.py:186} INFO - Started process (PID=1244) to work on /opt/airflow/dags/live_exchange_rates.py
[2024-09-19T20:40:21.341+0000] {processor.py:914} INFO - Processing file /opt/airflow/dags/live_exchange_rates.py for tasks to queue
[2024-09-19T20:40:21.343+0000] {logging_mixin.py:190} INFO - [2024-09-19T20:40:21.342+0000] {dagbag.py:587} INFO - Filling up the DagBag from /opt/airflow/dags/live_exchange_rates.py
[2024-09-19T20:40:21.375+0000] {processor.py:925} INFO - DAG(s) 'live_exchange_rates' retrieved from /opt/airflow/dags/live_exchange_rates.py
[2024-09-19T20:40:21.566+0000] {logging_mixin.py:190} INFO - [2024-09-19T20:40:21.565+0000] {dag.py:3229} INFO - Sync 1 DAGs
[2024-09-19T20:40:21.594+0000] {logging_mixin.py:190} INFO - [2024-09-19T20:40:21.593+0000] {dag.py:4156} INFO - Setting next_dagrun for live_exchange_rates to 2024-09-18 21:00:00+00:00, run_after=2024-09-19 21:00:00+00:00
[2024-09-19T20:40:21.654+0000] {processor.py:208} INFO - Processing /opt/airflow/dags/live_exchange_rates.py took 0.321 seconds
[2024-09-19T20:40:52.249+0000] {processor.py:186} INFO - Started process (PID=1248) to work on /opt/airflow/dags/live_exchange_rates.py
[2024-09-19T20:40:52.250+0000] {processor.py:914} INFO - Processing file /opt/airflow/dags/live_exchange_rates.py for tasks to queue
[2024-09-19T20:40:52.252+0000] {logging_mixin.py:190} INFO - [2024-09-19T20:40:52.251+0000] {dagbag.py:587} INFO - Filling up the DagBag from /opt/airflow/dags/live_exchange_rates.py
[2024-09-19T20:40:52.282+0000] {processor.py:925} INFO - DAG(s) 'live_exchange_rates' retrieved from /opt/airflow/dags/live_exchange_rates.py
[2024-09-19T20:40:52.313+0000] {logging_mixin.py:190} INFO - [2024-09-19T20:40:52.312+0000] {dag.py:3229} INFO - Sync 1 DAGs
[2024-09-19T20:40:52.343+0000] {logging_mixin.py:190} INFO - [2024-09-19T20:40:52.343+0000] {dag.py:4156} INFO - Setting next_dagrun for live_exchange_rates to 2024-09-18 21:00:00+00:00, run_after=2024-09-19 21:00:00+00:00
[2024-09-19T20:40:52.403+0000] {processor.py:208} INFO - Processing /opt/airflow/dags/live_exchange_rates.py took 0.160 seconds
[2024-09-19T20:41:22.935+0000] {processor.py:186} INFO - Started process (PID=1252) to work on /opt/airflow/dags/live_exchange_rates.py
[2024-09-19T20:41:22.936+0000] {processor.py:914} INFO - Processing file /opt/airflow/dags/live_exchange_rates.py for tasks to queue
[2024-09-19T20:41:22.938+0000] {logging_mixin.py:190} INFO - [2024-09-19T20:41:22.937+0000] {dagbag.py:587} INFO - Filling up the DagBag from /opt/airflow/dags/live_exchange_rates.py
[2024-09-19T20:41:22.970+0000] {processor.py:925} INFO - DAG(s) 'live_exchange_rates' retrieved from /opt/airflow/dags/live_exchange_rates.py
[2024-09-19T20:41:23.002+0000] {logging_mixin.py:190} INFO - [2024-09-19T20:41:23.002+0000] {dag.py:3229} INFO - Sync 1 DAGs
[2024-09-19T20:41:23.040+0000] {logging_mixin.py:190} INFO - [2024-09-19T20:41:23.040+0000] {dag.py:4156} INFO - Setting next_dagrun for live_exchange_rates to 2024-09-18 21:00:00+00:00, run_after=2024-09-19 21:00:00+00:00
[2024-09-19T20:41:23.119+0000] {processor.py:208} INFO - Processing /opt/airflow/dags/live_exchange_rates.py took 0.190 seconds
[2024-09-19T20:41:53.755+0000] {processor.py:186} INFO - Started process (PID=1256) to work on /opt/airflow/dags/live_exchange_rates.py
[2024-09-19T20:41:53.757+0000] {processor.py:914} INFO - Processing file /opt/airflow/dags/live_exchange_rates.py for tasks to queue
[2024-09-19T20:41:53.758+0000] {logging_mixin.py:190} INFO - [2024-09-19T20:41:53.758+0000] {dagbag.py:587} INFO - Filling up the DagBag from /opt/airflow/dags/live_exchange_rates.py
[2024-09-19T20:41:53.792+0000] {processor.py:925} INFO - DAG(s) 'live_exchange_rates' retrieved from /opt/airflow/dags/live_exchange_rates.py
[2024-09-19T20:41:53.827+0000] {logging_mixin.py:190} INFO - [2024-09-19T20:41:53.827+0000] {dag.py:3229} INFO - Sync 1 DAGs
[2024-09-19T20:41:53.869+0000] {logging_mixin.py:190} INFO - [2024-09-19T20:41:53.868+0000] {dag.py:4156} INFO - Setting next_dagrun for live_exchange_rates to 2024-09-18 21:00:00+00:00, run_after=2024-09-19 21:00:00+00:00
[2024-09-19T20:41:53.924+0000] {processor.py:208} INFO - Processing /opt/airflow/dags/live_exchange_rates.py took 0.175 seconds
[2024-09-19T20:42:24.427+0000] {processor.py:186} INFO - Started process (PID=1260) to work on /opt/airflow/dags/live_exchange_rates.py
[2024-09-19T20:42:24.428+0000] {processor.py:914} INFO - Processing file /opt/airflow/dags/live_exchange_rates.py for tasks to queue
[2024-09-19T20:42:24.430+0000] {logging_mixin.py:190} INFO - [2024-09-19T20:42:24.429+0000] {dagbag.py:587} INFO - Filling up the DagBag from /opt/airflow/dags/live_exchange_rates.py
[2024-09-19T20:42:24.459+0000] {processor.py:925} INFO - DAG(s) 'live_exchange_rates' retrieved from /opt/airflow/dags/live_exchange_rates.py
[2024-09-19T20:42:24.489+0000] {logging_mixin.py:190} INFO - [2024-09-19T20:42:24.489+0000] {dag.py:3229} INFO - Sync 1 DAGs
[2024-09-19T20:42:24.520+0000] {logging_mixin.py:190} INFO - [2024-09-19T20:42:24.519+0000] {dag.py:4156} INFO - Setting next_dagrun for live_exchange_rates to 2024-09-18 21:00:00+00:00, run_after=2024-09-19 21:00:00+00:00
[2024-09-19T20:42:24.581+0000] {processor.py:208} INFO - Processing /opt/airflow/dags/live_exchange_rates.py took 0.160 seconds
[2024-09-19T20:42:55.092+0000] {processor.py:186} INFO - Started process (PID=1264) to work on /opt/airflow/dags/live_exchange_rates.py
[2024-09-19T20:42:55.093+0000] {processor.py:914} INFO - Processing file /opt/airflow/dags/live_exchange_rates.py for tasks to queue
[2024-09-19T20:42:55.095+0000] {logging_mixin.py:190} INFO - [2024-09-19T20:42:55.094+0000] {dagbag.py:587} INFO - Filling up the DagBag from /opt/airflow/dags/live_exchange_rates.py
[2024-09-19T20:42:55.131+0000] {processor.py:925} INFO - DAG(s) 'live_exchange_rates' retrieved from /opt/airflow/dags/live_exchange_rates.py
[2024-09-19T20:42:55.176+0000] {logging_mixin.py:190} INFO - [2024-09-19T20:42:55.175+0000] {dag.py:3229} INFO - Sync 1 DAGs
[2024-09-19T20:42:55.216+0000] {logging_mixin.py:190} INFO - [2024-09-19T20:42:55.215+0000] {dag.py:4156} INFO - Setting next_dagrun for live_exchange_rates to 2024-09-18 21:00:00+00:00, run_after=2024-09-19 21:00:00+00:00
[2024-09-19T20:42:55.466+0000] {processor.py:208} INFO - Processing /opt/airflow/dags/live_exchange_rates.py took 0.381 seconds
[2024-09-19T20:43:25.763+0000] {processor.py:186} INFO - Started process (PID=1268) to work on /opt/airflow/dags/live_exchange_rates.py
[2024-09-19T20:43:25.765+0000] {processor.py:914} INFO - Processing file /opt/airflow/dags/live_exchange_rates.py for tasks to queue
[2024-09-19T20:43:25.766+0000] {logging_mixin.py:190} INFO - [2024-09-19T20:43:25.766+0000] {dagbag.py:587} INFO - Filling up the DagBag from /opt/airflow/dags/live_exchange_rates.py
[2024-09-19T20:43:25.804+0000] {processor.py:925} INFO - DAG(s) 'live_exchange_rates' retrieved from /opt/airflow/dags/live_exchange_rates.py
[2024-09-19T20:43:25.840+0000] {logging_mixin.py:190} INFO - [2024-09-19T20:43:25.839+0000] {dag.py:3229} INFO - Sync 1 DAGs
[2024-09-19T20:43:26.025+0000] {logging_mixin.py:190} INFO - [2024-09-19T20:43:26.025+0000] {dag.py:4156} INFO - Setting next_dagrun for live_exchange_rates to 2024-09-18 21:00:00+00:00, run_after=2024-09-19 21:00:00+00:00
[2024-09-19T20:43:26.096+0000] {processor.py:208} INFO - Processing /opt/airflow/dags/live_exchange_rates.py took 0.339 seconds
[2024-09-19T20:43:56.226+0000] {processor.py:186} INFO - Started process (PID=1272) to work on /opt/airflow/dags/live_exchange_rates.py
[2024-09-19T20:43:56.227+0000] {processor.py:914} INFO - Processing file /opt/airflow/dags/live_exchange_rates.py for tasks to queue
[2024-09-19T20:43:56.229+0000] {logging_mixin.py:190} INFO - [2024-09-19T20:43:56.228+0000] {dagbag.py:587} INFO - Filling up the DagBag from /opt/airflow/dags/live_exchange_rates.py
[2024-09-19T20:43:56.264+0000] {processor.py:925} INFO - DAG(s) 'live_exchange_rates' retrieved from /opt/airflow/dags/live_exchange_rates.py
[2024-09-19T20:43:56.303+0000] {logging_mixin.py:190} INFO - [2024-09-19T20:43:56.302+0000] {dag.py:3229} INFO - Sync 1 DAGs
[2024-09-19T20:43:56.506+0000] {logging_mixin.py:190} INFO - [2024-09-19T20:43:56.506+0000] {dag.py:4156} INFO - Setting next_dagrun for live_exchange_rates to 2024-09-18 21:00:00+00:00, run_after=2024-09-19 21:00:00+00:00
[2024-09-19T20:43:56.568+0000] {processor.py:208} INFO - Processing /opt/airflow/dags/live_exchange_rates.py took 0.349 seconds
[2024-09-19T20:44:27.011+0000] {processor.py:186} INFO - Started process (PID=1276) to work on /opt/airflow/dags/live_exchange_rates.py
[2024-09-19T20:44:27.012+0000] {processor.py:914} INFO - Processing file /opt/airflow/dags/live_exchange_rates.py for tasks to queue
[2024-09-19T20:44:27.014+0000] {logging_mixin.py:190} INFO - [2024-09-19T20:44:27.013+0000] {dagbag.py:587} INFO - Filling up the DagBag from /opt/airflow/dags/live_exchange_rates.py
[2024-09-19T20:44:27.049+0000] {processor.py:925} INFO - DAG(s) 'live_exchange_rates' retrieved from /opt/airflow/dags/live_exchange_rates.py
[2024-09-19T20:44:27.086+0000] {logging_mixin.py:190} INFO - [2024-09-19T20:44:27.086+0000] {dag.py:3229} INFO - Sync 1 DAGs
[2024-09-19T20:44:27.278+0000] {logging_mixin.py:190} INFO - [2024-09-19T20:44:27.277+0000] {dag.py:4156} INFO - Setting next_dagrun for live_exchange_rates to 2024-09-18 21:00:00+00:00, run_after=2024-09-19 21:00:00+00:00
[2024-09-19T20:44:27.353+0000] {processor.py:208} INFO - Processing /opt/airflow/dags/live_exchange_rates.py took 0.350 seconds
[2024-09-19T20:44:58.047+0000] {processor.py:186} INFO - Started process (PID=1283) to work on /opt/airflow/dags/live_exchange_rates.py
[2024-09-19T20:44:58.048+0000] {processor.py:914} INFO - Processing file /opt/airflow/dags/live_exchange_rates.py for tasks to queue
[2024-09-19T20:44:58.049+0000] {logging_mixin.py:190} INFO - [2024-09-19T20:44:58.049+0000] {dagbag.py:587} INFO - Filling up the DagBag from /opt/airflow/dags/live_exchange_rates.py
[2024-09-19T20:44:58.084+0000] {processor.py:925} INFO - DAG(s) 'live_exchange_rates' retrieved from /opt/airflow/dags/live_exchange_rates.py
[2024-09-19T20:44:58.295+0000] {logging_mixin.py:190} INFO - [2024-09-19T20:44:58.295+0000] {dag.py:3229} INFO - Sync 1 DAGs
[2024-09-19T20:44:58.328+0000] {logging_mixin.py:190} INFO - [2024-09-19T20:44:58.327+0000] {dag.py:4156} INFO - Setting next_dagrun for live_exchange_rates to 2024-09-18 21:00:00+00:00, run_after=2024-09-19 21:00:00+00:00
[2024-09-19T20:44:58.381+0000] {processor.py:208} INFO - Processing /opt/airflow/dags/live_exchange_rates.py took 0.344 seconds
[2024-09-19T20:45:28.804+0000] {processor.py:186} INFO - Started process (PID=1287) to work on /opt/airflow/dags/live_exchange_rates.py
[2024-09-19T20:45:28.805+0000] {processor.py:914} INFO - Processing file /opt/airflow/dags/live_exchange_rates.py for tasks to queue
[2024-09-19T20:45:28.807+0000] {logging_mixin.py:190} INFO - [2024-09-19T20:45:28.807+0000] {dagbag.py:587} INFO - Filling up the DagBag from /opt/airflow/dags/live_exchange_rates.py
[2024-09-19T20:45:28.842+0000] {processor.py:925} INFO - DAG(s) 'live_exchange_rates' retrieved from /opt/airflow/dags/live_exchange_rates.py
[2024-09-19T20:45:28.875+0000] {logging_mixin.py:190} INFO - [2024-09-19T20:45:28.875+0000] {dag.py:3229} INFO - Sync 1 DAGs
[2024-09-19T20:45:28.908+0000] {logging_mixin.py:190} INFO - [2024-09-19T20:45:28.908+0000] {dag.py:4156} INFO - Setting next_dagrun for live_exchange_rates to 2024-09-18 21:00:00+00:00, run_after=2024-09-19 21:00:00+00:00
[2024-09-19T20:45:28.976+0000] {processor.py:208} INFO - Processing /opt/airflow/dags/live_exchange_rates.py took 0.179 seconds
[2024-09-19T20:45:59.124+0000] {processor.py:186} INFO - Started process (PID=1291) to work on /opt/airflow/dags/live_exchange_rates.py
[2024-09-19T20:45:59.125+0000] {processor.py:914} INFO - Processing file /opt/airflow/dags/live_exchange_rates.py for tasks to queue
[2024-09-19T20:45:59.126+0000] {logging_mixin.py:190} INFO - [2024-09-19T20:45:59.126+0000] {dagbag.py:587} INFO - Filling up the DagBag from /opt/airflow/dags/live_exchange_rates.py
[2024-09-19T20:45:59.158+0000] {processor.py:925} INFO - DAG(s) 'live_exchange_rates' retrieved from /opt/airflow/dags/live_exchange_rates.py
[2024-09-19T20:45:59.190+0000] {logging_mixin.py:190} INFO - [2024-09-19T20:45:59.190+0000] {dag.py:3229} INFO - Sync 1 DAGs
[2024-09-19T20:45:59.220+0000] {logging_mixin.py:190} INFO - [2024-09-19T20:45:59.220+0000] {dag.py:4156} INFO - Setting next_dagrun for live_exchange_rates to 2024-09-18 21:00:00+00:00, run_after=2024-09-19 21:00:00+00:00
[2024-09-19T20:45:59.282+0000] {processor.py:208} INFO - Processing /opt/airflow/dags/live_exchange_rates.py took 0.165 seconds
[2024-09-19T20:46:29.439+0000] {processor.py:186} INFO - Started process (PID=1295) to work on /opt/airflow/dags/live_exchange_rates.py
[2024-09-19T20:46:29.440+0000] {processor.py:914} INFO - Processing file /opt/airflow/dags/live_exchange_rates.py for tasks to queue
[2024-09-19T20:46:29.442+0000] {logging_mixin.py:190} INFO - [2024-09-19T20:46:29.442+0000] {dagbag.py:587} INFO - Filling up the DagBag from /opt/airflow/dags/live_exchange_rates.py
[2024-09-19T20:46:29.472+0000] {processor.py:925} INFO - DAG(s) 'live_exchange_rates' retrieved from /opt/airflow/dags/live_exchange_rates.py
[2024-09-19T20:46:29.510+0000] {logging_mixin.py:190} INFO - [2024-09-19T20:46:29.509+0000] {dag.py:3229} INFO - Sync 1 DAGs
[2024-09-19T20:46:29.549+0000] {logging_mixin.py:190} INFO - [2024-09-19T20:46:29.549+0000] {dag.py:4156} INFO - Setting next_dagrun for live_exchange_rates to 2024-09-18 21:00:00+00:00, run_after=2024-09-19 21:00:00+00:00
[2024-09-19T20:46:29.617+0000] {processor.py:208} INFO - Processing /opt/airflow/dags/live_exchange_rates.py took 0.185 seconds
[2024-09-19T20:47:00.355+0000] {processor.py:186} INFO - Started process (PID=1299) to work on /opt/airflow/dags/live_exchange_rates.py
[2024-09-19T20:47:00.357+0000] {processor.py:914} INFO - Processing file /opt/airflow/dags/live_exchange_rates.py for tasks to queue
[2024-09-19T20:47:00.359+0000] {logging_mixin.py:190} INFO - [2024-09-19T20:47:00.358+0000] {dagbag.py:587} INFO - Filling up the DagBag from /opt/airflow/dags/live_exchange_rates.py
[2024-09-19T20:47:00.391+0000] {processor.py:925} INFO - DAG(s) 'live_exchange_rates' retrieved from /opt/airflow/dags/live_exchange_rates.py
[2024-09-19T20:47:00.425+0000] {logging_mixin.py:190} INFO - [2024-09-19T20:47:00.424+0000] {dag.py:3229} INFO - Sync 1 DAGs
[2024-09-19T20:47:00.459+0000] {logging_mixin.py:190} INFO - [2024-09-19T20:47:00.459+0000] {dag.py:4156} INFO - Setting next_dagrun for live_exchange_rates to 2024-09-18 21:00:00+00:00, run_after=2024-09-19 21:00:00+00:00
[2024-09-19T20:47:00.532+0000] {processor.py:208} INFO - Processing /opt/airflow/dags/live_exchange_rates.py took 0.183 seconds
[2024-09-19T20:47:31.193+0000] {processor.py:186} INFO - Started process (PID=1303) to work on /opt/airflow/dags/live_exchange_rates.py
[2024-09-19T20:47:31.194+0000] {processor.py:914} INFO - Processing file /opt/airflow/dags/live_exchange_rates.py for tasks to queue
[2024-09-19T20:47:31.196+0000] {logging_mixin.py:190} INFO - [2024-09-19T20:47:31.195+0000] {dagbag.py:587} INFO - Filling up the DagBag from /opt/airflow/dags/live_exchange_rates.py
[2024-09-19T20:47:31.246+0000] {processor.py:925} INFO - DAG(s) 'live_exchange_rates' retrieved from /opt/airflow/dags/live_exchange_rates.py
[2024-09-19T20:47:31.291+0000] {logging_mixin.py:190} INFO - [2024-09-19T20:47:31.290+0000] {dag.py:3229} INFO - Sync 1 DAGs
[2024-09-19T20:47:31.334+0000] {logging_mixin.py:190} INFO - [2024-09-19T20:47:31.333+0000] {dag.py:4156} INFO - Setting next_dagrun for live_exchange_rates to 2024-09-18 21:00:00+00:00, run_after=2024-09-19 21:00:00+00:00
[2024-09-19T20:47:31.644+0000] {processor.py:208} INFO - Processing /opt/airflow/dags/live_exchange_rates.py took 0.458 seconds
[2024-09-19T20:48:01.964+0000] {processor.py:186} INFO - Started process (PID=1307) to work on /opt/airflow/dags/live_exchange_rates.py
[2024-09-19T20:48:01.966+0000] {processor.py:914} INFO - Processing file /opt/airflow/dags/live_exchange_rates.py for tasks to queue
[2024-09-19T20:48:01.967+0000] {logging_mixin.py:190} INFO - [2024-09-19T20:48:01.967+0000] {dagbag.py:587} INFO - Filling up the DagBag from /opt/airflow/dags/live_exchange_rates.py
[2024-09-19T20:48:02.008+0000] {processor.py:925} INFO - DAG(s) 'live_exchange_rates' retrieved from /opt/airflow/dags/live_exchange_rates.py
[2024-09-19T20:48:02.056+0000] {logging_mixin.py:190} INFO - [2024-09-19T20:48:02.055+0000] {dag.py:3229} INFO - Sync 1 DAGs
[2024-09-19T20:48:02.300+0000] {logging_mixin.py:190} INFO - [2024-09-19T20:48:02.300+0000] {dag.py:4156} INFO - Setting next_dagrun for live_exchange_rates to 2024-09-18 21:00:00+00:00, run_after=2024-09-19 21:00:00+00:00
[2024-09-19T20:48:02.406+0000] {processor.py:208} INFO - Processing /opt/airflow/dags/live_exchange_rates.py took 0.450 seconds
[2024-09-19T20:48:32.695+0000] {processor.py:186} INFO - Started process (PID=1311) to work on /opt/airflow/dags/live_exchange_rates.py
[2024-09-19T20:48:32.697+0000] {processor.py:914} INFO - Processing file /opt/airflow/dags/live_exchange_rates.py for tasks to queue
[2024-09-19T20:48:32.698+0000] {logging_mixin.py:190} INFO - [2024-09-19T20:48:32.698+0000] {dagbag.py:587} INFO - Filling up the DagBag from /opt/airflow/dags/live_exchange_rates.py
[2024-09-19T20:48:32.730+0000] {processor.py:925} INFO - DAG(s) 'live_exchange_rates' retrieved from /opt/airflow/dags/live_exchange_rates.py
[2024-09-19T20:48:32.764+0000] {logging_mixin.py:190} INFO - [2024-09-19T20:48:32.764+0000] {dag.py:3229} INFO - Sync 1 DAGs
[2024-09-19T20:48:32.947+0000] {logging_mixin.py:190} INFO - [2024-09-19T20:48:32.947+0000] {dag.py:4156} INFO - Setting next_dagrun for live_exchange_rates to 2024-09-18 21:00:00+00:00, run_after=2024-09-19 21:00:00+00:00
[2024-09-19T20:48:33.005+0000] {processor.py:208} INFO - Processing /opt/airflow/dags/live_exchange_rates.py took 0.315 seconds
[2024-09-19T20:49:03.390+0000] {processor.py:186} INFO - Started process (PID=1315) to work on /opt/airflow/dags/live_exchange_rates.py
[2024-09-19T20:49:03.391+0000] {processor.py:914} INFO - Processing file /opt/airflow/dags/live_exchange_rates.py for tasks to queue
[2024-09-19T20:49:03.392+0000] {logging_mixin.py:190} INFO - [2024-09-19T20:49:03.392+0000] {dagbag.py:587} INFO - Filling up the DagBag from /opt/airflow/dags/live_exchange_rates.py
[2024-09-19T20:49:03.423+0000] {processor.py:925} INFO - DAG(s) 'live_exchange_rates' retrieved from /opt/airflow/dags/live_exchange_rates.py
[2024-09-19T20:49:03.454+0000] {logging_mixin.py:190} INFO - [2024-09-19T20:49:03.454+0000] {dag.py:3229} INFO - Sync 1 DAGs
[2024-09-19T20:49:03.639+0000] {logging_mixin.py:190} INFO - [2024-09-19T20:49:03.639+0000] {dag.py:4156} INFO - Setting next_dagrun for live_exchange_rates to 2024-09-18 21:00:00+00:00, run_after=2024-09-19 21:00:00+00:00
[2024-09-19T20:49:03.702+0000] {processor.py:208} INFO - Processing /opt/airflow/dags/live_exchange_rates.py took 0.318 seconds
[2024-09-19T20:49:34.173+0000] {processor.py:186} INFO - Started process (PID=1319) to work on /opt/airflow/dags/live_exchange_rates.py
[2024-09-19T20:49:34.175+0000] {processor.py:914} INFO - Processing file /opt/airflow/dags/live_exchange_rates.py for tasks to queue
[2024-09-19T20:49:34.177+0000] {logging_mixin.py:190} INFO - [2024-09-19T20:49:34.177+0000] {dagbag.py:587} INFO - Filling up the DagBag from /opt/airflow/dags/live_exchange_rates.py
[2024-09-19T20:49:34.211+0000] {processor.py:925} INFO - DAG(s) 'live_exchange_rates' retrieved from /opt/airflow/dags/live_exchange_rates.py
[2024-09-19T20:49:34.448+0000] {logging_mixin.py:190} INFO - [2024-09-19T20:49:34.448+0000] {dag.py:3229} INFO - Sync 1 DAGs
[2024-09-19T20:49:34.482+0000] {logging_mixin.py:190} INFO - [2024-09-19T20:49:34.481+0000] {dag.py:4156} INFO - Setting next_dagrun for live_exchange_rates to 2024-09-18 21:00:00+00:00, run_after=2024-09-19 21:00:00+00:00
[2024-09-19T20:49:34.547+0000] {processor.py:208} INFO - Processing /opt/airflow/dags/live_exchange_rates.py took 0.381 seconds
