[2024-09-20T00:44:45.678+0000] {processor.py:186} INFO - Started process (PID=1724) to work on /opt/airflow/dags/empdata_s3_sf_process.py
[2024-09-20T00:44:45.680+0000] {processor.py:914} INFO - Processing file /opt/airflow/dags/empdata_s3_sf_process.py for tasks to queue
[2024-09-20T00:44:45.689+0000] {logging_mixin.py:190} INFO - [2024-09-20T00:44:45.686+0000] {dagbag.py:587} INFO - Filling up the DagBag from /opt/airflow/dags/empdata_s3_sf_process.py
[2024-09-20T00:44:45.743+0000] {processor.py:925} INFO - DAG(s) 's3_to_snowflake_dag' retrieved from /opt/airflow/dags/empdata_s3_sf_process.py
[2024-09-20T00:44:45.976+0000] {logging_mixin.py:190} INFO - [2024-09-20T00:44:45.975+0000] {override.py:1900} INFO - Created Permission View: can read on DAG:s3_to_snowflake_dag
[2024-09-20T00:44:46.027+0000] {logging_mixin.py:190} INFO - [2024-09-20T00:44:46.027+0000] {override.py:1900} INFO - Created Permission View: can edit on DAG:s3_to_snowflake_dag
[2024-09-20T00:44:46.075+0000] {logging_mixin.py:190} INFO - [2024-09-20T00:44:46.074+0000] {override.py:1900} INFO - Created Permission View: can delete on DAG:s3_to_snowflake_dag
[2024-09-20T00:44:46.143+0000] {logging_mixin.py:190} INFO - [2024-09-20T00:44:46.142+0000] {override.py:1900} INFO - Created Permission View: can read on DAG Run:s3_to_snowflake_dag
[2024-09-20T00:44:46.187+0000] {logging_mixin.py:190} INFO - [2024-09-20T00:44:46.186+0000] {override.py:1900} INFO - Created Permission View: can create on DAG Run:s3_to_snowflake_dag
[2024-09-20T00:44:46.233+0000] {logging_mixin.py:190} INFO - [2024-09-20T00:44:46.232+0000] {override.py:1900} INFO - Created Permission View: menu access on DAG Run:s3_to_snowflake_dag
[2024-09-20T00:44:46.278+0000] {logging_mixin.py:190} INFO - [2024-09-20T00:44:46.277+0000] {override.py:1900} INFO - Created Permission View: can delete on DAG Run:s3_to_snowflake_dag
[2024-09-20T00:44:46.279+0000] {logging_mixin.py:190} INFO - [2024-09-20T00:44:46.278+0000] {dag.py:3229} INFO - Sync 1 DAGs
[2024-09-20T00:44:46.316+0000] {logging_mixin.py:190} INFO - [2024-09-20T00:44:46.316+0000] {dag.py:3252} INFO - Creating ORM DAG for s3_to_snowflake_dag
[2024-09-20T00:44:46.347+0000] {logging_mixin.py:190} INFO - [2024-09-20T00:44:46.346+0000] {dag.py:4156} INFO - Setting next_dagrun for s3_to_snowflake_dag to 2024-09-19 23:00:00+00:00, run_after=2024-09-20 23:00:00+00:00
[2024-09-20T00:44:46.787+0000] {processor.py:208} INFO - Processing /opt/airflow/dags/empdata_s3_sf_process.py took 1.116 seconds
[2024-09-20T00:45:21.454+0000] {processor.py:186} INFO - Started process (PID=1745) to work on /opt/airflow/dags/empdata_s3_sf_process.py
[2024-09-20T00:45:21.455+0000] {processor.py:914} INFO - Processing file /opt/airflow/dags/empdata_s3_sf_process.py for tasks to queue
[2024-09-20T00:45:21.459+0000] {logging_mixin.py:190} INFO - [2024-09-20T00:45:21.458+0000] {dagbag.py:587} INFO - Filling up the DagBag from /opt/airflow/dags/empdata_s3_sf_process.py
[2024-09-20T00:45:21.486+0000] {processor.py:925} INFO - DAG(s) 's3_to_snowflake_dag' retrieved from /opt/airflow/dags/empdata_s3_sf_process.py
[2024-09-20T00:45:21.516+0000] {logging_mixin.py:190} INFO - [2024-09-20T00:45:21.515+0000] {dag.py:3229} INFO - Sync 1 DAGs
[2024-09-20T00:45:21.550+0000] {logging_mixin.py:190} INFO - [2024-09-20T00:45:21.550+0000] {dag.py:4156} INFO - Setting next_dagrun for s3_to_snowflake_dag to 2024-09-19 23:00:00+00:00, run_after=2024-09-20 23:00:00+00:00
[2024-09-20T00:45:21.611+0000] {processor.py:208} INFO - Processing /opt/airflow/dags/empdata_s3_sf_process.py took 0.163 seconds
[2024-09-20T00:45:52.420+0000] {processor.py:186} INFO - Started process (PID=1751) to work on /opt/airflow/dags/empdata_s3_sf_process.py
[2024-09-20T00:45:52.422+0000] {processor.py:914} INFO - Processing file /opt/airflow/dags/empdata_s3_sf_process.py for tasks to queue
[2024-09-20T00:45:52.427+0000] {logging_mixin.py:190} INFO - [2024-09-20T00:45:52.427+0000] {dagbag.py:587} INFO - Filling up the DagBag from /opt/airflow/dags/empdata_s3_sf_process.py
[2024-09-20T00:45:52.473+0000] {processor.py:925} INFO - DAG(s) 's3_to_snowflake_dag' retrieved from /opt/airflow/dags/empdata_s3_sf_process.py
[2024-09-20T00:45:52.534+0000] {logging_mixin.py:190} INFO - [2024-09-20T00:45:52.532+0000] {dag.py:3229} INFO - Sync 1 DAGs
[2024-09-20T00:45:52.585+0000] {logging_mixin.py:190} INFO - [2024-09-20T00:45:52.585+0000] {dag.py:4156} INFO - Setting next_dagrun for s3_to_snowflake_dag to 2024-09-19 23:00:00+00:00, run_after=2024-09-20 23:00:00+00:00
[2024-09-20T00:45:52.655+0000] {processor.py:208} INFO - Processing /opt/airflow/dags/empdata_s3_sf_process.py took 0.247 seconds
[2024-09-20T00:46:23.127+0000] {processor.py:186} INFO - Started process (PID=1757) to work on /opt/airflow/dags/empdata_s3_sf_process.py
[2024-09-20T00:46:23.128+0000] {processor.py:914} INFO - Processing file /opt/airflow/dags/empdata_s3_sf_process.py for tasks to queue
[2024-09-20T00:46:23.132+0000] {logging_mixin.py:190} INFO - [2024-09-20T00:46:23.131+0000] {dagbag.py:587} INFO - Filling up the DagBag from /opt/airflow/dags/empdata_s3_sf_process.py
[2024-09-20T00:46:23.162+0000] {processor.py:925} INFO - DAG(s) 's3_to_snowflake_dag' retrieved from /opt/airflow/dags/empdata_s3_sf_process.py
[2024-09-20T00:46:23.203+0000] {logging_mixin.py:190} INFO - [2024-09-20T00:46:23.202+0000] {dag.py:3229} INFO - Sync 1 DAGs
[2024-09-20T00:46:23.245+0000] {logging_mixin.py:190} INFO - [2024-09-20T00:46:23.244+0000] {dag.py:4156} INFO - Setting next_dagrun for s3_to_snowflake_dag to 2024-09-19 23:00:00+00:00, run_after=2024-09-20 23:00:00+00:00
[2024-09-20T00:46:23.311+0000] {processor.py:208} INFO - Processing /opt/airflow/dags/empdata_s3_sf_process.py took 0.192 seconds
[2024-09-20T00:46:53.491+0000] {processor.py:186} INFO - Started process (PID=1763) to work on /opt/airflow/dags/empdata_s3_sf_process.py
[2024-09-20T00:46:53.492+0000] {processor.py:914} INFO - Processing file /opt/airflow/dags/empdata_s3_sf_process.py for tasks to queue
[2024-09-20T00:46:53.496+0000] {logging_mixin.py:190} INFO - [2024-09-20T00:46:53.496+0000] {dagbag.py:587} INFO - Filling up the DagBag from /opt/airflow/dags/empdata_s3_sf_process.py
[2024-09-20T00:46:53.532+0000] {processor.py:925} INFO - DAG(s) 's3_to_snowflake_dag' retrieved from /opt/airflow/dags/empdata_s3_sf_process.py
[2024-09-20T00:46:53.576+0000] {logging_mixin.py:190} INFO - [2024-09-20T00:46:53.575+0000] {dag.py:3229} INFO - Sync 1 DAGs
[2024-09-20T00:46:53.612+0000] {logging_mixin.py:190} INFO - [2024-09-20T00:46:53.612+0000] {dag.py:4156} INFO - Setting next_dagrun for s3_to_snowflake_dag to 2024-09-19 23:00:00+00:00, run_after=2024-09-20 23:00:00+00:00
[2024-09-20T00:46:53.690+0000] {processor.py:208} INFO - Processing /opt/airflow/dags/empdata_s3_sf_process.py took 0.209 seconds
[2024-09-20T00:47:23.950+0000] {processor.py:186} INFO - Started process (PID=1769) to work on /opt/airflow/dags/empdata_s3_sf_process.py
[2024-09-20T00:47:23.951+0000] {processor.py:914} INFO - Processing file /opt/airflow/dags/empdata_s3_sf_process.py for tasks to queue
[2024-09-20T00:47:23.955+0000] {logging_mixin.py:190} INFO - [2024-09-20T00:47:23.955+0000] {dagbag.py:587} INFO - Filling up the DagBag from /opt/airflow/dags/empdata_s3_sf_process.py
[2024-09-20T00:47:23.982+0000] {processor.py:925} INFO - DAG(s) 's3_to_snowflake_dag' retrieved from /opt/airflow/dags/empdata_s3_sf_process.py
[2024-09-20T00:47:24.019+0000] {logging_mixin.py:190} INFO - [2024-09-20T00:47:24.018+0000] {dag.py:3229} INFO - Sync 1 DAGs
[2024-09-20T00:47:24.051+0000] {logging_mixin.py:190} INFO - [2024-09-20T00:47:24.051+0000] {dag.py:4156} INFO - Setting next_dagrun for s3_to_snowflake_dag to 2024-09-19 23:00:00+00:00, run_after=2024-09-20 23:00:00+00:00
[2024-09-20T00:47:24.113+0000] {processor.py:208} INFO - Processing /opt/airflow/dags/empdata_s3_sf_process.py took 0.169 seconds
[2024-09-20T00:47:54.340+0000] {processor.py:186} INFO - Started process (PID=1775) to work on /opt/airflow/dags/empdata_s3_sf_process.py
[2024-09-20T00:47:54.341+0000] {processor.py:914} INFO - Processing file /opt/airflow/dags/empdata_s3_sf_process.py for tasks to queue
[2024-09-20T00:47:54.346+0000] {logging_mixin.py:190} INFO - [2024-09-20T00:47:54.345+0000] {dagbag.py:587} INFO - Filling up the DagBag from /opt/airflow/dags/empdata_s3_sf_process.py
[2024-09-20T00:47:54.371+0000] {processor.py:925} INFO - DAG(s) 's3_to_snowflake_dag' retrieved from /opt/airflow/dags/empdata_s3_sf_process.py
[2024-09-20T00:47:54.401+0000] {logging_mixin.py:190} INFO - [2024-09-20T00:47:54.400+0000] {dag.py:3229} INFO - Sync 1 DAGs
[2024-09-20T00:47:54.437+0000] {logging_mixin.py:190} INFO - [2024-09-20T00:47:54.436+0000] {dag.py:4156} INFO - Setting next_dagrun for s3_to_snowflake_dag to 2024-09-19 23:00:00+00:00, run_after=2024-09-20 23:00:00+00:00
[2024-09-20T00:47:54.498+0000] {processor.py:208} INFO - Processing /opt/airflow/dags/empdata_s3_sf_process.py took 0.175 seconds
[2024-09-20T00:48:24.782+0000] {processor.py:186} INFO - Started process (PID=1781) to work on /opt/airflow/dags/empdata_s3_sf_process.py
[2024-09-20T00:48:24.784+0000] {processor.py:914} INFO - Processing file /opt/airflow/dags/empdata_s3_sf_process.py for tasks to queue
[2024-09-20T00:48:24.787+0000] {logging_mixin.py:190} INFO - [2024-09-20T00:48:24.786+0000] {dagbag.py:587} INFO - Filling up the DagBag from /opt/airflow/dags/empdata_s3_sf_process.py
[2024-09-20T00:48:24.823+0000] {processor.py:925} INFO - DAG(s) 's3_to_snowflake_dag' retrieved from /opt/airflow/dags/empdata_s3_sf_process.py
[2024-09-20T00:48:24.864+0000] {logging_mixin.py:190} INFO - [2024-09-20T00:48:24.863+0000] {dag.py:3229} INFO - Sync 1 DAGs
[2024-09-20T00:48:24.903+0000] {logging_mixin.py:190} INFO - [2024-09-20T00:48:24.902+0000] {dag.py:4156} INFO - Setting next_dagrun for s3_to_snowflake_dag to 2024-09-19 23:00:00+00:00, run_after=2024-09-20 23:00:00+00:00
[2024-09-20T00:48:24.974+0000] {processor.py:208} INFO - Processing /opt/airflow/dags/empdata_s3_sf_process.py took 0.202 seconds
[2024-09-20T00:48:55.389+0000] {processor.py:186} INFO - Started process (PID=1787) to work on /opt/airflow/dags/empdata_s3_sf_process.py
[2024-09-20T00:48:55.390+0000] {processor.py:914} INFO - Processing file /opt/airflow/dags/empdata_s3_sf_process.py for tasks to queue
[2024-09-20T00:48:55.394+0000] {logging_mixin.py:190} INFO - [2024-09-20T00:48:55.393+0000] {dagbag.py:587} INFO - Filling up the DagBag from /opt/airflow/dags/empdata_s3_sf_process.py
[2024-09-20T00:48:55.423+0000] {processor.py:925} INFO - DAG(s) 's3_to_snowflake_dag' retrieved from /opt/airflow/dags/empdata_s3_sf_process.py
[2024-09-20T00:48:55.456+0000] {logging_mixin.py:190} INFO - [2024-09-20T00:48:55.455+0000] {dag.py:3229} INFO - Sync 1 DAGs
[2024-09-20T00:48:55.489+0000] {logging_mixin.py:190} INFO - [2024-09-20T00:48:55.489+0000] {dag.py:4156} INFO - Setting next_dagrun for s3_to_snowflake_dag to 2024-09-19 23:00:00+00:00, run_after=2024-09-20 23:00:00+00:00
[2024-09-20T00:48:55.552+0000] {processor.py:208} INFO - Processing /opt/airflow/dags/empdata_s3_sf_process.py took 0.172 seconds
[2024-09-20T00:49:26.380+0000] {processor.py:186} INFO - Started process (PID=1793) to work on /opt/airflow/dags/empdata_s3_sf_process.py
[2024-09-20T00:49:26.382+0000] {processor.py:914} INFO - Processing file /opt/airflow/dags/empdata_s3_sf_process.py for tasks to queue
[2024-09-20T00:49:26.385+0000] {logging_mixin.py:190} INFO - [2024-09-20T00:49:26.384+0000] {dagbag.py:587} INFO - Filling up the DagBag from /opt/airflow/dags/empdata_s3_sf_process.py
[2024-09-20T00:49:26.410+0000] {processor.py:925} INFO - DAG(s) 's3_to_snowflake_dag' retrieved from /opt/airflow/dags/empdata_s3_sf_process.py
[2024-09-20T00:49:26.441+0000] {logging_mixin.py:190} INFO - [2024-09-20T00:49:26.440+0000] {dag.py:3229} INFO - Sync 1 DAGs
[2024-09-20T00:49:26.473+0000] {logging_mixin.py:190} INFO - [2024-09-20T00:49:26.473+0000] {dag.py:4156} INFO - Setting next_dagrun for s3_to_snowflake_dag to 2024-09-19 23:00:00+00:00, run_after=2024-09-20 23:00:00+00:00
[2024-09-20T00:49:26.535+0000] {processor.py:208} INFO - Processing /opt/airflow/dags/empdata_s3_sf_process.py took 0.161 seconds
[2024-09-20T00:49:57.363+0000] {processor.py:186} INFO - Started process (PID=1799) to work on /opt/airflow/dags/empdata_s3_sf_process.py
[2024-09-20T00:49:57.364+0000] {processor.py:914} INFO - Processing file /opt/airflow/dags/empdata_s3_sf_process.py for tasks to queue
[2024-09-20T00:49:57.367+0000] {logging_mixin.py:190} INFO - [2024-09-20T00:49:57.367+0000] {dagbag.py:587} INFO - Filling up the DagBag from /opt/airflow/dags/empdata_s3_sf_process.py
[2024-09-20T00:49:57.394+0000] {processor.py:925} INFO - DAG(s) 's3_to_snowflake_dag' retrieved from /opt/airflow/dags/empdata_s3_sf_process.py
[2024-09-20T00:49:57.425+0000] {logging_mixin.py:190} INFO - [2024-09-20T00:49:57.425+0000] {dag.py:3229} INFO - Sync 1 DAGs
[2024-09-20T00:49:57.459+0000] {logging_mixin.py:190} INFO - [2024-09-20T00:49:57.458+0000] {dag.py:4156} INFO - Setting next_dagrun for s3_to_snowflake_dag to 2024-09-19 23:00:00+00:00, run_after=2024-09-20 23:00:00+00:00
[2024-09-20T00:49:57.521+0000] {processor.py:208} INFO - Processing /opt/airflow/dags/empdata_s3_sf_process.py took 0.164 seconds
[2024-09-20T00:50:28.617+0000] {processor.py:186} INFO - Started process (PID=1805) to work on /opt/airflow/dags/empdata_s3_sf_process.py
[2024-09-20T00:50:28.619+0000] {processor.py:914} INFO - Processing file /opt/airflow/dags/empdata_s3_sf_process.py for tasks to queue
[2024-09-20T00:50:28.622+0000] {logging_mixin.py:190} INFO - [2024-09-20T00:50:28.622+0000] {dagbag.py:587} INFO - Filling up the DagBag from /opt/airflow/dags/empdata_s3_sf_process.py
[2024-09-20T00:50:28.653+0000] {processor.py:925} INFO - DAG(s) 's3_to_snowflake_dag' retrieved from /opt/airflow/dags/empdata_s3_sf_process.py
[2024-09-20T00:50:28.687+0000] {logging_mixin.py:190} INFO - [2024-09-20T00:50:28.687+0000] {dag.py:3229} INFO - Sync 1 DAGs
[2024-09-20T00:50:28.723+0000] {logging_mixin.py:190} INFO - [2024-09-20T00:50:28.723+0000] {dag.py:4156} INFO - Setting next_dagrun for s3_to_snowflake_dag to 2024-09-19 23:00:00+00:00, run_after=2024-09-20 23:00:00+00:00
[2024-09-20T00:50:28.789+0000] {processor.py:208} INFO - Processing /opt/airflow/dags/empdata_s3_sf_process.py took 0.179 seconds
[2024-09-20T00:50:59.694+0000] {processor.py:186} INFO - Started process (PID=1811) to work on /opt/airflow/dags/empdata_s3_sf_process.py
[2024-09-20T00:50:59.696+0000] {processor.py:914} INFO - Processing file /opt/airflow/dags/empdata_s3_sf_process.py for tasks to queue
[2024-09-20T00:50:59.700+0000] {logging_mixin.py:190} INFO - [2024-09-20T00:50:59.700+0000] {dagbag.py:587} INFO - Filling up the DagBag from /opt/airflow/dags/empdata_s3_sf_process.py
[2024-09-20T00:50:59.732+0000] {processor.py:925} INFO - DAG(s) 's3_to_snowflake_dag' retrieved from /opt/airflow/dags/empdata_s3_sf_process.py
[2024-09-20T00:50:59.767+0000] {logging_mixin.py:190} INFO - [2024-09-20T00:50:59.766+0000] {dag.py:3229} INFO - Sync 1 DAGs
[2024-09-20T00:50:59.803+0000] {logging_mixin.py:190} INFO - [2024-09-20T00:50:59.803+0000] {dag.py:4156} INFO - Setting next_dagrun for s3_to_snowflake_dag to 2024-09-19 23:00:00+00:00, run_after=2024-09-20 23:00:00+00:00
[2024-09-20T00:50:59.867+0000] {processor.py:208} INFO - Processing /opt/airflow/dags/empdata_s3_sf_process.py took 0.181 seconds
[2024-09-20T00:51:30.192+0000] {processor.py:186} INFO - Started process (PID=1817) to work on /opt/airflow/dags/empdata_s3_sf_process.py
[2024-09-20T00:51:30.193+0000] {processor.py:914} INFO - Processing file /opt/airflow/dags/empdata_s3_sf_process.py for tasks to queue
[2024-09-20T00:51:30.197+0000] {logging_mixin.py:190} INFO - [2024-09-20T00:51:30.197+0000] {dagbag.py:587} INFO - Filling up the DagBag from /opt/airflow/dags/empdata_s3_sf_process.py
[2024-09-20T00:51:30.232+0000] {processor.py:925} INFO - DAG(s) 's3_to_snowflake_dag' retrieved from /opt/airflow/dags/empdata_s3_sf_process.py
[2024-09-20T00:51:30.274+0000] {logging_mixin.py:190} INFO - [2024-09-20T00:51:30.273+0000] {dag.py:3229} INFO - Sync 1 DAGs
[2024-09-20T00:51:30.313+0000] {logging_mixin.py:190} INFO - [2024-09-20T00:51:30.313+0000] {dag.py:4156} INFO - Setting next_dagrun for s3_to_snowflake_dag to 2024-09-19 23:00:00+00:00, run_after=2024-09-20 23:00:00+00:00
[2024-09-20T00:51:30.379+0000] {processor.py:208} INFO - Processing /opt/airflow/dags/empdata_s3_sf_process.py took 0.197 seconds
[2024-09-20T00:52:00.702+0000] {processor.py:186} INFO - Started process (PID=1823) to work on /opt/airflow/dags/empdata_s3_sf_process.py
[2024-09-20T00:52:00.704+0000] {processor.py:914} INFO - Processing file /opt/airflow/dags/empdata_s3_sf_process.py for tasks to queue
[2024-09-20T00:52:00.708+0000] {logging_mixin.py:190} INFO - [2024-09-20T00:52:00.707+0000] {dagbag.py:587} INFO - Filling up the DagBag from /opt/airflow/dags/empdata_s3_sf_process.py
[2024-09-20T00:52:00.737+0000] {processor.py:925} INFO - DAG(s) 's3_to_snowflake_dag' retrieved from /opt/airflow/dags/empdata_s3_sf_process.py
[2024-09-20T00:52:00.772+0000] {logging_mixin.py:190} INFO - [2024-09-20T00:52:00.771+0000] {dag.py:3229} INFO - Sync 1 DAGs
[2024-09-20T00:52:00.807+0000] {logging_mixin.py:190} INFO - [2024-09-20T00:52:00.807+0000] {dag.py:4156} INFO - Setting next_dagrun for s3_to_snowflake_dag to 2024-09-19 23:00:00+00:00, run_after=2024-09-20 23:00:00+00:00
[2024-09-20T00:52:00.884+0000] {processor.py:208} INFO - Processing /opt/airflow/dags/empdata_s3_sf_process.py took 0.190 seconds
[2024-09-20T00:52:31.311+0000] {processor.py:186} INFO - Started process (PID=1829) to work on /opt/airflow/dags/empdata_s3_sf_process.py
[2024-09-20T00:52:31.312+0000] {processor.py:914} INFO - Processing file /opt/airflow/dags/empdata_s3_sf_process.py for tasks to queue
[2024-09-20T00:52:31.316+0000] {logging_mixin.py:190} INFO - [2024-09-20T00:52:31.315+0000] {dagbag.py:587} INFO - Filling up the DagBag from /opt/airflow/dags/empdata_s3_sf_process.py
[2024-09-20T00:52:31.341+0000] {processor.py:925} INFO - DAG(s) 's3_to_snowflake_dag' retrieved from /opt/airflow/dags/empdata_s3_sf_process.py
[2024-09-20T00:52:31.377+0000] {logging_mixin.py:190} INFO - [2024-09-20T00:52:31.376+0000] {dag.py:3229} INFO - Sync 1 DAGs
[2024-09-20T00:52:31.411+0000] {logging_mixin.py:190} INFO - [2024-09-20T00:52:31.410+0000] {dag.py:4156} INFO - Setting next_dagrun for s3_to_snowflake_dag to 2024-09-19 23:00:00+00:00, run_after=2024-09-20 23:00:00+00:00
[2024-09-20T00:52:31.485+0000] {processor.py:208} INFO - Processing /opt/airflow/dags/empdata_s3_sf_process.py took 0.180 seconds
[2024-09-20T00:53:01.808+0000] {processor.py:186} INFO - Started process (PID=1835) to work on /opt/airflow/dags/empdata_s3_sf_process.py
[2024-09-20T00:53:01.810+0000] {processor.py:914} INFO - Processing file /opt/airflow/dags/empdata_s3_sf_process.py for tasks to queue
[2024-09-20T00:53:01.814+0000] {logging_mixin.py:190} INFO - [2024-09-20T00:53:01.814+0000] {dagbag.py:587} INFO - Filling up the DagBag from /opt/airflow/dags/empdata_s3_sf_process.py
[2024-09-20T00:53:01.844+0000] {processor.py:925} INFO - DAG(s) 's3_to_snowflake_dag' retrieved from /opt/airflow/dags/empdata_s3_sf_process.py
[2024-09-20T00:53:01.882+0000] {logging_mixin.py:190} INFO - [2024-09-20T00:53:01.881+0000] {dag.py:3229} INFO - Sync 1 DAGs
[2024-09-20T00:53:01.917+0000] {logging_mixin.py:190} INFO - [2024-09-20T00:53:01.917+0000] {dag.py:4156} INFO - Setting next_dagrun for s3_to_snowflake_dag to 2024-09-19 23:00:00+00:00, run_after=2024-09-20 23:00:00+00:00
[2024-09-20T00:53:01.980+0000] {processor.py:208} INFO - Processing /opt/airflow/dags/empdata_s3_sf_process.py took 0.178 seconds
[2024-09-20T00:53:32.283+0000] {processor.py:186} INFO - Started process (PID=1841) to work on /opt/airflow/dags/empdata_s3_sf_process.py
[2024-09-20T00:53:32.286+0000] {processor.py:914} INFO - Processing file /opt/airflow/dags/empdata_s3_sf_process.py for tasks to queue
[2024-09-20T00:53:32.289+0000] {logging_mixin.py:190} INFO - [2024-09-20T00:53:32.289+0000] {dagbag.py:587} INFO - Filling up the DagBag from /opt/airflow/dags/empdata_s3_sf_process.py
[2024-09-20T00:53:32.326+0000] {processor.py:925} INFO - DAG(s) 's3_to_snowflake_dag' retrieved from /opt/airflow/dags/empdata_s3_sf_process.py
[2024-09-20T00:53:32.360+0000] {logging_mixin.py:190} INFO - [2024-09-20T00:53:32.359+0000] {dag.py:3229} INFO - Sync 1 DAGs
[2024-09-20T00:53:32.393+0000] {logging_mixin.py:190} INFO - [2024-09-20T00:53:32.392+0000] {dag.py:4156} INFO - Setting next_dagrun for s3_to_snowflake_dag to 2024-09-19 23:00:00+00:00, run_after=2024-09-20 23:00:00+00:00
[2024-09-20T00:53:32.468+0000] {processor.py:208} INFO - Processing /opt/airflow/dags/empdata_s3_sf_process.py took 0.192 seconds
[2024-09-20T00:54:02.818+0000] {processor.py:186} INFO - Started process (PID=1847) to work on /opt/airflow/dags/empdata_s3_sf_process.py
[2024-09-20T00:54:02.819+0000] {processor.py:914} INFO - Processing file /opt/airflow/dags/empdata_s3_sf_process.py for tasks to queue
[2024-09-20T00:54:02.823+0000] {logging_mixin.py:190} INFO - [2024-09-20T00:54:02.822+0000] {dagbag.py:587} INFO - Filling up the DagBag from /opt/airflow/dags/empdata_s3_sf_process.py
[2024-09-20T00:54:02.853+0000] {processor.py:925} INFO - DAG(s) 's3_to_snowflake_dag' retrieved from /opt/airflow/dags/empdata_s3_sf_process.py
[2024-09-20T00:54:02.891+0000] {logging_mixin.py:190} INFO - [2024-09-20T00:54:02.890+0000] {dag.py:3229} INFO - Sync 1 DAGs
[2024-09-20T00:54:02.925+0000] {logging_mixin.py:190} INFO - [2024-09-20T00:54:02.924+0000] {dag.py:4156} INFO - Setting next_dagrun for s3_to_snowflake_dag to 2024-09-19 23:00:00+00:00, run_after=2024-09-20 23:00:00+00:00
[2024-09-20T00:54:03.001+0000] {processor.py:208} INFO - Processing /opt/airflow/dags/empdata_s3_sf_process.py took 0.192 seconds
[2024-09-20T00:54:33.262+0000] {processor.py:186} INFO - Started process (PID=1853) to work on /opt/airflow/dags/empdata_s3_sf_process.py
[2024-09-20T00:54:33.264+0000] {processor.py:914} INFO - Processing file /opt/airflow/dags/empdata_s3_sf_process.py for tasks to queue
[2024-09-20T00:54:33.268+0000] {logging_mixin.py:190} INFO - [2024-09-20T00:54:33.267+0000] {dagbag.py:587} INFO - Filling up the DagBag from /opt/airflow/dags/empdata_s3_sf_process.py
[2024-09-20T00:54:33.296+0000] {processor.py:925} INFO - DAG(s) 's3_to_snowflake_dag' retrieved from /opt/airflow/dags/empdata_s3_sf_process.py
[2024-09-20T00:54:33.330+0000] {logging_mixin.py:190} INFO - [2024-09-20T00:54:33.329+0000] {dag.py:3229} INFO - Sync 1 DAGs
[2024-09-20T00:54:33.362+0000] {logging_mixin.py:190} INFO - [2024-09-20T00:54:33.362+0000] {dag.py:4156} INFO - Setting next_dagrun for s3_to_snowflake_dag to 2024-09-19 23:00:00+00:00, run_after=2024-09-20 23:00:00+00:00
[2024-09-20T00:54:33.425+0000] {processor.py:208} INFO - Processing /opt/airflow/dags/empdata_s3_sf_process.py took 0.169 seconds
[2024-09-20T00:55:03.757+0000] {processor.py:186} INFO - Started process (PID=1859) to work on /opt/airflow/dags/empdata_s3_sf_process.py
[2024-09-20T00:55:03.758+0000] {processor.py:914} INFO - Processing file /opt/airflow/dags/empdata_s3_sf_process.py for tasks to queue
[2024-09-20T00:55:03.763+0000] {logging_mixin.py:190} INFO - [2024-09-20T00:55:03.763+0000] {dagbag.py:587} INFO - Filling up the DagBag from /opt/airflow/dags/empdata_s3_sf_process.py
[2024-09-20T00:55:03.793+0000] {processor.py:925} INFO - DAG(s) 's3_to_snowflake_dag' retrieved from /opt/airflow/dags/empdata_s3_sf_process.py
[2024-09-20T00:55:03.832+0000] {logging_mixin.py:190} INFO - [2024-09-20T00:55:03.831+0000] {dag.py:3229} INFO - Sync 1 DAGs
[2024-09-20T00:55:03.873+0000] {logging_mixin.py:190} INFO - [2024-09-20T00:55:03.872+0000] {dag.py:4156} INFO - Setting next_dagrun for s3_to_snowflake_dag to 2024-09-19 23:00:00+00:00, run_after=2024-09-20 23:00:00+00:00
[2024-09-20T00:55:03.947+0000] {processor.py:208} INFO - Processing /opt/airflow/dags/empdata_s3_sf_process.py took 0.196 seconds
[2024-09-20T00:55:34.322+0000] {processor.py:186} INFO - Started process (PID=1865) to work on /opt/airflow/dags/empdata_s3_sf_process.py
[2024-09-20T00:55:34.323+0000] {processor.py:914} INFO - Processing file /opt/airflow/dags/empdata_s3_sf_process.py for tasks to queue
[2024-09-20T00:55:34.326+0000] {logging_mixin.py:190} INFO - [2024-09-20T00:55:34.325+0000] {dagbag.py:587} INFO - Filling up the DagBag from /opt/airflow/dags/empdata_s3_sf_process.py
[2024-09-20T00:55:34.352+0000] {processor.py:925} INFO - DAG(s) 's3_to_snowflake_dag' retrieved from /opt/airflow/dags/empdata_s3_sf_process.py
[2024-09-20T00:55:34.387+0000] {logging_mixin.py:190} INFO - [2024-09-20T00:55:34.386+0000] {dag.py:3229} INFO - Sync 1 DAGs
[2024-09-20T00:55:34.419+0000] {logging_mixin.py:190} INFO - [2024-09-20T00:55:34.419+0000] {dag.py:4156} INFO - Setting next_dagrun for s3_to_snowflake_dag to 2024-09-19 23:00:00+00:00, run_after=2024-09-20 23:00:00+00:00
[2024-09-20T00:55:34.480+0000] {processor.py:208} INFO - Processing /opt/airflow/dags/empdata_s3_sf_process.py took 0.165 seconds
[2024-09-20T00:56:04.676+0000] {processor.py:186} INFO - Started process (PID=1871) to work on /opt/airflow/dags/empdata_s3_sf_process.py
[2024-09-20T00:56:04.677+0000] {processor.py:914} INFO - Processing file /opt/airflow/dags/empdata_s3_sf_process.py for tasks to queue
[2024-09-20T00:56:04.680+0000] {logging_mixin.py:190} INFO - [2024-09-20T00:56:04.679+0000] {dagbag.py:587} INFO - Filling up the DagBag from /opt/airflow/dags/empdata_s3_sf_process.py
[2024-09-20T00:56:04.705+0000] {processor.py:925} INFO - DAG(s) 's3_to_snowflake_dag' retrieved from /opt/airflow/dags/empdata_s3_sf_process.py
[2024-09-20T00:56:04.741+0000] {logging_mixin.py:190} INFO - [2024-09-20T00:56:04.741+0000] {dag.py:3229} INFO - Sync 1 DAGs
[2024-09-20T00:56:04.775+0000] {logging_mixin.py:190} INFO - [2024-09-20T00:56:04.775+0000] {dag.py:4156} INFO - Setting next_dagrun for s3_to_snowflake_dag to 2024-09-19 23:00:00+00:00, run_after=2024-09-20 23:00:00+00:00
[2024-09-20T00:56:04.851+0000] {processor.py:208} INFO - Processing /opt/airflow/dags/empdata_s3_sf_process.py took 0.182 seconds
[2024-09-20T00:56:22.881+0000] {processor.py:186} INFO - Started process (PID=1877) to work on /opt/airflow/dags/empdata_s3_sf_process.py
[2024-09-20T00:56:22.882+0000] {processor.py:914} INFO - Processing file /opt/airflow/dags/empdata_s3_sf_process.py for tasks to queue
[2024-09-20T00:56:22.886+0000] {logging_mixin.py:190} INFO - [2024-09-20T00:56:22.885+0000] {dagbag.py:587} INFO - Filling up the DagBag from /opt/airflow/dags/empdata_s3_sf_process.py
[2024-09-20T00:56:22.930+0000] {processor.py:925} INFO - DAG(s) 's3_to_snowflake_dag' retrieved from /opt/airflow/dags/empdata_s3_sf_process.py
[2024-09-20T00:56:22.965+0000] {logging_mixin.py:190} INFO - [2024-09-20T00:56:22.965+0000] {dag.py:3229} INFO - Sync 1 DAGs
[2024-09-20T00:56:22.998+0000] {logging_mixin.py:190} INFO - [2024-09-20T00:56:22.998+0000] {dag.py:4156} INFO - Setting next_dagrun for s3_to_snowflake_dag to 2024-09-19 23:00:00+00:00, run_after=2024-09-20 23:00:00+00:00
[2024-09-20T00:56:23.064+0000] {processor.py:208} INFO - Processing /opt/airflow/dags/empdata_s3_sf_process.py took 0.190 seconds
[2024-09-20T00:56:53.542+0000] {processor.py:186} INFO - Started process (PID=1883) to work on /opt/airflow/dags/empdata_s3_sf_process.py
[2024-09-20T00:56:53.543+0000] {processor.py:914} INFO - Processing file /opt/airflow/dags/empdata_s3_sf_process.py for tasks to queue
[2024-09-20T00:56:53.547+0000] {logging_mixin.py:190} INFO - [2024-09-20T00:56:53.546+0000] {dagbag.py:587} INFO - Filling up the DagBag from /opt/airflow/dags/empdata_s3_sf_process.py
[2024-09-20T00:56:53.577+0000] {processor.py:925} INFO - DAG(s) 's3_to_snowflake_dag' retrieved from /opt/airflow/dags/empdata_s3_sf_process.py
[2024-09-20T00:56:53.613+0000] {logging_mixin.py:190} INFO - [2024-09-20T00:56:53.612+0000] {dag.py:3229} INFO - Sync 1 DAGs
[2024-09-20T00:56:53.652+0000] {logging_mixin.py:190} INFO - [2024-09-20T00:56:53.651+0000] {dag.py:4156} INFO - Setting next_dagrun for s3_to_snowflake_dag to 2024-09-19 23:00:00+00:00, run_after=2024-09-20 23:00:00+00:00
[2024-09-20T00:56:53.730+0000] {processor.py:208} INFO - Processing /opt/airflow/dags/empdata_s3_sf_process.py took 0.195 seconds
[2024-09-20T00:57:24.227+0000] {processor.py:186} INFO - Started process (PID=1890) to work on /opt/airflow/dags/empdata_s3_sf_process.py
[2024-09-20T00:57:24.228+0000] {processor.py:914} INFO - Processing file /opt/airflow/dags/empdata_s3_sf_process.py for tasks to queue
[2024-09-20T00:57:24.232+0000] {logging_mixin.py:190} INFO - [2024-09-20T00:57:24.231+0000] {dagbag.py:587} INFO - Filling up the DagBag from /opt/airflow/dags/empdata_s3_sf_process.py
[2024-09-20T00:57:24.258+0000] {processor.py:925} INFO - DAG(s) 's3_to_snowflake_dag' retrieved from /opt/airflow/dags/empdata_s3_sf_process.py
[2024-09-20T00:57:24.291+0000] {logging_mixin.py:190} INFO - [2024-09-20T00:57:24.290+0000] {dag.py:3229} INFO - Sync 1 DAGs
[2024-09-20T00:57:24.322+0000] {logging_mixin.py:190} INFO - [2024-09-20T00:57:24.322+0000] {dag.py:4156} INFO - Setting next_dagrun for s3_to_snowflake_dag to 2024-09-19 23:00:00+00:00, run_after=2024-09-20 23:00:00+00:00
[2024-09-20T00:57:24.392+0000] {processor.py:208} INFO - Processing /opt/airflow/dags/empdata_s3_sf_process.py took 0.174 seconds
[2024-09-20T00:57:55.201+0000] {processor.py:186} INFO - Started process (PID=1896) to work on /opt/airflow/dags/empdata_s3_sf_process.py
[2024-09-20T00:57:55.203+0000] {processor.py:914} INFO - Processing file /opt/airflow/dags/empdata_s3_sf_process.py for tasks to queue
[2024-09-20T00:57:55.207+0000] {logging_mixin.py:190} INFO - [2024-09-20T00:57:55.206+0000] {dagbag.py:587} INFO - Filling up the DagBag from /opt/airflow/dags/empdata_s3_sf_process.py
[2024-09-20T00:57:55.233+0000] {processor.py:925} INFO - DAG(s) 's3_to_snowflake_dag' retrieved from /opt/airflow/dags/empdata_s3_sf_process.py
[2024-09-20T00:57:55.267+0000] {logging_mixin.py:190} INFO - [2024-09-20T00:57:55.267+0000] {dag.py:3229} INFO - Sync 1 DAGs
[2024-09-20T00:57:55.303+0000] {logging_mixin.py:190} INFO - [2024-09-20T00:57:55.303+0000] {dag.py:4156} INFO - Setting next_dagrun for s3_to_snowflake_dag to 2024-09-19 23:00:00+00:00, run_after=2024-09-20 23:00:00+00:00
[2024-09-20T00:57:55.371+0000] {processor.py:208} INFO - Processing /opt/airflow/dags/empdata_s3_sf_process.py took 0.176 seconds
[2024-09-20T00:58:26.241+0000] {processor.py:186} INFO - Started process (PID=1902) to work on /opt/airflow/dags/empdata_s3_sf_process.py
[2024-09-20T00:58:26.242+0000] {processor.py:914} INFO - Processing file /opt/airflow/dags/empdata_s3_sf_process.py for tasks to queue
[2024-09-20T00:58:26.245+0000] {logging_mixin.py:190} INFO - [2024-09-20T00:58:26.245+0000] {dagbag.py:587} INFO - Filling up the DagBag from /opt/airflow/dags/empdata_s3_sf_process.py
[2024-09-20T00:58:26.271+0000] {processor.py:925} INFO - DAG(s) 's3_to_snowflake_dag' retrieved from /opt/airflow/dags/empdata_s3_sf_process.py
[2024-09-20T00:58:26.302+0000] {logging_mixin.py:190} INFO - [2024-09-20T00:58:26.301+0000] {dag.py:3229} INFO - Sync 1 DAGs
[2024-09-20T00:58:26.341+0000] {logging_mixin.py:190} INFO - [2024-09-20T00:58:26.340+0000] {dag.py:4156} INFO - Setting next_dagrun for s3_to_snowflake_dag to 2024-09-19 23:00:00+00:00, run_after=2024-09-20 23:00:00+00:00
[2024-09-20T00:58:26.408+0000] {processor.py:208} INFO - Processing /opt/airflow/dags/empdata_s3_sf_process.py took 0.172 seconds
[2024-09-20T00:58:57.157+0000] {processor.py:186} INFO - Started process (PID=1908) to work on /opt/airflow/dags/empdata_s3_sf_process.py
[2024-09-20T00:58:57.158+0000] {processor.py:914} INFO - Processing file /opt/airflow/dags/empdata_s3_sf_process.py for tasks to queue
[2024-09-20T00:58:57.161+0000] {logging_mixin.py:190} INFO - [2024-09-20T00:58:57.161+0000] {dagbag.py:587} INFO - Filling up the DagBag from /opt/airflow/dags/empdata_s3_sf_process.py
[2024-09-20T00:58:57.188+0000] {processor.py:925} INFO - DAG(s) 's3_to_snowflake_dag' retrieved from /opt/airflow/dags/empdata_s3_sf_process.py
[2024-09-20T00:58:57.220+0000] {logging_mixin.py:190} INFO - [2024-09-20T00:58:57.219+0000] {dag.py:3229} INFO - Sync 1 DAGs
[2024-09-20T00:58:57.261+0000] {logging_mixin.py:190} INFO - [2024-09-20T00:58:57.261+0000] {dag.py:4156} INFO - Setting next_dagrun for s3_to_snowflake_dag to 2024-09-19 23:00:00+00:00, run_after=2024-09-20 23:00:00+00:00
[2024-09-20T00:58:57.330+0000] {processor.py:208} INFO - Processing /opt/airflow/dags/empdata_s3_sf_process.py took 0.180 seconds
[2024-09-20T00:59:27.971+0000] {processor.py:186} INFO - Started process (PID=1914) to work on /opt/airflow/dags/empdata_s3_sf_process.py
[2024-09-20T00:59:27.972+0000] {processor.py:914} INFO - Processing file /opt/airflow/dags/empdata_s3_sf_process.py for tasks to queue
[2024-09-20T00:59:27.976+0000] {logging_mixin.py:190} INFO - [2024-09-20T00:59:27.976+0000] {dagbag.py:587} INFO - Filling up the DagBag from /opt/airflow/dags/empdata_s3_sf_process.py
[2024-09-20T00:59:27.999+0000] {processor.py:925} INFO - DAG(s) 's3_to_snowflake_dag' retrieved from /opt/airflow/dags/empdata_s3_sf_process.py
[2024-09-20T00:59:28.030+0000] {logging_mixin.py:190} INFO - [2024-09-20T00:59:28.029+0000] {dag.py:3229} INFO - Sync 1 DAGs
[2024-09-20T00:59:28.062+0000] {logging_mixin.py:190} INFO - [2024-09-20T00:59:28.061+0000] {dag.py:4156} INFO - Setting next_dagrun for s3_to_snowflake_dag to 2024-09-19 23:00:00+00:00, run_after=2024-09-20 23:00:00+00:00
[2024-09-20T00:59:28.123+0000] {processor.py:208} INFO - Processing /opt/airflow/dags/empdata_s3_sf_process.py took 0.158 seconds
[2024-09-20T00:59:58.886+0000] {processor.py:186} INFO - Started process (PID=1921) to work on /opt/airflow/dags/empdata_s3_sf_process.py
[2024-09-20T00:59:58.887+0000] {processor.py:914} INFO - Processing file /opt/airflow/dags/empdata_s3_sf_process.py for tasks to queue
[2024-09-20T00:59:58.891+0000] {logging_mixin.py:190} INFO - [2024-09-20T00:59:58.890+0000] {dagbag.py:587} INFO - Filling up the DagBag from /opt/airflow/dags/empdata_s3_sf_process.py
[2024-09-20T00:59:58.916+0000] {processor.py:925} INFO - DAG(s) 's3_to_snowflake_dag' retrieved from /opt/airflow/dags/empdata_s3_sf_process.py
[2024-09-20T00:59:58.950+0000] {logging_mixin.py:190} INFO - [2024-09-20T00:59:58.949+0000] {dag.py:3229} INFO - Sync 1 DAGs
[2024-09-20T00:59:58.982+0000] {logging_mixin.py:190} INFO - [2024-09-20T00:59:58.981+0000] {dag.py:4156} INFO - Setting next_dagrun for s3_to_snowflake_dag to 2024-09-19 23:00:00+00:00, run_after=2024-09-20 23:00:00+00:00
[2024-09-20T00:59:59.048+0000] {processor.py:208} INFO - Processing /opt/airflow/dags/empdata_s3_sf_process.py took 0.169 seconds
[2024-09-20T01:00:29.212+0000] {processor.py:186} INFO - Started process (PID=1928) to work on /opt/airflow/dags/empdata_s3_sf_process.py
[2024-09-20T01:00:29.213+0000] {processor.py:914} INFO - Processing file /opt/airflow/dags/empdata_s3_sf_process.py for tasks to queue
[2024-09-20T01:00:29.217+0000] {logging_mixin.py:190} INFO - [2024-09-20T01:00:29.216+0000] {dagbag.py:587} INFO - Filling up the DagBag from /opt/airflow/dags/empdata_s3_sf_process.py
[2024-09-20T01:00:29.244+0000] {processor.py:925} INFO - DAG(s) 's3_to_snowflake_dag' retrieved from /opt/airflow/dags/empdata_s3_sf_process.py
[2024-09-20T01:00:29.277+0000] {logging_mixin.py:190} INFO - [2024-09-20T01:00:29.276+0000] {dag.py:3229} INFO - Sync 1 DAGs
[2024-09-20T01:00:29.311+0000] {logging_mixin.py:190} INFO - [2024-09-20T01:00:29.311+0000] {dag.py:4156} INFO - Setting next_dagrun for s3_to_snowflake_dag to 2024-09-19 23:00:00+00:00, run_after=2024-09-20 23:00:00+00:00
[2024-09-20T01:00:29.386+0000] {processor.py:208} INFO - Processing /opt/airflow/dags/empdata_s3_sf_process.py took 0.180 seconds
[2024-09-20T01:00:59.665+0000] {processor.py:186} INFO - Started process (PID=1935) to work on /opt/airflow/dags/empdata_s3_sf_process.py
[2024-09-20T01:00:59.667+0000] {processor.py:914} INFO - Processing file /opt/airflow/dags/empdata_s3_sf_process.py for tasks to queue
[2024-09-20T01:00:59.671+0000] {logging_mixin.py:190} INFO - [2024-09-20T01:00:59.670+0000] {dagbag.py:587} INFO - Filling up the DagBag from /opt/airflow/dags/empdata_s3_sf_process.py
[2024-09-20T01:00:59.704+0000] {processor.py:925} INFO - DAG(s) 's3_to_snowflake_dag' retrieved from /opt/airflow/dags/empdata_s3_sf_process.py
[2024-09-20T01:00:59.748+0000] {logging_mixin.py:190} INFO - [2024-09-20T01:00:59.747+0000] {dag.py:3229} INFO - Sync 1 DAGs
[2024-09-20T01:00:59.788+0000] {logging_mixin.py:190} INFO - [2024-09-20T01:00:59.787+0000] {dag.py:4156} INFO - Setting next_dagrun for s3_to_snowflake_dag to 2024-09-19 23:00:00+00:00, run_after=2024-09-20 23:00:00+00:00
[2024-09-20T01:00:59.862+0000] {processor.py:208} INFO - Processing /opt/airflow/dags/empdata_s3_sf_process.py took 0.211 seconds
[2024-09-20T01:01:30.544+0000] {processor.py:186} INFO - Started process (PID=1942) to work on /opt/airflow/dags/empdata_s3_sf_process.py
[2024-09-20T01:01:30.546+0000] {processor.py:914} INFO - Processing file /opt/airflow/dags/empdata_s3_sf_process.py for tasks to queue
[2024-09-20T01:01:30.549+0000] {logging_mixin.py:190} INFO - [2024-09-20T01:01:30.549+0000] {dagbag.py:587} INFO - Filling up the DagBag from /opt/airflow/dags/empdata_s3_sf_process.py
[2024-09-20T01:01:30.578+0000] {processor.py:925} INFO - DAG(s) 's3_to_snowflake_dag' retrieved from /opt/airflow/dags/empdata_s3_sf_process.py
[2024-09-20T01:01:30.617+0000] {logging_mixin.py:190} INFO - [2024-09-20T01:01:30.616+0000] {dag.py:3229} INFO - Sync 1 DAGs
[2024-09-20T01:01:30.651+0000] {logging_mixin.py:190} INFO - [2024-09-20T01:01:30.651+0000] {dag.py:4156} INFO - Setting next_dagrun for s3_to_snowflake_dag to 2024-09-19 23:00:00+00:00, run_after=2024-09-20 23:00:00+00:00
[2024-09-20T01:01:30.724+0000] {processor.py:208} INFO - Processing /opt/airflow/dags/empdata_s3_sf_process.py took 0.188 seconds
[2024-09-20T01:02:01.269+0000] {processor.py:186} INFO - Started process (PID=1949) to work on /opt/airflow/dags/empdata_s3_sf_process.py
[2024-09-20T01:02:01.270+0000] {processor.py:914} INFO - Processing file /opt/airflow/dags/empdata_s3_sf_process.py for tasks to queue
[2024-09-20T01:02:01.274+0000] {logging_mixin.py:190} INFO - [2024-09-20T01:02:01.273+0000] {dagbag.py:587} INFO - Filling up the DagBag from /opt/airflow/dags/empdata_s3_sf_process.py
[2024-09-20T01:02:01.299+0000] {processor.py:925} INFO - DAG(s) 's3_to_snowflake_dag' retrieved from /opt/airflow/dags/empdata_s3_sf_process.py
[2024-09-20T01:02:01.332+0000] {logging_mixin.py:190} INFO - [2024-09-20T01:02:01.331+0000] {dag.py:3229} INFO - Sync 1 DAGs
[2024-09-20T01:02:01.365+0000] {logging_mixin.py:190} INFO - [2024-09-20T01:02:01.365+0000] {dag.py:4156} INFO - Setting next_dagrun for s3_to_snowflake_dag to 2024-09-19 23:00:00+00:00, run_after=2024-09-20 23:00:00+00:00
[2024-09-20T01:02:01.440+0000] {processor.py:208} INFO - Processing /opt/airflow/dags/empdata_s3_sf_process.py took 0.178 seconds
[2024-09-20T01:02:31.890+0000] {processor.py:186} INFO - Started process (PID=1956) to work on /opt/airflow/dags/empdata_s3_sf_process.py
[2024-09-20T01:02:31.891+0000] {processor.py:914} INFO - Processing file /opt/airflow/dags/empdata_s3_sf_process.py for tasks to queue
[2024-09-20T01:02:31.895+0000] {logging_mixin.py:190} INFO - [2024-09-20T01:02:31.895+0000] {dagbag.py:587} INFO - Filling up the DagBag from /opt/airflow/dags/empdata_s3_sf_process.py
[2024-09-20T01:02:31.924+0000] {processor.py:925} INFO - DAG(s) 's3_to_snowflake_dag' retrieved from /opt/airflow/dags/empdata_s3_sf_process.py
[2024-09-20T01:02:31.963+0000] {logging_mixin.py:190} INFO - [2024-09-20T01:02:31.962+0000] {dag.py:3229} INFO - Sync 1 DAGs
[2024-09-20T01:02:31.995+0000] {logging_mixin.py:190} INFO - [2024-09-20T01:02:31.995+0000] {dag.py:4156} INFO - Setting next_dagrun for s3_to_snowflake_dag to 2024-09-19 23:00:00+00:00, run_after=2024-09-20 23:00:00+00:00
[2024-09-20T01:02:32.065+0000] {processor.py:208} INFO - Processing /opt/airflow/dags/empdata_s3_sf_process.py took 0.181 seconds
[2024-09-20T01:03:02.291+0000] {processor.py:186} INFO - Started process (PID=1963) to work on /opt/airflow/dags/empdata_s3_sf_process.py
[2024-09-20T01:03:02.292+0000] {processor.py:914} INFO - Processing file /opt/airflow/dags/empdata_s3_sf_process.py for tasks to queue
[2024-09-20T01:03:02.295+0000] {logging_mixin.py:190} INFO - [2024-09-20T01:03:02.295+0000] {dagbag.py:587} INFO - Filling up the DagBag from /opt/airflow/dags/empdata_s3_sf_process.py
[2024-09-20T01:03:02.319+0000] {processor.py:925} INFO - DAG(s) 's3_to_snowflake_dag' retrieved from /opt/airflow/dags/empdata_s3_sf_process.py
[2024-09-20T01:03:02.350+0000] {logging_mixin.py:190} INFO - [2024-09-20T01:03:02.349+0000] {dag.py:3229} INFO - Sync 1 DAGs
[2024-09-20T01:03:02.383+0000] {logging_mixin.py:190} INFO - [2024-09-20T01:03:02.382+0000] {dag.py:4156} INFO - Setting next_dagrun for s3_to_snowflake_dag to 2024-09-19 23:00:00+00:00, run_after=2024-09-20 23:00:00+00:00
[2024-09-20T01:03:02.458+0000] {processor.py:208} INFO - Processing /opt/airflow/dags/empdata_s3_sf_process.py took 0.172 seconds
[2024-09-20T01:03:32.549+0000] {processor.py:186} INFO - Started process (PID=1970) to work on /opt/airflow/dags/empdata_s3_sf_process.py
[2024-09-20T01:03:32.550+0000] {processor.py:914} INFO - Processing file /opt/airflow/dags/empdata_s3_sf_process.py for tasks to queue
[2024-09-20T01:03:32.553+0000] {logging_mixin.py:190} INFO - [2024-09-20T01:03:32.552+0000] {dagbag.py:587} INFO - Filling up the DagBag from /opt/airflow/dags/empdata_s3_sf_process.py
[2024-09-20T01:03:32.581+0000] {processor.py:925} INFO - DAG(s) 's3_to_snowflake_dag' retrieved from /opt/airflow/dags/empdata_s3_sf_process.py
[2024-09-20T01:03:32.616+0000] {logging_mixin.py:190} INFO - [2024-09-20T01:03:32.615+0000] {dag.py:3229} INFO - Sync 1 DAGs
[2024-09-20T01:03:32.647+0000] {logging_mixin.py:190} INFO - [2024-09-20T01:03:32.647+0000] {dag.py:4156} INFO - Setting next_dagrun for s3_to_snowflake_dag to 2024-09-19 23:00:00+00:00, run_after=2024-09-20 23:00:00+00:00
[2024-09-20T01:03:32.710+0000] {processor.py:208} INFO - Processing /opt/airflow/dags/empdata_s3_sf_process.py took 0.167 seconds
[2024-09-20T01:04:03.462+0000] {processor.py:186} INFO - Started process (PID=1977) to work on /opt/airflow/dags/empdata_s3_sf_process.py
[2024-09-20T01:04:03.470+0000] {processor.py:914} INFO - Processing file /opt/airflow/dags/empdata_s3_sf_process.py for tasks to queue
[2024-09-20T01:04:03.477+0000] {logging_mixin.py:190} INFO - [2024-09-20T01:04:03.476+0000] {dagbag.py:587} INFO - Filling up the DagBag from /opt/airflow/dags/empdata_s3_sf_process.py
[2024-09-20T01:04:03.559+0000] {processor.py:925} INFO - DAG(s) 's3_to_snowflake_dag' retrieved from /opt/airflow/dags/empdata_s3_sf_process.py
[2024-09-20T01:04:03.633+0000] {logging_mixin.py:190} INFO - [2024-09-20T01:04:03.631+0000] {dag.py:3229} INFO - Sync 1 DAGs
[2024-09-20T01:04:03.718+0000] {logging_mixin.py:190} INFO - [2024-09-20T01:04:03.718+0000] {dag.py:4156} INFO - Setting next_dagrun for s3_to_snowflake_dag to 2024-09-19 23:00:00+00:00, run_after=2024-09-20 23:00:00+00:00
[2024-09-20T01:04:03.843+0000] {processor.py:208} INFO - Processing /opt/airflow/dags/empdata_s3_sf_process.py took 0.391 seconds
[2024-09-20T01:04:34.551+0000] {processor.py:186} INFO - Started process (PID=1984) to work on /opt/airflow/dags/empdata_s3_sf_process.py
[2024-09-20T01:04:34.552+0000] {processor.py:914} INFO - Processing file /opt/airflow/dags/empdata_s3_sf_process.py for tasks to queue
[2024-09-20T01:04:34.556+0000] {logging_mixin.py:190} INFO - [2024-09-20T01:04:34.556+0000] {dagbag.py:587} INFO - Filling up the DagBag from /opt/airflow/dags/empdata_s3_sf_process.py
[2024-09-20T01:04:34.584+0000] {processor.py:925} INFO - DAG(s) 's3_to_snowflake_dag' retrieved from /opt/airflow/dags/empdata_s3_sf_process.py
[2024-09-20T01:04:34.622+0000] {logging_mixin.py:190} INFO - [2024-09-20T01:04:34.621+0000] {dag.py:3229} INFO - Sync 1 DAGs
[2024-09-20T01:04:34.664+0000] {logging_mixin.py:190} INFO - [2024-09-20T01:04:34.664+0000] {dag.py:4156} INFO - Setting next_dagrun for s3_to_snowflake_dag to 2024-09-19 23:00:00+00:00, run_after=2024-09-20 23:00:00+00:00
[2024-09-20T01:04:34.748+0000] {processor.py:208} INFO - Processing /opt/airflow/dags/empdata_s3_sf_process.py took 0.204 seconds
[2024-09-20T01:05:05.299+0000] {processor.py:186} INFO - Started process (PID=1991) to work on /opt/airflow/dags/empdata_s3_sf_process.py
[2024-09-20T01:05:05.301+0000] {processor.py:914} INFO - Processing file /opt/airflow/dags/empdata_s3_sf_process.py for tasks to queue
[2024-09-20T01:05:05.304+0000] {logging_mixin.py:190} INFO - [2024-09-20T01:05:05.303+0000] {dagbag.py:587} INFO - Filling up the DagBag from /opt/airflow/dags/empdata_s3_sf_process.py
[2024-09-20T01:05:05.334+0000] {processor.py:925} INFO - DAG(s) 's3_to_snowflake_dag' retrieved from /opt/airflow/dags/empdata_s3_sf_process.py
[2024-09-20T01:05:05.372+0000] {logging_mixin.py:190} INFO - [2024-09-20T01:05:05.371+0000] {dag.py:3229} INFO - Sync 1 DAGs
[2024-09-20T01:05:05.411+0000] {logging_mixin.py:190} INFO - [2024-09-20T01:05:05.411+0000] {dag.py:4156} INFO - Setting next_dagrun for s3_to_snowflake_dag to 2024-09-19 23:00:00+00:00, run_after=2024-09-20 23:00:00+00:00
[2024-09-20T01:05:05.499+0000] {processor.py:208} INFO - Processing /opt/airflow/dags/empdata_s3_sf_process.py took 0.208 seconds
