[2024-09-20T00:39:45.424+0000] {processor.py:186} INFO - Started process (PID=1647) to work on /opt/airflow/dags/profit_uk.py
[2024-09-20T00:39:45.426+0000] {processor.py:914} INFO - Processing file /opt/airflow/dags/profit_uk.py for tasks to queue
[2024-09-20T00:39:45.439+0000] {logging_mixin.py:190} INFO - [2024-09-20T00:39:45.438+0000] {dagbag.py:587} INFO - Filling up the DagBag from /opt/airflow/dags/profit_uk.py
[2024-09-20T00:39:45.509+0000] {processor.py:925} INFO - DAG(s) 'load_profit_uk' retrieved from /opt/airflow/dags/profit_uk.py
[2024-09-20T00:39:46.341+0000] {logging_mixin.py:190} INFO - [2024-09-20T00:39:46.340+0000] {dag.py:3229} INFO - Sync 1 DAGs
[2024-09-20T00:39:46.425+0000] {logging_mixin.py:190} INFO - [2024-09-20T00:39:46.425+0000] {dag.py:4156} INFO - Setting next_dagrun for load_profit_uk to 2024-09-19 21:00:00+00:00, run_after=2024-09-20 21:00:00+00:00
[2024-09-20T00:39:46.560+0000] {processor.py:208} INFO - Processing /opt/airflow/dags/profit_uk.py took 1.162 seconds
[2024-09-20T00:40:16.919+0000] {processor.py:186} INFO - Started process (PID=1682) to work on /opt/airflow/dags/profit_uk.py
[2024-09-20T00:40:16.920+0000] {processor.py:914} INFO - Processing file /opt/airflow/dags/profit_uk.py for tasks to queue
[2024-09-20T00:40:16.922+0000] {logging_mixin.py:190} INFO - [2024-09-20T00:40:16.922+0000] {dagbag.py:587} INFO - Filling up the DagBag from /opt/airflow/dags/profit_uk.py
[2024-09-20T00:40:16.959+0000] {processor.py:925} INFO - DAG(s) 'load_profit_uk' retrieved from /opt/airflow/dags/profit_uk.py
[2024-09-20T00:40:16.991+0000] {logging_mixin.py:190} INFO - [2024-09-20T00:40:16.990+0000] {dag.py:3229} INFO - Sync 1 DAGs
[2024-09-20T00:40:17.017+0000] {logging_mixin.py:190} INFO - [2024-09-20T00:40:17.016+0000] {dag.py:4156} INFO - Setting next_dagrun for load_profit_uk to 2024-09-19 21:00:00+00:00, run_after=2024-09-20 21:00:00+00:00
[2024-09-20T00:40:17.069+0000] {processor.py:208} INFO - Processing /opt/airflow/dags/profit_uk.py took 0.156 seconds
[2024-09-20T00:40:47.770+0000] {processor.py:186} INFO - Started process (PID=1687) to work on /opt/airflow/dags/profit_uk.py
[2024-09-20T00:40:47.771+0000] {processor.py:914} INFO - Processing file /opt/airflow/dags/profit_uk.py for tasks to queue
[2024-09-20T00:40:47.774+0000] {logging_mixin.py:190} INFO - [2024-09-20T00:40:47.773+0000] {dagbag.py:587} INFO - Filling up the DagBag from /opt/airflow/dags/profit_uk.py
[2024-09-20T00:40:47.811+0000] {processor.py:925} INFO - DAG(s) 'load_profit_uk' retrieved from /opt/airflow/dags/profit_uk.py
[2024-09-20T00:40:47.843+0000] {logging_mixin.py:190} INFO - [2024-09-20T00:40:47.842+0000] {dag.py:3229} INFO - Sync 1 DAGs
[2024-09-20T00:40:47.873+0000] {logging_mixin.py:190} INFO - [2024-09-20T00:40:47.873+0000] {dag.py:4156} INFO - Setting next_dagrun for load_profit_uk to 2024-09-19 21:00:00+00:00, run_after=2024-09-20 21:00:00+00:00
[2024-09-20T00:40:47.930+0000] {processor.py:208} INFO - Processing /opt/airflow/dags/profit_uk.py took 0.166 seconds
[2024-09-20T00:41:18.290+0000] {processor.py:186} INFO - Started process (PID=1692) to work on /opt/airflow/dags/profit_uk.py
[2024-09-20T00:41:18.292+0000] {processor.py:914} INFO - Processing file /opt/airflow/dags/profit_uk.py for tasks to queue
[2024-09-20T00:41:18.295+0000] {logging_mixin.py:190} INFO - [2024-09-20T00:41:18.295+0000] {dagbag.py:587} INFO - Filling up the DagBag from /opt/airflow/dags/profit_uk.py
[2024-09-20T00:41:18.337+0000] {processor.py:925} INFO - DAG(s) 'load_profit_uk' retrieved from /opt/airflow/dags/profit_uk.py
[2024-09-20T00:41:18.375+0000] {logging_mixin.py:190} INFO - [2024-09-20T00:41:18.374+0000] {dag.py:3229} INFO - Sync 1 DAGs
[2024-09-20T00:41:18.411+0000] {logging_mixin.py:190} INFO - [2024-09-20T00:41:18.411+0000] {dag.py:4156} INFO - Setting next_dagrun for load_profit_uk to 2024-09-19 21:00:00+00:00, run_after=2024-09-20 21:00:00+00:00
[2024-09-20T00:41:18.474+0000] {processor.py:208} INFO - Processing /opt/airflow/dags/profit_uk.py took 0.191 seconds
[2024-09-20T00:41:48.827+0000] {processor.py:186} INFO - Started process (PID=1697) to work on /opt/airflow/dags/profit_uk.py
[2024-09-20T00:41:48.828+0000] {processor.py:914} INFO - Processing file /opt/airflow/dags/profit_uk.py for tasks to queue
[2024-09-20T00:41:48.830+0000] {logging_mixin.py:190} INFO - [2024-09-20T00:41:48.830+0000] {dagbag.py:587} INFO - Filling up the DagBag from /opt/airflow/dags/profit_uk.py
[2024-09-20T00:41:48.877+0000] {processor.py:925} INFO - DAG(s) 'load_profit_uk' retrieved from /opt/airflow/dags/profit_uk.py
[2024-09-20T00:41:48.917+0000] {logging_mixin.py:190} INFO - [2024-09-20T00:41:48.916+0000] {dag.py:3229} INFO - Sync 1 DAGs
[2024-09-20T00:41:48.953+0000] {logging_mixin.py:190} INFO - [2024-09-20T00:41:48.953+0000] {dag.py:4156} INFO - Setting next_dagrun for load_profit_uk to 2024-09-19 21:00:00+00:00, run_after=2024-09-20 21:00:00+00:00
[2024-09-20T00:41:49.044+0000] {processor.py:208} INFO - Processing /opt/airflow/dags/profit_uk.py took 0.224 seconds
[2024-09-20T00:42:19.470+0000] {processor.py:186} INFO - Started process (PID=1702) to work on /opt/airflow/dags/profit_uk.py
[2024-09-20T00:42:19.471+0000] {processor.py:914} INFO - Processing file /opt/airflow/dags/profit_uk.py for tasks to queue
[2024-09-20T00:42:19.475+0000] {logging_mixin.py:190} INFO - [2024-09-20T00:42:19.474+0000] {dagbag.py:587} INFO - Filling up the DagBag from /opt/airflow/dags/profit_uk.py
[2024-09-20T00:42:19.518+0000] {processor.py:925} INFO - DAG(s) 'load_profit_uk' retrieved from /opt/airflow/dags/profit_uk.py
[2024-09-20T00:42:19.552+0000] {logging_mixin.py:190} INFO - [2024-09-20T00:42:19.551+0000] {dag.py:3229} INFO - Sync 1 DAGs
[2024-09-20T00:42:19.584+0000] {logging_mixin.py:190} INFO - [2024-09-20T00:42:19.584+0000] {dag.py:4156} INFO - Setting next_dagrun for load_profit_uk to 2024-09-19 21:00:00+00:00, run_after=2024-09-20 21:00:00+00:00
[2024-09-20T00:42:19.667+0000] {processor.py:208} INFO - Processing /opt/airflow/dags/profit_uk.py took 0.205 seconds
[2024-09-20T00:42:50.183+0000] {processor.py:186} INFO - Started process (PID=1707) to work on /opt/airflow/dags/profit_uk.py
[2024-09-20T00:42:50.185+0000] {processor.py:914} INFO - Processing file /opt/airflow/dags/profit_uk.py for tasks to queue
[2024-09-20T00:42:50.188+0000] {logging_mixin.py:190} INFO - [2024-09-20T00:42:50.188+0000] {dagbag.py:587} INFO - Filling up the DagBag from /opt/airflow/dags/profit_uk.py
[2024-09-20T00:42:50.226+0000] {processor.py:925} INFO - DAG(s) 'load_profit_uk' retrieved from /opt/airflow/dags/profit_uk.py
[2024-09-20T00:42:50.258+0000] {logging_mixin.py:190} INFO - [2024-09-20T00:42:50.257+0000] {dag.py:3229} INFO - Sync 1 DAGs
[2024-09-20T00:42:50.289+0000] {logging_mixin.py:190} INFO - [2024-09-20T00:42:50.289+0000] {dag.py:4156} INFO - Setting next_dagrun for load_profit_uk to 2024-09-19 21:00:00+00:00, run_after=2024-09-20 21:00:00+00:00
[2024-09-20T00:42:50.356+0000] {processor.py:208} INFO - Processing /opt/airflow/dags/profit_uk.py took 0.179 seconds
[2024-09-20T00:43:20.596+0000] {processor.py:186} INFO - Started process (PID=1712) to work on /opt/airflow/dags/profit_uk.py
[2024-09-20T00:43:20.597+0000] {processor.py:914} INFO - Processing file /opt/airflow/dags/profit_uk.py for tasks to queue
[2024-09-20T00:43:20.601+0000] {logging_mixin.py:190} INFO - [2024-09-20T00:43:20.600+0000] {dagbag.py:587} INFO - Filling up the DagBag from /opt/airflow/dags/profit_uk.py
[2024-09-20T00:43:20.638+0000] {processor.py:925} INFO - DAG(s) 'load_profit_uk' retrieved from /opt/airflow/dags/profit_uk.py
[2024-09-20T00:43:20.670+0000] {logging_mixin.py:190} INFO - [2024-09-20T00:43:20.670+0000] {dag.py:3229} INFO - Sync 1 DAGs
[2024-09-20T00:43:20.702+0000] {logging_mixin.py:190} INFO - [2024-09-20T00:43:20.701+0000] {dag.py:4156} INFO - Setting next_dagrun for load_profit_uk to 2024-09-19 21:00:00+00:00, run_after=2024-09-20 21:00:00+00:00
[2024-09-20T00:43:20.771+0000] {processor.py:208} INFO - Processing /opt/airflow/dags/profit_uk.py took 0.181 seconds
[2024-09-20T00:43:51.146+0000] {processor.py:186} INFO - Started process (PID=1717) to work on /opt/airflow/dags/profit_uk.py
[2024-09-20T00:43:51.147+0000] {processor.py:914} INFO - Processing file /opt/airflow/dags/profit_uk.py for tasks to queue
[2024-09-20T00:43:51.153+0000] {logging_mixin.py:190} INFO - [2024-09-20T00:43:51.152+0000] {dagbag.py:587} INFO - Filling up the DagBag from /opt/airflow/dags/profit_uk.py
[2024-09-20T00:43:51.208+0000] {processor.py:925} INFO - DAG(s) 'load_profit_uk' retrieved from /opt/airflow/dags/profit_uk.py
[2024-09-20T00:43:51.256+0000] {logging_mixin.py:190} INFO - [2024-09-20T00:43:51.255+0000] {dag.py:3229} INFO - Sync 1 DAGs
[2024-09-20T00:43:51.309+0000] {logging_mixin.py:190} INFO - [2024-09-20T00:43:51.308+0000] {dag.py:4156} INFO - Setting next_dagrun for load_profit_uk to 2024-09-19 21:00:00+00:00, run_after=2024-09-20 21:00:00+00:00
[2024-09-20T00:43:51.375+0000] {processor.py:208} INFO - Processing /opt/airflow/dags/profit_uk.py took 0.235 seconds
[2024-09-20T00:44:21.863+0000] {processor.py:186} INFO - Started process (PID=1722) to work on /opt/airflow/dags/profit_uk.py
[2024-09-20T00:44:21.864+0000] {processor.py:914} INFO - Processing file /opt/airflow/dags/profit_uk.py for tasks to queue
[2024-09-20T00:44:21.867+0000] {logging_mixin.py:190} INFO - [2024-09-20T00:44:21.867+0000] {dagbag.py:587} INFO - Filling up the DagBag from /opt/airflow/dags/profit_uk.py
[2024-09-20T00:44:21.905+0000] {processor.py:925} INFO - DAG(s) 'load_profit_uk' retrieved from /opt/airflow/dags/profit_uk.py
[2024-09-20T00:44:21.940+0000] {logging_mixin.py:190} INFO - [2024-09-20T00:44:21.939+0000] {dag.py:3229} INFO - Sync 1 DAGs
[2024-09-20T00:44:21.973+0000] {logging_mixin.py:190} INFO - [2024-09-20T00:44:21.973+0000] {dag.py:4156} INFO - Setting next_dagrun for load_profit_uk to 2024-09-19 21:00:00+00:00, run_after=2024-09-20 21:00:00+00:00
[2024-09-20T00:44:22.035+0000] {processor.py:208} INFO - Processing /opt/airflow/dags/profit_uk.py took 0.178 seconds
[2024-09-20T00:44:52.222+0000] {processor.py:186} INFO - Started process (PID=1728) to work on /opt/airflow/dags/profit_uk.py
[2024-09-20T00:44:52.224+0000] {processor.py:914} INFO - Processing file /opt/airflow/dags/profit_uk.py for tasks to queue
[2024-09-20T00:44:52.227+0000] {logging_mixin.py:190} INFO - [2024-09-20T00:44:52.226+0000] {dagbag.py:587} INFO - Filling up the DagBag from /opt/airflow/dags/profit_uk.py
[2024-09-20T00:44:52.266+0000] {processor.py:925} INFO - DAG(s) 'load_profit_uk' retrieved from /opt/airflow/dags/profit_uk.py
[2024-09-20T00:44:52.301+0000] {logging_mixin.py:190} INFO - [2024-09-20T00:44:52.300+0000] {dag.py:3229} INFO - Sync 1 DAGs
[2024-09-20T00:44:52.335+0000] {logging_mixin.py:190} INFO - [2024-09-20T00:44:52.334+0000] {dag.py:4156} INFO - Setting next_dagrun for load_profit_uk to 2024-09-19 21:00:00+00:00, run_after=2024-09-20 21:00:00+00:00
[2024-09-20T00:44:52.401+0000] {processor.py:208} INFO - Processing /opt/airflow/dags/profit_uk.py took 0.185 seconds
[2024-09-20T00:45:26.246+0000] {processor.py:186} INFO - Started process (PID=1749) to work on /opt/airflow/dags/profit_uk.py
[2024-09-20T00:45:26.247+0000] {processor.py:914} INFO - Processing file /opt/airflow/dags/profit_uk.py for tasks to queue
[2024-09-20T00:45:26.251+0000] {logging_mixin.py:190} INFO - [2024-09-20T00:45:26.250+0000] {dagbag.py:587} INFO - Filling up the DagBag from /opt/airflow/dags/profit_uk.py
[2024-09-20T00:45:26.304+0000] {processor.py:925} INFO - DAG(s) 'load_profit_uk' retrieved from /opt/airflow/dags/profit_uk.py
[2024-09-20T00:45:26.348+0000] {logging_mixin.py:190} INFO - [2024-09-20T00:45:26.345+0000] {dag.py:3229} INFO - Sync 1 DAGs
[2024-09-20T00:45:26.392+0000] {logging_mixin.py:190} INFO - [2024-09-20T00:45:26.392+0000] {dag.py:4156} INFO - Setting next_dagrun for load_profit_uk to 2024-09-19 21:00:00+00:00, run_after=2024-09-20 21:00:00+00:00
[2024-09-20T00:45:26.462+0000] {processor.py:208} INFO - Processing /opt/airflow/dags/profit_uk.py took 0.225 seconds
[2024-09-20T00:45:57.915+0000] {processor.py:186} INFO - Started process (PID=1755) to work on /opt/airflow/dags/profit_uk.py
[2024-09-20T00:45:57.917+0000] {processor.py:914} INFO - Processing file /opt/airflow/dags/profit_uk.py for tasks to queue
[2024-09-20T00:45:57.921+0000] {logging_mixin.py:190} INFO - [2024-09-20T00:45:57.921+0000] {dagbag.py:587} INFO - Filling up the DagBag from /opt/airflow/dags/profit_uk.py
[2024-09-20T00:45:57.966+0000] {processor.py:925} INFO - DAG(s) 'load_profit_uk' retrieved from /opt/airflow/dags/profit_uk.py
[2024-09-20T00:45:58.001+0000] {logging_mixin.py:190} INFO - [2024-09-20T00:45:58.000+0000] {dag.py:3229} INFO - Sync 1 DAGs
[2024-09-20T00:45:58.041+0000] {logging_mixin.py:190} INFO - [2024-09-20T00:45:58.041+0000] {dag.py:4156} INFO - Setting next_dagrun for load_profit_uk to 2024-09-19 21:00:00+00:00, run_after=2024-09-20 21:00:00+00:00
[2024-09-20T00:45:58.124+0000] {processor.py:208} INFO - Processing /opt/airflow/dags/profit_uk.py took 0.215 seconds
[2024-09-20T00:46:28.679+0000] {processor.py:186} INFO - Started process (PID=1761) to work on /opt/airflow/dags/profit_uk.py
[2024-09-20T00:46:28.680+0000] {processor.py:914} INFO - Processing file /opt/airflow/dags/profit_uk.py for tasks to queue
[2024-09-20T00:46:28.684+0000] {logging_mixin.py:190} INFO - [2024-09-20T00:46:28.683+0000] {dagbag.py:587} INFO - Filling up the DagBag from /opt/airflow/dags/profit_uk.py
[2024-09-20T00:46:28.724+0000] {processor.py:925} INFO - DAG(s) 'load_profit_uk' retrieved from /opt/airflow/dags/profit_uk.py
[2024-09-20T00:46:28.757+0000] {logging_mixin.py:190} INFO - [2024-09-20T00:46:28.756+0000] {dag.py:3229} INFO - Sync 1 DAGs
[2024-09-20T00:46:28.791+0000] {logging_mixin.py:190} INFO - [2024-09-20T00:46:28.791+0000] {dag.py:4156} INFO - Setting next_dagrun for load_profit_uk to 2024-09-19 21:00:00+00:00, run_after=2024-09-20 21:00:00+00:00
[2024-09-20T00:46:28.856+0000] {processor.py:208} INFO - Processing /opt/airflow/dags/profit_uk.py took 0.183 seconds
[2024-09-20T00:46:59.055+0000] {processor.py:186} INFO - Started process (PID=1767) to work on /opt/airflow/dags/profit_uk.py
[2024-09-20T00:46:59.057+0000] {processor.py:914} INFO - Processing file /opt/airflow/dags/profit_uk.py for tasks to queue
[2024-09-20T00:46:59.059+0000] {logging_mixin.py:190} INFO - [2024-09-20T00:46:59.059+0000] {dagbag.py:587} INFO - Filling up the DagBag from /opt/airflow/dags/profit_uk.py
[2024-09-20T00:46:59.098+0000] {processor.py:925} INFO - DAG(s) 'load_profit_uk' retrieved from /opt/airflow/dags/profit_uk.py
[2024-09-20T00:46:59.131+0000] {logging_mixin.py:190} INFO - [2024-09-20T00:46:59.130+0000] {dag.py:3229} INFO - Sync 1 DAGs
[2024-09-20T00:46:59.163+0000] {logging_mixin.py:190} INFO - [2024-09-20T00:46:59.163+0000] {dag.py:4156} INFO - Setting next_dagrun for load_profit_uk to 2024-09-19 21:00:00+00:00, run_after=2024-09-20 21:00:00+00:00
[2024-09-20T00:46:59.225+0000] {processor.py:208} INFO - Processing /opt/airflow/dags/profit_uk.py took 0.176 seconds
[2024-09-20T00:47:29.502+0000] {processor.py:186} INFO - Started process (PID=1772) to work on /opt/airflow/dags/profit_uk.py
[2024-09-20T00:47:29.503+0000] {processor.py:914} INFO - Processing file /opt/airflow/dags/profit_uk.py for tasks to queue
[2024-09-20T00:47:29.507+0000] {logging_mixin.py:190} INFO - [2024-09-20T00:47:29.506+0000] {dagbag.py:587} INFO - Filling up the DagBag from /opt/airflow/dags/profit_uk.py
[2024-09-20T00:47:29.551+0000] {processor.py:925} INFO - DAG(s) 'load_profit_uk' retrieved from /opt/airflow/dags/profit_uk.py
[2024-09-20T00:47:29.588+0000] {logging_mixin.py:190} INFO - [2024-09-20T00:47:29.587+0000] {dag.py:3229} INFO - Sync 1 DAGs
[2024-09-20T00:47:29.627+0000] {logging_mixin.py:190} INFO - [2024-09-20T00:47:29.627+0000] {dag.py:4156} INFO - Setting next_dagrun for load_profit_uk to 2024-09-19 21:00:00+00:00, run_after=2024-09-20 21:00:00+00:00
[2024-09-20T00:47:29.689+0000] {processor.py:208} INFO - Processing /opt/airflow/dags/profit_uk.py took 0.194 seconds
[2024-09-20T00:47:59.871+0000] {processor.py:186} INFO - Started process (PID=1778) to work on /opt/airflow/dags/profit_uk.py
[2024-09-20T00:47:59.872+0000] {processor.py:914} INFO - Processing file /opt/airflow/dags/profit_uk.py for tasks to queue
[2024-09-20T00:47:59.876+0000] {logging_mixin.py:190} INFO - [2024-09-20T00:47:59.875+0000] {dagbag.py:587} INFO - Filling up the DagBag from /opt/airflow/dags/profit_uk.py
[2024-09-20T00:47:59.915+0000] {processor.py:925} INFO - DAG(s) 'load_profit_uk' retrieved from /opt/airflow/dags/profit_uk.py
[2024-09-20T00:47:59.948+0000] {logging_mixin.py:190} INFO - [2024-09-20T00:47:59.947+0000] {dag.py:3229} INFO - Sync 1 DAGs
[2024-09-20T00:47:59.980+0000] {logging_mixin.py:190} INFO - [2024-09-20T00:47:59.979+0000] {dag.py:4156} INFO - Setting next_dagrun for load_profit_uk to 2024-09-19 21:00:00+00:00, run_after=2024-09-20 21:00:00+00:00
[2024-09-20T00:48:00.042+0000] {processor.py:208} INFO - Processing /opt/airflow/dags/profit_uk.py took 0.180 seconds
[2024-09-20T00:48:30.409+0000] {processor.py:186} INFO - Started process (PID=1784) to work on /opt/airflow/dags/profit_uk.py
[2024-09-20T00:48:30.410+0000] {processor.py:914} INFO - Processing file /opt/airflow/dags/profit_uk.py for tasks to queue
[2024-09-20T00:48:30.413+0000] {logging_mixin.py:190} INFO - [2024-09-20T00:48:30.413+0000] {dagbag.py:587} INFO - Filling up the DagBag from /opt/airflow/dags/profit_uk.py
[2024-09-20T00:48:30.456+0000] {processor.py:925} INFO - DAG(s) 'load_profit_uk' retrieved from /opt/airflow/dags/profit_uk.py
[2024-09-20T00:48:30.496+0000] {logging_mixin.py:190} INFO - [2024-09-20T00:48:30.495+0000] {dag.py:3229} INFO - Sync 1 DAGs
[2024-09-20T00:48:30.539+0000] {logging_mixin.py:190} INFO - [2024-09-20T00:48:30.539+0000] {dag.py:4156} INFO - Setting next_dagrun for load_profit_uk to 2024-09-19 21:00:00+00:00, run_after=2024-09-20 21:00:00+00:00
[2024-09-20T00:48:30.610+0000] {processor.py:208} INFO - Processing /opt/airflow/dags/profit_uk.py took 0.208 seconds
[2024-09-20T00:49:01.573+0000] {processor.py:186} INFO - Started process (PID=1790) to work on /opt/airflow/dags/profit_uk.py
[2024-09-20T00:49:01.574+0000] {processor.py:914} INFO - Processing file /opt/airflow/dags/profit_uk.py for tasks to queue
[2024-09-20T00:49:01.579+0000] {logging_mixin.py:190} INFO - [2024-09-20T00:49:01.578+0000] {dagbag.py:587} INFO - Filling up the DagBag from /opt/airflow/dags/profit_uk.py
[2024-09-20T00:49:01.635+0000] {processor.py:925} INFO - DAG(s) 'load_profit_uk' retrieved from /opt/airflow/dags/profit_uk.py
[2024-09-20T00:49:01.684+0000] {logging_mixin.py:190} INFO - [2024-09-20T00:49:01.683+0000] {dag.py:3229} INFO - Sync 1 DAGs
[2024-09-20T00:49:01.730+0000] {logging_mixin.py:190} INFO - [2024-09-20T00:49:01.729+0000] {dag.py:4156} INFO - Setting next_dagrun for load_profit_uk to 2024-09-19 21:00:00+00:00, run_after=2024-09-20 21:00:00+00:00
[2024-09-20T00:49:01.805+0000] {processor.py:208} INFO - Processing /opt/airflow/dags/profit_uk.py took 0.242 seconds
[2024-09-20T00:49:32.989+0000] {processor.py:186} INFO - Started process (PID=1796) to work on /opt/airflow/dags/profit_uk.py
[2024-09-20T00:49:32.990+0000] {processor.py:914} INFO - Processing file /opt/airflow/dags/profit_uk.py for tasks to queue
[2024-09-20T00:49:32.994+0000] {logging_mixin.py:190} INFO - [2024-09-20T00:49:32.993+0000] {dagbag.py:587} INFO - Filling up the DagBag from /opt/airflow/dags/profit_uk.py
[2024-09-20T00:49:33.036+0000] {processor.py:925} INFO - DAG(s) 'load_profit_uk' retrieved from /opt/airflow/dags/profit_uk.py
[2024-09-20T00:49:33.069+0000] {logging_mixin.py:190} INFO - [2024-09-20T00:49:33.068+0000] {dag.py:3229} INFO - Sync 1 DAGs
[2024-09-20T00:49:33.108+0000] {logging_mixin.py:190} INFO - [2024-09-20T00:49:33.107+0000] {dag.py:4156} INFO - Setting next_dagrun for load_profit_uk to 2024-09-19 21:00:00+00:00, run_after=2024-09-20 21:00:00+00:00
[2024-09-20T00:49:33.191+0000] {processor.py:208} INFO - Processing /opt/airflow/dags/profit_uk.py took 0.209 seconds
[2024-09-20T00:50:03.913+0000] {processor.py:186} INFO - Started process (PID=1802) to work on /opt/airflow/dags/profit_uk.py
[2024-09-20T00:50:03.915+0000] {processor.py:914} INFO - Processing file /opt/airflow/dags/profit_uk.py for tasks to queue
[2024-09-20T00:50:03.919+0000] {logging_mixin.py:190} INFO - [2024-09-20T00:50:03.918+0000] {dagbag.py:587} INFO - Filling up the DagBag from /opt/airflow/dags/profit_uk.py
[2024-09-20T00:50:03.986+0000] {processor.py:925} INFO - DAG(s) 'load_profit_uk' retrieved from /opt/airflow/dags/profit_uk.py
[2024-09-20T00:50:04.040+0000] {logging_mixin.py:190} INFO - [2024-09-20T00:50:04.039+0000] {dag.py:3229} INFO - Sync 1 DAGs
[2024-09-20T00:50:04.091+0000] {logging_mixin.py:190} INFO - [2024-09-20T00:50:04.091+0000] {dag.py:4156} INFO - Setting next_dagrun for load_profit_uk to 2024-09-19 21:00:00+00:00, run_after=2024-09-20 21:00:00+00:00
[2024-09-20T00:50:04.173+0000] {processor.py:208} INFO - Processing /opt/airflow/dags/profit_uk.py took 0.271 seconds
[2024-09-20T00:50:35.305+0000] {processor.py:186} INFO - Started process (PID=1808) to work on /opt/airflow/dags/profit_uk.py
[2024-09-20T00:50:35.307+0000] {processor.py:914} INFO - Processing file /opt/airflow/dags/profit_uk.py for tasks to queue
[2024-09-20T00:50:35.312+0000] {logging_mixin.py:190} INFO - [2024-09-20T00:50:35.312+0000] {dagbag.py:587} INFO - Filling up the DagBag from /opt/airflow/dags/profit_uk.py
[2024-09-20T00:50:35.357+0000] {processor.py:925} INFO - DAG(s) 'load_profit_uk' retrieved from /opt/airflow/dags/profit_uk.py
[2024-09-20T00:50:35.400+0000] {logging_mixin.py:190} INFO - [2024-09-20T00:50:35.399+0000] {dag.py:3229} INFO - Sync 1 DAGs
[2024-09-20T00:50:35.438+0000] {logging_mixin.py:190} INFO - [2024-09-20T00:50:35.438+0000] {dag.py:4156} INFO - Setting next_dagrun for load_profit_uk to 2024-09-19 21:00:00+00:00, run_after=2024-09-20 21:00:00+00:00
[2024-09-20T00:50:35.528+0000] {processor.py:208} INFO - Processing /opt/airflow/dags/profit_uk.py took 0.230 seconds
[2024-09-20T00:51:06.249+0000] {processor.py:186} INFO - Started process (PID=1814) to work on /opt/airflow/dags/profit_uk.py
[2024-09-20T00:51:06.250+0000] {processor.py:914} INFO - Processing file /opt/airflow/dags/profit_uk.py for tasks to queue
[2024-09-20T00:51:06.254+0000] {logging_mixin.py:190} INFO - [2024-09-20T00:51:06.253+0000] {dagbag.py:587} INFO - Filling up the DagBag from /opt/airflow/dags/profit_uk.py
[2024-09-20T00:51:06.295+0000] {processor.py:925} INFO - DAG(s) 'load_profit_uk' retrieved from /opt/airflow/dags/profit_uk.py
[2024-09-20T00:51:06.328+0000] {logging_mixin.py:190} INFO - [2024-09-20T00:51:06.328+0000] {dag.py:3229} INFO - Sync 1 DAGs
[2024-09-20T00:51:06.363+0000] {logging_mixin.py:190} INFO - [2024-09-20T00:51:06.363+0000] {dag.py:4156} INFO - Setting next_dagrun for load_profit_uk to 2024-09-19 21:00:00+00:00, run_after=2024-09-20 21:00:00+00:00
[2024-09-20T00:51:06.421+0000] {processor.py:208} INFO - Processing /opt/airflow/dags/profit_uk.py took 0.179 seconds
[2024-09-20T00:51:37.126+0000] {processor.py:186} INFO - Started process (PID=1820) to work on /opt/airflow/dags/profit_uk.py
[2024-09-20T00:51:37.127+0000] {processor.py:914} INFO - Processing file /opt/airflow/dags/profit_uk.py for tasks to queue
[2024-09-20T00:51:37.130+0000] {logging_mixin.py:190} INFO - [2024-09-20T00:51:37.129+0000] {dagbag.py:587} INFO - Filling up the DagBag from /opt/airflow/dags/profit_uk.py
[2024-09-20T00:51:37.168+0000] {processor.py:925} INFO - DAG(s) 'load_profit_uk' retrieved from /opt/airflow/dags/profit_uk.py
[2024-09-20T00:51:37.199+0000] {logging_mixin.py:190} INFO - [2024-09-20T00:51:37.198+0000] {dag.py:3229} INFO - Sync 1 DAGs
[2024-09-20T00:51:37.231+0000] {logging_mixin.py:190} INFO - [2024-09-20T00:51:37.230+0000] {dag.py:4156} INFO - Setting next_dagrun for load_profit_uk to 2024-09-19 21:00:00+00:00, run_after=2024-09-20 21:00:00+00:00
[2024-09-20T00:51:37.293+0000] {processor.py:208} INFO - Processing /opt/airflow/dags/profit_uk.py took 0.174 seconds
[2024-09-20T00:52:07.694+0000] {processor.py:186} INFO - Started process (PID=1826) to work on /opt/airflow/dags/profit_uk.py
[2024-09-20T00:52:07.695+0000] {processor.py:914} INFO - Processing file /opt/airflow/dags/profit_uk.py for tasks to queue
[2024-09-20T00:52:07.698+0000] {logging_mixin.py:190} INFO - [2024-09-20T00:52:07.698+0000] {dagbag.py:587} INFO - Filling up the DagBag from /opt/airflow/dags/profit_uk.py
[2024-09-20T00:52:07.742+0000] {processor.py:925} INFO - DAG(s) 'load_profit_uk' retrieved from /opt/airflow/dags/profit_uk.py
[2024-09-20T00:52:07.778+0000] {logging_mixin.py:190} INFO - [2024-09-20T00:52:07.777+0000] {dag.py:3229} INFO - Sync 1 DAGs
[2024-09-20T00:52:07.812+0000] {logging_mixin.py:190} INFO - [2024-09-20T00:52:07.812+0000] {dag.py:4156} INFO - Setting next_dagrun for load_profit_uk to 2024-09-19 21:00:00+00:00, run_after=2024-09-20 21:00:00+00:00
[2024-09-20T00:52:07.893+0000] {processor.py:208} INFO - Processing /opt/airflow/dags/profit_uk.py took 0.206 seconds
[2024-09-20T00:52:38.300+0000] {processor.py:186} INFO - Started process (PID=1832) to work on /opt/airflow/dags/profit_uk.py
[2024-09-20T00:52:38.302+0000] {processor.py:914} INFO - Processing file /opt/airflow/dags/profit_uk.py for tasks to queue
[2024-09-20T00:52:38.305+0000] {logging_mixin.py:190} INFO - [2024-09-20T00:52:38.305+0000] {dagbag.py:587} INFO - Filling up the DagBag from /opt/airflow/dags/profit_uk.py
[2024-09-20T00:52:38.346+0000] {processor.py:925} INFO - DAG(s) 'load_profit_uk' retrieved from /opt/airflow/dags/profit_uk.py
[2024-09-20T00:52:38.381+0000] {logging_mixin.py:190} INFO - [2024-09-20T00:52:38.380+0000] {dag.py:3229} INFO - Sync 1 DAGs
[2024-09-20T00:52:38.418+0000] {logging_mixin.py:190} INFO - [2024-09-20T00:52:38.417+0000] {dag.py:4156} INFO - Setting next_dagrun for load_profit_uk to 2024-09-19 21:00:00+00:00, run_after=2024-09-20 21:00:00+00:00
[2024-09-20T00:52:38.491+0000] {processor.py:208} INFO - Processing /opt/airflow/dags/profit_uk.py took 0.198 seconds
[2024-09-20T00:53:08.767+0000] {processor.py:186} INFO - Started process (PID=1838) to work on /opt/airflow/dags/profit_uk.py
[2024-09-20T00:53:08.769+0000] {processor.py:914} INFO - Processing file /opt/airflow/dags/profit_uk.py for tasks to queue
[2024-09-20T00:53:08.772+0000] {logging_mixin.py:190} INFO - [2024-09-20T00:53:08.771+0000] {dagbag.py:587} INFO - Filling up the DagBag from /opt/airflow/dags/profit_uk.py
[2024-09-20T00:53:08.810+0000] {processor.py:925} INFO - DAG(s) 'load_profit_uk' retrieved from /opt/airflow/dags/profit_uk.py
[2024-09-20T00:53:08.847+0000] {logging_mixin.py:190} INFO - [2024-09-20T00:53:08.846+0000] {dag.py:3229} INFO - Sync 1 DAGs
[2024-09-20T00:53:08.883+0000] {logging_mixin.py:190} INFO - [2024-09-20T00:53:08.883+0000] {dag.py:4156} INFO - Setting next_dagrun for load_profit_uk to 2024-09-19 21:00:00+00:00, run_after=2024-09-20 21:00:00+00:00
[2024-09-20T00:53:08.965+0000] {processor.py:208} INFO - Processing /opt/airflow/dags/profit_uk.py took 0.205 seconds
[2024-09-20T00:53:39.326+0000] {processor.py:186} INFO - Started process (PID=1843) to work on /opt/airflow/dags/profit_uk.py
[2024-09-20T00:53:39.328+0000] {processor.py:914} INFO - Processing file /opt/airflow/dags/profit_uk.py for tasks to queue
[2024-09-20T00:53:39.333+0000] {logging_mixin.py:190} INFO - [2024-09-20T00:53:39.332+0000] {dagbag.py:587} INFO - Filling up the DagBag from /opt/airflow/dags/profit_uk.py
[2024-09-20T00:53:39.380+0000] {processor.py:925} INFO - DAG(s) 'load_profit_uk' retrieved from /opt/airflow/dags/profit_uk.py
[2024-09-20T00:53:39.420+0000] {logging_mixin.py:190} INFO - [2024-09-20T00:53:39.419+0000] {dag.py:3229} INFO - Sync 1 DAGs
[2024-09-20T00:53:39.457+0000] {logging_mixin.py:190} INFO - [2024-09-20T00:53:39.457+0000] {dag.py:4156} INFO - Setting next_dagrun for load_profit_uk to 2024-09-19 21:00:00+00:00, run_after=2024-09-20 21:00:00+00:00
[2024-09-20T00:53:39.521+0000] {processor.py:208} INFO - Processing /opt/airflow/dags/profit_uk.py took 0.203 seconds
[2024-09-20T00:54:10.008+0000] {processor.py:186} INFO - Started process (PID=1849) to work on /opt/airflow/dags/profit_uk.py
[2024-09-20T00:54:10.010+0000] {processor.py:914} INFO - Processing file /opt/airflow/dags/profit_uk.py for tasks to queue
[2024-09-20T00:54:10.013+0000] {logging_mixin.py:190} INFO - [2024-09-20T00:54:10.012+0000] {dagbag.py:587} INFO - Filling up the DagBag from /opt/airflow/dags/profit_uk.py
[2024-09-20T00:54:10.053+0000] {processor.py:925} INFO - DAG(s) 'load_profit_uk' retrieved from /opt/airflow/dags/profit_uk.py
[2024-09-20T00:54:10.085+0000] {logging_mixin.py:190} INFO - [2024-09-20T00:54:10.084+0000] {dag.py:3229} INFO - Sync 1 DAGs
[2024-09-20T00:54:10.120+0000] {logging_mixin.py:190} INFO - [2024-09-20T00:54:10.120+0000] {dag.py:4156} INFO - Setting next_dagrun for load_profit_uk to 2024-09-19 21:00:00+00:00, run_after=2024-09-20 21:00:00+00:00
[2024-09-20T00:54:10.195+0000] {processor.py:208} INFO - Processing /opt/airflow/dags/profit_uk.py took 0.194 seconds
[2024-09-20T00:54:40.631+0000] {processor.py:186} INFO - Started process (PID=1855) to work on /opt/airflow/dags/profit_uk.py
[2024-09-20T00:54:40.632+0000] {processor.py:914} INFO - Processing file /opt/airflow/dags/profit_uk.py for tasks to queue
[2024-09-20T00:54:40.635+0000] {logging_mixin.py:190} INFO - [2024-09-20T00:54:40.635+0000] {dagbag.py:587} INFO - Filling up the DagBag from /opt/airflow/dags/profit_uk.py
[2024-09-20T00:54:40.673+0000] {processor.py:925} INFO - DAG(s) 'load_profit_uk' retrieved from /opt/airflow/dags/profit_uk.py
[2024-09-20T00:54:40.703+0000] {logging_mixin.py:190} INFO - [2024-09-20T00:54:40.702+0000] {dag.py:3229} INFO - Sync 1 DAGs
[2024-09-20T00:54:40.737+0000] {logging_mixin.py:190} INFO - [2024-09-20T00:54:40.737+0000] {dag.py:4156} INFO - Setting next_dagrun for load_profit_uk to 2024-09-19 21:00:00+00:00, run_after=2024-09-20 21:00:00+00:00
[2024-09-20T00:54:40.810+0000] {processor.py:208} INFO - Processing /opt/airflow/dags/profit_uk.py took 0.186 seconds
[2024-09-20T00:55:11.118+0000] {processor.py:186} INFO - Started process (PID=1861) to work on /opt/airflow/dags/profit_uk.py
[2024-09-20T00:55:11.120+0000] {processor.py:914} INFO - Processing file /opt/airflow/dags/profit_uk.py for tasks to queue
[2024-09-20T00:55:11.123+0000] {logging_mixin.py:190} INFO - [2024-09-20T00:55:11.122+0000] {dagbag.py:587} INFO - Filling up the DagBag from /opt/airflow/dags/profit_uk.py
[2024-09-20T00:55:11.163+0000] {processor.py:925} INFO - DAG(s) 'load_profit_uk' retrieved from /opt/airflow/dags/profit_uk.py
[2024-09-20T00:55:11.197+0000] {logging_mixin.py:190} INFO - [2024-09-20T00:55:11.196+0000] {dag.py:3229} INFO - Sync 1 DAGs
[2024-09-20T00:55:11.232+0000] {logging_mixin.py:190} INFO - [2024-09-20T00:55:11.232+0000] {dag.py:4156} INFO - Setting next_dagrun for load_profit_uk to 2024-09-19 21:00:00+00:00, run_after=2024-09-20 21:00:00+00:00
[2024-09-20T00:55:11.307+0000] {processor.py:208} INFO - Processing /opt/airflow/dags/profit_uk.py took 0.194 seconds
[2024-09-20T00:55:41.825+0000] {processor.py:186} INFO - Started process (PID=1867) to work on /opt/airflow/dags/profit_uk.py
[2024-09-20T00:55:41.826+0000] {processor.py:914} INFO - Processing file /opt/airflow/dags/profit_uk.py for tasks to queue
[2024-09-20T00:55:41.830+0000] {logging_mixin.py:190} INFO - [2024-09-20T00:55:41.829+0000] {dagbag.py:587} INFO - Filling up the DagBag from /opt/airflow/dags/profit_uk.py
[2024-09-20T00:55:41.874+0000] {processor.py:925} INFO - DAG(s) 'load_profit_uk' retrieved from /opt/airflow/dags/profit_uk.py
[2024-09-20T00:55:41.914+0000] {logging_mixin.py:190} INFO - [2024-09-20T00:55:41.913+0000] {dag.py:3229} INFO - Sync 1 DAGs
[2024-09-20T00:55:41.950+0000] {logging_mixin.py:190} INFO - [2024-09-20T00:55:41.949+0000] {dag.py:4156} INFO - Setting next_dagrun for load_profit_uk to 2024-09-19 21:00:00+00:00, run_after=2024-09-20 21:00:00+00:00
[2024-09-20T00:55:42.042+0000] {processor.py:208} INFO - Processing /opt/airflow/dags/profit_uk.py took 0.224 seconds
[2024-09-20T00:56:12.405+0000] {processor.py:186} INFO - Started process (PID=1873) to work on /opt/airflow/dags/profit_uk.py
[2024-09-20T00:56:12.406+0000] {processor.py:914} INFO - Processing file /opt/airflow/dags/profit_uk.py for tasks to queue
[2024-09-20T00:56:12.411+0000] {logging_mixin.py:190} INFO - [2024-09-20T00:56:12.411+0000] {dagbag.py:587} INFO - Filling up the DagBag from /opt/airflow/dags/profit_uk.py
[2024-09-20T00:56:12.457+0000] {processor.py:925} INFO - DAG(s) 'load_profit_uk' retrieved from /opt/airflow/dags/profit_uk.py
[2024-09-20T00:56:12.501+0000] {logging_mixin.py:190} INFO - [2024-09-20T00:56:12.499+0000] {dag.py:3229} INFO - Sync 1 DAGs
[2024-09-20T00:56:12.538+0000] {logging_mixin.py:190} INFO - [2024-09-20T00:56:12.537+0000] {dag.py:4156} INFO - Setting next_dagrun for load_profit_uk to 2024-09-19 21:00:00+00:00, run_after=2024-09-20 21:00:00+00:00
[2024-09-20T00:56:12.607+0000] {processor.py:208} INFO - Processing /opt/airflow/dags/profit_uk.py took 0.210 seconds
[2024-09-20T00:56:43.262+0000] {processor.py:186} INFO - Started process (PID=1879) to work on /opt/airflow/dags/profit_uk.py
[2024-09-20T00:56:43.264+0000] {processor.py:914} INFO - Processing file /opt/airflow/dags/profit_uk.py for tasks to queue
[2024-09-20T00:56:43.268+0000] {logging_mixin.py:190} INFO - [2024-09-20T00:56:43.268+0000] {dagbag.py:587} INFO - Filling up the DagBag from /opt/airflow/dags/profit_uk.py
[2024-09-20T00:56:43.313+0000] {processor.py:925} INFO - DAG(s) 'load_profit_uk' retrieved from /opt/airflow/dags/profit_uk.py
[2024-09-20T00:56:43.351+0000] {logging_mixin.py:190} INFO - [2024-09-20T00:56:43.350+0000] {dag.py:3229} INFO - Sync 1 DAGs
[2024-09-20T00:56:43.392+0000] {logging_mixin.py:190} INFO - [2024-09-20T00:56:43.392+0000] {dag.py:4156} INFO - Setting next_dagrun for load_profit_uk to 2024-09-19 21:00:00+00:00, run_after=2024-09-20 21:00:00+00:00
[2024-09-20T00:56:43.478+0000] {processor.py:208} INFO - Processing /opt/airflow/dags/profit_uk.py took 0.224 seconds
[2024-09-20T00:57:13.703+0000] {processor.py:186} INFO - Started process (PID=1886) to work on /opt/airflow/dags/profit_uk.py
[2024-09-20T00:57:13.704+0000] {processor.py:914} INFO - Processing file /opt/airflow/dags/profit_uk.py for tasks to queue
[2024-09-20T00:57:13.707+0000] {logging_mixin.py:190} INFO - [2024-09-20T00:57:13.707+0000] {dagbag.py:587} INFO - Filling up the DagBag from /opt/airflow/dags/profit_uk.py
[2024-09-20T00:57:13.745+0000] {processor.py:925} INFO - DAG(s) 'load_profit_uk' retrieved from /opt/airflow/dags/profit_uk.py
[2024-09-20T00:57:13.783+0000] {logging_mixin.py:190} INFO - [2024-09-20T00:57:13.782+0000] {dag.py:3229} INFO - Sync 1 DAGs
[2024-09-20T00:57:13.815+0000] {logging_mixin.py:190} INFO - [2024-09-20T00:57:13.815+0000] {dag.py:4156} INFO - Setting next_dagrun for load_profit_uk to 2024-09-19 21:00:00+00:00, run_after=2024-09-20 21:00:00+00:00
[2024-09-20T00:57:13.878+0000] {processor.py:208} INFO - Processing /opt/airflow/dags/profit_uk.py took 0.182 seconds
[2024-09-20T00:57:44.722+0000] {processor.py:186} INFO - Started process (PID=1892) to work on /opt/airflow/dags/profit_uk.py
[2024-09-20T00:57:44.723+0000] {processor.py:914} INFO - Processing file /opt/airflow/dags/profit_uk.py for tasks to queue
[2024-09-20T00:57:44.726+0000] {logging_mixin.py:190} INFO - [2024-09-20T00:57:44.726+0000] {dagbag.py:587} INFO - Filling up the DagBag from /opt/airflow/dags/profit_uk.py
[2024-09-20T00:57:44.768+0000] {processor.py:925} INFO - DAG(s) 'load_profit_uk' retrieved from /opt/airflow/dags/profit_uk.py
[2024-09-20T00:57:44.806+0000] {logging_mixin.py:190} INFO - [2024-09-20T00:57:44.805+0000] {dag.py:3229} INFO - Sync 1 DAGs
[2024-09-20T00:57:44.845+0000] {logging_mixin.py:190} INFO - [2024-09-20T00:57:44.845+0000] {dag.py:4156} INFO - Setting next_dagrun for load_profit_uk to 2024-09-19 21:00:00+00:00, run_after=2024-09-20 21:00:00+00:00
[2024-09-20T00:57:44.925+0000] {processor.py:208} INFO - Processing /opt/airflow/dags/profit_uk.py took 0.210 seconds
[2024-09-20T00:58:15.813+0000] {processor.py:186} INFO - Started process (PID=1898) to work on /opt/airflow/dags/profit_uk.py
[2024-09-20T00:58:15.815+0000] {processor.py:914} INFO - Processing file /opt/airflow/dags/profit_uk.py for tasks to queue
[2024-09-20T00:58:15.819+0000] {logging_mixin.py:190} INFO - [2024-09-20T00:58:15.819+0000] {dagbag.py:587} INFO - Filling up the DagBag from /opt/airflow/dags/profit_uk.py
[2024-09-20T00:58:15.875+0000] {processor.py:925} INFO - DAG(s) 'load_profit_uk' retrieved from /opt/airflow/dags/profit_uk.py
[2024-09-20T00:58:15.917+0000] {logging_mixin.py:190} INFO - [2024-09-20T00:58:15.916+0000] {dag.py:3229} INFO - Sync 1 DAGs
[2024-09-20T00:58:15.964+0000] {logging_mixin.py:190} INFO - [2024-09-20T00:58:15.964+0000] {dag.py:4156} INFO - Setting next_dagrun for load_profit_uk to 2024-09-19 21:00:00+00:00, run_after=2024-09-20 21:00:00+00:00
[2024-09-20T00:58:16.045+0000] {processor.py:208} INFO - Processing /opt/airflow/dags/profit_uk.py took 0.242 seconds
[2024-09-20T00:58:46.715+0000] {processor.py:186} INFO - Started process (PID=1904) to work on /opt/airflow/dags/profit_uk.py
[2024-09-20T00:58:46.717+0000] {processor.py:914} INFO - Processing file /opt/airflow/dags/profit_uk.py for tasks to queue
[2024-09-20T00:58:46.720+0000] {logging_mixin.py:190} INFO - [2024-09-20T00:58:46.720+0000] {dagbag.py:587} INFO - Filling up the DagBag from /opt/airflow/dags/profit_uk.py
[2024-09-20T00:58:46.760+0000] {processor.py:925} INFO - DAG(s) 'load_profit_uk' retrieved from /opt/airflow/dags/profit_uk.py
[2024-09-20T00:58:46.794+0000] {logging_mixin.py:190} INFO - [2024-09-20T00:58:46.793+0000] {dag.py:3229} INFO - Sync 1 DAGs
[2024-09-20T00:58:46.824+0000] {logging_mixin.py:190} INFO - [2024-09-20T00:58:46.824+0000] {dag.py:4156} INFO - Setting next_dagrun for load_profit_uk to 2024-09-19 21:00:00+00:00, run_after=2024-09-20 21:00:00+00:00
[2024-09-20T00:58:46.895+0000] {processor.py:208} INFO - Processing /opt/airflow/dags/profit_uk.py took 0.189 seconds
[2024-09-20T00:59:17.636+0000] {processor.py:186} INFO - Started process (PID=1910) to work on /opt/airflow/dags/profit_uk.py
[2024-09-20T00:59:17.637+0000] {processor.py:914} INFO - Processing file /opt/airflow/dags/profit_uk.py for tasks to queue
[2024-09-20T00:59:17.640+0000] {logging_mixin.py:190} INFO - [2024-09-20T00:59:17.639+0000] {dagbag.py:587} INFO - Filling up the DagBag from /opt/airflow/dags/profit_uk.py
[2024-09-20T00:59:17.673+0000] {processor.py:925} INFO - DAG(s) 'load_profit_uk' retrieved from /opt/airflow/dags/profit_uk.py
[2024-09-20T00:59:17.703+0000] {logging_mixin.py:190} INFO - [2024-09-20T00:59:17.703+0000] {dag.py:3229} INFO - Sync 1 DAGs
[2024-09-20T00:59:17.735+0000] {logging_mixin.py:190} INFO - [2024-09-20T00:59:17.735+0000] {dag.py:4156} INFO - Setting next_dagrun for load_profit_uk to 2024-09-19 21:00:00+00:00, run_after=2024-09-20 21:00:00+00:00
[2024-09-20T00:59:17.794+0000] {processor.py:208} INFO - Processing /opt/airflow/dags/profit_uk.py took 0.164 seconds
[2024-09-20T00:59:48.443+0000] {processor.py:186} INFO - Started process (PID=1917) to work on /opt/airflow/dags/profit_uk.py
[2024-09-20T00:59:48.444+0000] {processor.py:914} INFO - Processing file /opt/airflow/dags/profit_uk.py for tasks to queue
[2024-09-20T00:59:48.447+0000] {logging_mixin.py:190} INFO - [2024-09-20T00:59:48.447+0000] {dagbag.py:587} INFO - Filling up the DagBag from /opt/airflow/dags/profit_uk.py
[2024-09-20T00:59:48.487+0000] {processor.py:925} INFO - DAG(s) 'load_profit_uk' retrieved from /opt/airflow/dags/profit_uk.py
[2024-09-20T00:59:48.521+0000] {logging_mixin.py:190} INFO - [2024-09-20T00:59:48.520+0000] {dag.py:3229} INFO - Sync 1 DAGs
[2024-09-20T00:59:48.555+0000] {logging_mixin.py:190} INFO - [2024-09-20T00:59:48.554+0000] {dag.py:4156} INFO - Setting next_dagrun for load_profit_uk to 2024-09-19 21:00:00+00:00, run_after=2024-09-20 21:00:00+00:00
[2024-09-20T00:59:48.621+0000] {processor.py:208} INFO - Processing /opt/airflow/dags/profit_uk.py took 0.185 seconds
[2024-09-20T01:00:18.854+0000] {processor.py:186} INFO - Started process (PID=1924) to work on /opt/airflow/dags/profit_uk.py
[2024-09-20T01:00:18.856+0000] {processor.py:914} INFO - Processing file /opt/airflow/dags/profit_uk.py for tasks to queue
[2024-09-20T01:00:18.860+0000] {logging_mixin.py:190} INFO - [2024-09-20T01:00:18.859+0000] {dagbag.py:587} INFO - Filling up the DagBag from /opt/airflow/dags/profit_uk.py
[2024-09-20T01:00:18.905+0000] {processor.py:925} INFO - DAG(s) 'load_profit_uk' retrieved from /opt/airflow/dags/profit_uk.py
[2024-09-20T01:00:18.940+0000] {logging_mixin.py:190} INFO - [2024-09-20T01:00:18.939+0000] {dag.py:3229} INFO - Sync 1 DAGs
[2024-09-20T01:00:18.978+0000] {logging_mixin.py:190} INFO - [2024-09-20T01:00:18.977+0000] {dag.py:4156} INFO - Setting next_dagrun for load_profit_uk to 2024-09-19 21:00:00+00:00, run_after=2024-09-20 21:00:00+00:00
[2024-09-20T01:00:19.049+0000] {processor.py:208} INFO - Processing /opt/airflow/dags/profit_uk.py took 0.203 seconds
[2024-09-20T01:00:49.730+0000] {processor.py:186} INFO - Started process (PID=1931) to work on /opt/airflow/dags/profit_uk.py
[2024-09-20T01:00:49.731+0000] {processor.py:914} INFO - Processing file /opt/airflow/dags/profit_uk.py for tasks to queue
[2024-09-20T01:00:49.735+0000] {logging_mixin.py:190} INFO - [2024-09-20T01:00:49.735+0000] {dagbag.py:587} INFO - Filling up the DagBag from /opt/airflow/dags/profit_uk.py
[2024-09-20T01:00:49.772+0000] {processor.py:925} INFO - DAG(s) 'load_profit_uk' retrieved from /opt/airflow/dags/profit_uk.py
[2024-09-20T01:00:49.806+0000] {logging_mixin.py:190} INFO - [2024-09-20T01:00:49.805+0000] {dag.py:3229} INFO - Sync 1 DAGs
[2024-09-20T01:00:49.839+0000] {logging_mixin.py:190} INFO - [2024-09-20T01:00:49.838+0000] {dag.py:4156} INFO - Setting next_dagrun for load_profit_uk to 2024-09-19 21:00:00+00:00, run_after=2024-09-20 21:00:00+00:00
[2024-09-20T01:00:49.908+0000] {processor.py:208} INFO - Processing /opt/airflow/dags/profit_uk.py took 0.184 seconds
[2024-09-20T01:01:21.747+0000] {processor.py:186} INFO - Started process (PID=1938) to work on /opt/airflow/dags/profit_uk.py
[2024-09-20T01:01:21.748+0000] {processor.py:914} INFO - Processing file /opt/airflow/dags/profit_uk.py for tasks to queue
[2024-09-20T01:01:21.751+0000] {logging_mixin.py:190} INFO - [2024-09-20T01:01:21.751+0000] {dagbag.py:587} INFO - Filling up the DagBag from /opt/airflow/dags/profit_uk.py
[2024-09-20T01:01:21.789+0000] {processor.py:925} INFO - DAG(s) 'load_profit_uk' retrieved from /opt/airflow/dags/profit_uk.py
[2024-09-20T01:01:21.822+0000] {logging_mixin.py:190} INFO - [2024-09-20T01:01:21.821+0000] {dag.py:3229} INFO - Sync 1 DAGs
[2024-09-20T01:01:21.853+0000] {logging_mixin.py:190} INFO - [2024-09-20T01:01:21.853+0000] {dag.py:4156} INFO - Setting next_dagrun for load_profit_uk to 2024-09-19 21:00:00+00:00, run_after=2024-09-20 21:00:00+00:00
[2024-09-20T01:01:21.924+0000] {processor.py:208} INFO - Processing /opt/airflow/dags/profit_uk.py took 0.184 seconds
[2024-09-20T01:01:52.279+0000] {processor.py:186} INFO - Started process (PID=1945) to work on /opt/airflow/dags/profit_uk.py
[2024-09-20T01:01:52.280+0000] {processor.py:914} INFO - Processing file /opt/airflow/dags/profit_uk.py for tasks to queue
[2024-09-20T01:01:52.283+0000] {logging_mixin.py:190} INFO - [2024-09-20T01:01:52.283+0000] {dagbag.py:587} INFO - Filling up the DagBag from /opt/airflow/dags/profit_uk.py
[2024-09-20T01:01:52.330+0000] {processor.py:925} INFO - DAG(s) 'load_profit_uk' retrieved from /opt/airflow/dags/profit_uk.py
[2024-09-20T01:01:52.371+0000] {logging_mixin.py:190} INFO - [2024-09-20T01:01:52.370+0000] {dag.py:3229} INFO - Sync 1 DAGs
[2024-09-20T01:01:52.409+0000] {logging_mixin.py:190} INFO - [2024-09-20T01:01:52.409+0000] {dag.py:4156} INFO - Setting next_dagrun for load_profit_uk to 2024-09-19 21:00:00+00:00, run_after=2024-09-20 21:00:00+00:00
[2024-09-20T01:01:52.501+0000] {processor.py:208} INFO - Processing /opt/airflow/dags/profit_uk.py took 0.230 seconds
[2024-09-20T01:02:22.878+0000] {processor.py:186} INFO - Started process (PID=1952) to work on /opt/airflow/dags/profit_uk.py
[2024-09-20T01:02:22.879+0000] {processor.py:914} INFO - Processing file /opt/airflow/dags/profit_uk.py for tasks to queue
[2024-09-20T01:02:22.882+0000] {logging_mixin.py:190} INFO - [2024-09-20T01:02:22.882+0000] {dagbag.py:587} INFO - Filling up the DagBag from /opt/airflow/dags/profit_uk.py
[2024-09-20T01:02:22.922+0000] {processor.py:925} INFO - DAG(s) 'load_profit_uk' retrieved from /opt/airflow/dags/profit_uk.py
[2024-09-20T01:02:22.961+0000] {logging_mixin.py:190} INFO - [2024-09-20T01:02:22.961+0000] {dag.py:3229} INFO - Sync 1 DAGs
[2024-09-20T01:02:22.997+0000] {logging_mixin.py:190} INFO - [2024-09-20T01:02:22.997+0000] {dag.py:4156} INFO - Setting next_dagrun for load_profit_uk to 2024-09-19 21:00:00+00:00, run_after=2024-09-20 21:00:00+00:00
[2024-09-20T01:02:23.075+0000] {processor.py:208} INFO - Processing /opt/airflow/dags/profit_uk.py took 0.203 seconds
[2024-09-20T01:02:53.522+0000] {processor.py:186} INFO - Started process (PID=1959) to work on /opt/airflow/dags/profit_uk.py
[2024-09-20T01:02:53.523+0000] {processor.py:914} INFO - Processing file /opt/airflow/dags/profit_uk.py for tasks to queue
[2024-09-20T01:02:53.527+0000] {logging_mixin.py:190} INFO - [2024-09-20T01:02:53.526+0000] {dagbag.py:587} INFO - Filling up the DagBag from /opt/airflow/dags/profit_uk.py
[2024-09-20T01:02:53.565+0000] {processor.py:925} INFO - DAG(s) 'load_profit_uk' retrieved from /opt/airflow/dags/profit_uk.py
[2024-09-20T01:02:53.597+0000] {logging_mixin.py:190} INFO - [2024-09-20T01:02:53.596+0000] {dag.py:3229} INFO - Sync 1 DAGs
[2024-09-20T01:02:53.627+0000] {logging_mixin.py:190} INFO - [2024-09-20T01:02:53.627+0000] {dag.py:4156} INFO - Setting next_dagrun for load_profit_uk to 2024-09-19 21:00:00+00:00, run_after=2024-09-20 21:00:00+00:00
[2024-09-20T01:02:53.696+0000] {processor.py:208} INFO - Processing /opt/airflow/dags/profit_uk.py took 0.180 seconds
[2024-09-20T01:03:24.703+0000] {processor.py:186} INFO - Started process (PID=1966) to work on /opt/airflow/dags/profit_uk.py
[2024-09-20T01:03:24.705+0000] {processor.py:914} INFO - Processing file /opt/airflow/dags/profit_uk.py for tasks to queue
[2024-09-20T01:03:24.710+0000] {logging_mixin.py:190} INFO - [2024-09-20T01:03:24.709+0000] {dagbag.py:587} INFO - Filling up the DagBag from /opt/airflow/dags/profit_uk.py
[2024-09-20T01:03:24.785+0000] {processor.py:925} INFO - DAG(s) 'load_profit_uk' retrieved from /opt/airflow/dags/profit_uk.py
[2024-09-20T01:03:24.855+0000] {logging_mixin.py:190} INFO - [2024-09-20T01:03:24.854+0000] {dag.py:3229} INFO - Sync 1 DAGs
[2024-09-20T01:03:24.918+0000] {logging_mixin.py:190} INFO - [2024-09-20T01:03:24.918+0000] {dag.py:4156} INFO - Setting next_dagrun for load_profit_uk to 2024-09-19 21:00:00+00:00, run_after=2024-09-20 21:00:00+00:00
[2024-09-20T01:03:25.015+0000] {processor.py:208} INFO - Processing /opt/airflow/dags/profit_uk.py took 0.324 seconds
[2024-09-20T01:03:55.680+0000] {processor.py:186} INFO - Started process (PID=1973) to work on /opt/airflow/dags/profit_uk.py
[2024-09-20T01:03:55.683+0000] {processor.py:914} INFO - Processing file /opt/airflow/dags/profit_uk.py for tasks to queue
[2024-09-20T01:03:55.693+0000] {logging_mixin.py:190} INFO - [2024-09-20T01:03:55.692+0000] {dagbag.py:587} INFO - Filling up the DagBag from /opt/airflow/dags/profit_uk.py
[2024-09-20T01:03:55.814+0000] {processor.py:925} INFO - DAG(s) 'load_profit_uk' retrieved from /opt/airflow/dags/profit_uk.py
[2024-09-20T01:03:55.914+0000] {logging_mixin.py:190} INFO - [2024-09-20T01:03:55.912+0000] {dag.py:3229} INFO - Sync 1 DAGs
[2024-09-20T01:03:55.980+0000] {logging_mixin.py:190} INFO - [2024-09-20T01:03:55.979+0000] {dag.py:4156} INFO - Setting next_dagrun for load_profit_uk to 2024-09-19 21:00:00+00:00, run_after=2024-09-20 21:00:00+00:00
[2024-09-20T01:03:56.119+0000] {processor.py:208} INFO - Processing /opt/airflow/dags/profit_uk.py took 0.452 seconds
[2024-09-20T01:04:26.657+0000] {processor.py:186} INFO - Started process (PID=1980) to work on /opt/airflow/dags/profit_uk.py
[2024-09-20T01:04:26.658+0000] {processor.py:914} INFO - Processing file /opt/airflow/dags/profit_uk.py for tasks to queue
[2024-09-20T01:04:26.662+0000] {logging_mixin.py:190} INFO - [2024-09-20T01:04:26.661+0000] {dagbag.py:587} INFO - Filling up the DagBag from /opt/airflow/dags/profit_uk.py
[2024-09-20T01:04:26.700+0000] {processor.py:925} INFO - DAG(s) 'load_profit_uk' retrieved from /opt/airflow/dags/profit_uk.py
[2024-09-20T01:04:26.734+0000] {logging_mixin.py:190} INFO - [2024-09-20T01:04:26.733+0000] {dag.py:3229} INFO - Sync 1 DAGs
[2024-09-20T01:04:26.765+0000] {logging_mixin.py:190} INFO - [2024-09-20T01:04:26.764+0000] {dag.py:4156} INFO - Setting next_dagrun for load_profit_uk to 2024-09-19 21:00:00+00:00, run_after=2024-09-20 21:00:00+00:00
[2024-09-20T01:04:26.832+0000] {processor.py:208} INFO - Processing /opt/airflow/dags/profit_uk.py took 0.182 seconds
[2024-09-20T01:04:57.393+0000] {processor.py:186} INFO - Started process (PID=1987) to work on /opt/airflow/dags/profit_uk.py
[2024-09-20T01:04:57.395+0000] {processor.py:914} INFO - Processing file /opt/airflow/dags/profit_uk.py for tasks to queue
[2024-09-20T01:04:57.398+0000] {logging_mixin.py:190} INFO - [2024-09-20T01:04:57.397+0000] {dagbag.py:587} INFO - Filling up the DagBag from /opt/airflow/dags/profit_uk.py
[2024-09-20T01:04:57.437+0000] {processor.py:925} INFO - DAG(s) 'load_profit_uk' retrieved from /opt/airflow/dags/profit_uk.py
[2024-09-20T01:04:57.469+0000] {logging_mixin.py:190} INFO - [2024-09-20T01:04:57.468+0000] {dag.py:3229} INFO - Sync 1 DAGs
[2024-09-20T01:04:57.507+0000] {logging_mixin.py:190} INFO - [2024-09-20T01:04:57.506+0000] {dag.py:4156} INFO - Setting next_dagrun for load_profit_uk to 2024-09-19 21:00:00+00:00, run_after=2024-09-20 21:00:00+00:00
[2024-09-20T01:04:57.570+0000] {processor.py:208} INFO - Processing /opt/airflow/dags/profit_uk.py took 0.183 seconds
[2024-09-20T01:05:28.198+0000] {processor.py:186} INFO - Started process (PID=1994) to work on /opt/airflow/dags/profit_uk.py
[2024-09-20T01:05:28.199+0000] {processor.py:914} INFO - Processing file /opt/airflow/dags/profit_uk.py for tasks to queue
[2024-09-20T01:05:28.203+0000] {logging_mixin.py:190} INFO - [2024-09-20T01:05:28.202+0000] {dagbag.py:587} INFO - Filling up the DagBag from /opt/airflow/dags/profit_uk.py
[2024-09-20T01:05:28.241+0000] {processor.py:925} INFO - DAG(s) 'load_profit_uk' retrieved from /opt/airflow/dags/profit_uk.py
[2024-09-20T01:05:28.276+0000] {logging_mixin.py:190} INFO - [2024-09-20T01:05:28.275+0000] {dag.py:3229} INFO - Sync 1 DAGs
[2024-09-20T01:05:28.308+0000] {logging_mixin.py:190} INFO - [2024-09-20T01:05:28.308+0000] {dag.py:4156} INFO - Setting next_dagrun for load_profit_uk to 2024-09-19 21:00:00+00:00, run_after=2024-09-20 21:00:00+00:00
[2024-09-20T01:05:28.377+0000] {processor.py:208} INFO - Processing /opt/airflow/dags/profit_uk.py took 0.186 seconds
[2024-09-20T01:05:58.925+0000] {processor.py:186} INFO - Started process (PID=2001) to work on /opt/airflow/dags/profit_uk.py
[2024-09-20T01:05:58.926+0000] {processor.py:914} INFO - Processing file /opt/airflow/dags/profit_uk.py for tasks to queue
[2024-09-20T01:05:58.930+0000] {logging_mixin.py:190} INFO - [2024-09-20T01:05:58.930+0000] {dagbag.py:587} INFO - Filling up the DagBag from /opt/airflow/dags/profit_uk.py
[2024-09-20T01:05:58.968+0000] {processor.py:925} INFO - DAG(s) 'load_profit_uk' retrieved from /opt/airflow/dags/profit_uk.py
[2024-09-20T01:05:59.003+0000] {logging_mixin.py:190} INFO - [2024-09-20T01:05:59.002+0000] {dag.py:3229} INFO - Sync 1 DAGs
[2024-09-20T01:05:59.035+0000] {logging_mixin.py:190} INFO - [2024-09-20T01:05:59.035+0000] {dag.py:4156} INFO - Setting next_dagrun for load_profit_uk to 2024-09-19 21:00:00+00:00, run_after=2024-09-20 21:00:00+00:00
[2024-09-20T01:05:59.105+0000] {processor.py:208} INFO - Processing /opt/airflow/dags/profit_uk.py took 0.186 seconds
[2024-09-20T01:06:29.661+0000] {processor.py:186} INFO - Started process (PID=2008) to work on /opt/airflow/dags/profit_uk.py
[2024-09-20T01:06:29.662+0000] {processor.py:914} INFO - Processing file /opt/airflow/dags/profit_uk.py for tasks to queue
[2024-09-20T01:06:29.666+0000] {logging_mixin.py:190} INFO - [2024-09-20T01:06:29.666+0000] {dagbag.py:587} INFO - Filling up the DagBag from /opt/airflow/dags/profit_uk.py
[2024-09-20T01:06:29.712+0000] {processor.py:925} INFO - DAG(s) 'load_profit_uk' retrieved from /opt/airflow/dags/profit_uk.py
[2024-09-20T01:06:29.755+0000] {logging_mixin.py:190} INFO - [2024-09-20T01:06:29.754+0000] {dag.py:3229} INFO - Sync 1 DAGs
[2024-09-20T01:06:29.794+0000] {logging_mixin.py:190} INFO - [2024-09-20T01:06:29.794+0000] {dag.py:4156} INFO - Setting next_dagrun for load_profit_uk to 2024-09-19 21:00:00+00:00, run_after=2024-09-20 21:00:00+00:00
[2024-09-20T01:06:29.891+0000] {processor.py:208} INFO - Processing /opt/airflow/dags/profit_uk.py took 0.238 seconds
[2024-09-20T01:07:00.506+0000] {processor.py:186} INFO - Started process (PID=2015) to work on /opt/airflow/dags/profit_uk.py
[2024-09-20T01:07:00.507+0000] {processor.py:914} INFO - Processing file /opt/airflow/dags/profit_uk.py for tasks to queue
[2024-09-20T01:07:00.510+0000] {logging_mixin.py:190} INFO - [2024-09-20T01:07:00.510+0000] {dagbag.py:587} INFO - Filling up the DagBag from /opt/airflow/dags/profit_uk.py
[2024-09-20T01:07:00.552+0000] {processor.py:925} INFO - DAG(s) 'load_profit_uk' retrieved from /opt/airflow/dags/profit_uk.py
[2024-09-20T01:07:00.589+0000] {logging_mixin.py:190} INFO - [2024-09-20T01:07:00.588+0000] {dag.py:3229} INFO - Sync 1 DAGs
[2024-09-20T01:07:00.627+0000] {logging_mixin.py:190} INFO - [2024-09-20T01:07:00.627+0000] {dag.py:4156} INFO - Setting next_dagrun for load_profit_uk to 2024-09-19 21:00:00+00:00, run_after=2024-09-20 21:00:00+00:00
[2024-09-20T01:07:00.701+0000] {processor.py:208} INFO - Processing /opt/airflow/dags/profit_uk.py took 0.201 seconds
[2024-09-20T01:07:31.351+0000] {processor.py:186} INFO - Started process (PID=2022) to work on /opt/airflow/dags/profit_uk.py
[2024-09-20T01:07:31.352+0000] {processor.py:914} INFO - Processing file /opt/airflow/dags/profit_uk.py for tasks to queue
[2024-09-20T01:07:31.356+0000] {logging_mixin.py:190} INFO - [2024-09-20T01:07:31.355+0000] {dagbag.py:587} INFO - Filling up the DagBag from /opt/airflow/dags/profit_uk.py
[2024-09-20T01:07:31.391+0000] {processor.py:925} INFO - DAG(s) 'load_profit_uk' retrieved from /opt/airflow/dags/profit_uk.py
[2024-09-20T01:07:31.423+0000] {logging_mixin.py:190} INFO - [2024-09-20T01:07:31.422+0000] {dag.py:3229} INFO - Sync 1 DAGs
[2024-09-20T01:07:31.456+0000] {logging_mixin.py:190} INFO - [2024-09-20T01:07:31.456+0000] {dag.py:4156} INFO - Setting next_dagrun for load_profit_uk to 2024-09-19 21:00:00+00:00, run_after=2024-09-20 21:00:00+00:00
[2024-09-20T01:07:31.516+0000] {processor.py:208} INFO - Processing /opt/airflow/dags/profit_uk.py took 0.171 seconds
[2024-09-20T01:08:02.146+0000] {processor.py:186} INFO - Started process (PID=2029) to work on /opt/airflow/dags/profit_uk.py
[2024-09-20T01:08:02.147+0000] {processor.py:914} INFO - Processing file /opt/airflow/dags/profit_uk.py for tasks to queue
[2024-09-20T01:08:02.150+0000] {logging_mixin.py:190} INFO - [2024-09-20T01:08:02.150+0000] {dagbag.py:587} INFO - Filling up the DagBag from /opt/airflow/dags/profit_uk.py
[2024-09-20T01:08:02.186+0000] {processor.py:925} INFO - DAG(s) 'load_profit_uk' retrieved from /opt/airflow/dags/profit_uk.py
[2024-09-20T01:08:02.215+0000] {logging_mixin.py:190} INFO - [2024-09-20T01:08:02.215+0000] {dag.py:3229} INFO - Sync 1 DAGs
[2024-09-20T01:08:02.244+0000] {logging_mixin.py:190} INFO - [2024-09-20T01:08:02.244+0000] {dag.py:4156} INFO - Setting next_dagrun for load_profit_uk to 2024-09-19 21:00:00+00:00, run_after=2024-09-20 21:00:00+00:00
[2024-09-20T01:08:02.312+0000] {processor.py:208} INFO - Processing /opt/airflow/dags/profit_uk.py took 0.171 seconds
[2024-09-20T01:08:32.966+0000] {processor.py:186} INFO - Started process (PID=2036) to work on /opt/airflow/dags/profit_uk.py
[2024-09-20T01:08:32.967+0000] {processor.py:914} INFO - Processing file /opt/airflow/dags/profit_uk.py for tasks to queue
[2024-09-20T01:08:32.971+0000] {logging_mixin.py:190} INFO - [2024-09-20T01:08:32.970+0000] {dagbag.py:587} INFO - Filling up the DagBag from /opt/airflow/dags/profit_uk.py
[2024-09-20T01:08:33.012+0000] {processor.py:925} INFO - DAG(s) 'load_profit_uk' retrieved from /opt/airflow/dags/profit_uk.py
[2024-09-20T01:08:33.043+0000] {logging_mixin.py:190} INFO - [2024-09-20T01:08:33.043+0000] {dag.py:3229} INFO - Sync 1 DAGs
[2024-09-20T01:08:33.073+0000] {logging_mixin.py:190} INFO - [2024-09-20T01:08:33.072+0000] {dag.py:4156} INFO - Setting next_dagrun for load_profit_uk to 2024-09-19 21:00:00+00:00, run_after=2024-09-20 21:00:00+00:00
[2024-09-20T01:08:33.142+0000] {processor.py:208} INFO - Processing /opt/airflow/dags/profit_uk.py took 0.183 seconds
