[2024-09-20T00:59:46.482+0000] {processor.py:186} INFO - Started process (PID=1916) to work on /opt/airflow/dags/xrate_to_s3.py
[2024-09-20T00:59:46.484+0000] {processor.py:914} INFO - Processing file /opt/airflow/dags/xrate_to_s3.py for tasks to queue
[2024-09-20T00:59:46.487+0000] {logging_mixin.py:190} INFO - [2024-09-20T00:59:46.486+0000] {dagbag.py:587} INFO - Filling up the DagBag from /opt/airflow/dags/xrate_to_s3.py
[2024-09-20T00:59:46.524+0000] {processor.py:925} INFO - DAG(s) 'xrate_to_s3' retrieved from /opt/airflow/dags/xrate_to_s3.py
[2024-09-20T00:59:46.734+0000] {logging_mixin.py:190} INFO - [2024-09-20T00:59:46.733+0000] {override.py:1900} INFO - Created Permission View: can read on DAG:xrate_to_s3
[2024-09-20T00:59:46.775+0000] {logging_mixin.py:190} INFO - [2024-09-20T00:59:46.775+0000] {override.py:1900} INFO - Created Permission View: can edit on DAG:xrate_to_s3
[2024-09-20T00:59:46.810+0000] {logging_mixin.py:190} INFO - [2024-09-20T00:59:46.810+0000] {override.py:1900} INFO - Created Permission View: can delete on DAG:xrate_to_s3
[2024-09-20T00:59:46.874+0000] {logging_mixin.py:190} INFO - [2024-09-20T00:59:46.873+0000] {override.py:1900} INFO - Created Permission View: can read on DAG Run:xrate_to_s3
[2024-09-20T00:59:46.919+0000] {logging_mixin.py:190} INFO - [2024-09-20T00:59:46.918+0000] {override.py:1900} INFO - Created Permission View: can create on DAG Run:xrate_to_s3
[2024-09-20T00:59:46.960+0000] {logging_mixin.py:190} INFO - [2024-09-20T00:59:46.959+0000] {override.py:1900} INFO - Created Permission View: menu access on DAG Run:xrate_to_s3
[2024-09-20T00:59:47.004+0000] {logging_mixin.py:190} INFO - [2024-09-20T00:59:47.003+0000] {override.py:1900} INFO - Created Permission View: can delete on DAG Run:xrate_to_s3
[2024-09-20T00:59:47.005+0000] {logging_mixin.py:190} INFO - [2024-09-20T00:59:47.005+0000] {dag.py:3229} INFO - Sync 1 DAGs
[2024-09-20T00:59:47.032+0000] {logging_mixin.py:190} INFO - [2024-09-20T00:59:47.032+0000] {dag.py:3252} INFO - Creating ORM DAG for xrate_to_s3
[2024-09-20T00:59:47.536+0000] {logging_mixin.py:190} INFO - [2024-09-20T00:59:47.536+0000] {dag.py:4156} INFO - Setting next_dagrun for xrate_to_s3 to 2024-09-19 23:00:00+00:00, run_after=2024-09-20 23:00:00+00:00
[2024-09-20T00:59:47.614+0000] {processor.py:208} INFO - Processing /opt/airflow/dags/xrate_to_s3.py took 1.138 seconds
[2024-09-20T01:00:18.222+0000] {processor.py:186} INFO - Started process (PID=1923) to work on /opt/airflow/dags/xrate_to_s3.py
[2024-09-20T01:00:18.224+0000] {processor.py:914} INFO - Processing file /opt/airflow/dags/xrate_to_s3.py for tasks to queue
[2024-09-20T01:00:18.227+0000] {logging_mixin.py:190} INFO - [2024-09-20T01:00:18.227+0000] {dagbag.py:587} INFO - Filling up the DagBag from /opt/airflow/dags/xrate_to_s3.py
[2024-09-20T01:00:18.258+0000] {processor.py:925} INFO - DAG(s) 'xrate_to_s3' retrieved from /opt/airflow/dags/xrate_to_s3.py
[2024-09-20T01:00:18.296+0000] {logging_mixin.py:190} INFO - [2024-09-20T01:00:18.295+0000] {dag.py:3229} INFO - Sync 1 DAGs
[2024-09-20T01:00:18.337+0000] {logging_mixin.py:190} INFO - [2024-09-20T01:00:18.337+0000] {dag.py:4156} INFO - Setting next_dagrun for xrate_to_s3 to 2024-09-19 23:00:00+00:00, run_after=2024-09-20 23:00:00+00:00
[2024-09-20T01:00:18.410+0000] {processor.py:208} INFO - Processing /opt/airflow/dags/xrate_to_s3.py took 0.195 seconds
[2024-09-20T01:00:48.931+0000] {processor.py:186} INFO - Started process (PID=1930) to work on /opt/airflow/dags/xrate_to_s3.py
[2024-09-20T01:00:48.932+0000] {processor.py:914} INFO - Processing file /opt/airflow/dags/xrate_to_s3.py for tasks to queue
[2024-09-20T01:00:48.938+0000] {logging_mixin.py:190} INFO - [2024-09-20T01:00:48.937+0000] {dagbag.py:587} INFO - Filling up the DagBag from /opt/airflow/dags/xrate_to_s3.py
[2024-09-20T01:00:48.968+0000] {processor.py:925} INFO - DAG(s) 'xrate_to_s3' retrieved from /opt/airflow/dags/xrate_to_s3.py
[2024-09-20T01:00:49.013+0000] {logging_mixin.py:190} INFO - [2024-09-20T01:00:49.012+0000] {dag.py:3229} INFO - Sync 1 DAGs
[2024-09-20T01:00:49.052+0000] {logging_mixin.py:190} INFO - [2024-09-20T01:00:49.051+0000] {dag.py:4156} INFO - Setting next_dagrun for xrate_to_s3 to 2024-09-19 23:00:00+00:00, run_after=2024-09-20 23:00:00+00:00
[2024-09-20T01:00:49.141+0000] {processor.py:208} INFO - Processing /opt/airflow/dags/xrate_to_s3.py took 0.219 seconds
[2024-09-20T01:01:20.291+0000] {processor.py:186} INFO - Started process (PID=1937) to work on /opt/airflow/dags/xrate_to_s3.py
[2024-09-20T01:01:20.292+0000] {processor.py:914} INFO - Processing file /opt/airflow/dags/xrate_to_s3.py for tasks to queue
[2024-09-20T01:01:20.296+0000] {logging_mixin.py:190} INFO - [2024-09-20T01:01:20.295+0000] {dagbag.py:587} INFO - Filling up the DagBag from /opt/airflow/dags/xrate_to_s3.py
[2024-09-20T01:01:20.326+0000] {processor.py:925} INFO - DAG(s) 'xrate_to_s3' retrieved from /opt/airflow/dags/xrate_to_s3.py
[2024-09-20T01:01:20.363+0000] {logging_mixin.py:190} INFO - [2024-09-20T01:01:20.362+0000] {dag.py:3229} INFO - Sync 1 DAGs
[2024-09-20T01:01:20.403+0000] {logging_mixin.py:190} INFO - [2024-09-20T01:01:20.402+0000] {dag.py:4156} INFO - Setting next_dagrun for xrate_to_s3 to 2024-09-19 23:00:00+00:00, run_after=2024-09-20 23:00:00+00:00
[2024-09-20T01:01:20.476+0000] {processor.py:208} INFO - Processing /opt/airflow/dags/xrate_to_s3.py took 0.195 seconds
[2024-09-20T01:01:35.764+0000] {processor.py:186} INFO - Started process (PID=1943) to work on /opt/airflow/dags/xrate_to_s3.py
[2024-09-20T01:01:35.766+0000] {processor.py:914} INFO - Processing file /opt/airflow/dags/xrate_to_s3.py for tasks to queue
[2024-09-20T01:01:35.769+0000] {logging_mixin.py:190} INFO - [2024-09-20T01:01:35.769+0000] {dagbag.py:587} INFO - Filling up the DagBag from /opt/airflow/dags/xrate_to_s3.py
[2024-09-20T01:01:35.815+0000] {processor.py:925} INFO - DAG(s) 'xrate_to_s3' retrieved from /opt/airflow/dags/xrate_to_s3.py
[2024-09-20T01:01:35.853+0000] {logging_mixin.py:190} INFO - [2024-09-20T01:01:35.852+0000] {dag.py:3229} INFO - Sync 1 DAGs
[2024-09-20T01:01:35.891+0000] {logging_mixin.py:190} INFO - [2024-09-20T01:01:35.890+0000] {dag.py:4156} INFO - Setting next_dagrun for xrate_to_s3 to 2024-09-19 23:00:00+00:00, run_after=2024-09-20 23:00:00+00:00
[2024-09-20T01:01:35.959+0000] {processor.py:208} INFO - Processing /opt/airflow/dags/xrate_to_s3.py took 0.201 seconds
[2024-09-20T01:02:06.713+0000] {processor.py:186} INFO - Started process (PID=1950) to work on /opt/airflow/dags/xrate_to_s3.py
[2024-09-20T01:02:06.714+0000] {processor.py:914} INFO - Processing file /opt/airflow/dags/xrate_to_s3.py for tasks to queue
[2024-09-20T01:02:06.718+0000] {logging_mixin.py:190} INFO - [2024-09-20T01:02:06.718+0000] {dagbag.py:587} INFO - Filling up the DagBag from /opt/airflow/dags/xrate_to_s3.py
[2024-09-20T01:02:06.746+0000] {processor.py:925} INFO - DAG(s) 'xrate_to_s3' retrieved from /opt/airflow/dags/xrate_to_s3.py
[2024-09-20T01:02:06.784+0000] {logging_mixin.py:190} INFO - [2024-09-20T01:02:06.783+0000] {dag.py:3229} INFO - Sync 1 DAGs
[2024-09-20T01:02:06.823+0000] {logging_mixin.py:190} INFO - [2024-09-20T01:02:06.823+0000] {dag.py:4156} INFO - Setting next_dagrun for xrate_to_s3 to 2024-09-19 23:00:00+00:00, run_after=2024-09-20 23:00:00+00:00
[2024-09-20T01:02:06.897+0000] {processor.py:208} INFO - Processing /opt/airflow/dags/xrate_to_s3.py took 0.190 seconds
[2024-09-20T01:02:37.730+0000] {processor.py:186} INFO - Started process (PID=1957) to work on /opt/airflow/dags/xrate_to_s3.py
[2024-09-20T01:02:37.732+0000] {processor.py:914} INFO - Processing file /opt/airflow/dags/xrate_to_s3.py for tasks to queue
[2024-09-20T01:02:37.735+0000] {logging_mixin.py:190} INFO - [2024-09-20T01:02:37.735+0000] {dagbag.py:587} INFO - Filling up the DagBag from /opt/airflow/dags/xrate_to_s3.py
[2024-09-20T01:02:37.765+0000] {processor.py:925} INFO - DAG(s) 'xrate_to_s3' retrieved from /opt/airflow/dags/xrate_to_s3.py
[2024-09-20T01:02:37.801+0000] {logging_mixin.py:190} INFO - [2024-09-20T01:02:37.800+0000] {dag.py:3229} INFO - Sync 1 DAGs
[2024-09-20T01:02:37.839+0000] {logging_mixin.py:190} INFO - [2024-09-20T01:02:37.838+0000] {dag.py:4156} INFO - Setting next_dagrun for xrate_to_s3 to 2024-09-19 23:00:00+00:00, run_after=2024-09-20 23:00:00+00:00
[2024-09-20T01:02:37.922+0000] {processor.py:208} INFO - Processing /opt/airflow/dags/xrate_to_s3.py took 0.199 seconds
[2024-09-20T01:03:08.591+0000] {processor.py:186} INFO - Started process (PID=1964) to work on /opt/airflow/dags/xrate_to_s3.py
[2024-09-20T01:03:08.592+0000] {processor.py:914} INFO - Processing file /opt/airflow/dags/xrate_to_s3.py for tasks to queue
[2024-09-20T01:03:08.596+0000] {logging_mixin.py:190} INFO - [2024-09-20T01:03:08.595+0000] {dagbag.py:587} INFO - Filling up the DagBag from /opt/airflow/dags/xrate_to_s3.py
[2024-09-20T01:03:08.622+0000] {processor.py:925} INFO - DAG(s) 'xrate_to_s3' retrieved from /opt/airflow/dags/xrate_to_s3.py
[2024-09-20T01:03:08.654+0000] {logging_mixin.py:190} INFO - [2024-09-20T01:03:08.654+0000] {dag.py:3229} INFO - Sync 1 DAGs
[2024-09-20T01:03:08.686+0000] {logging_mixin.py:190} INFO - [2024-09-20T01:03:08.685+0000] {dag.py:4156} INFO - Setting next_dagrun for xrate_to_s3 to 2024-09-19 23:00:00+00:00, run_after=2024-09-20 23:00:00+00:00
[2024-09-20T01:03:08.747+0000] {processor.py:208} INFO - Processing /opt/airflow/dags/xrate_to_s3.py took 0.164 seconds
[2024-09-20T01:03:39.907+0000] {processor.py:186} INFO - Started process (PID=1971) to work on /opt/airflow/dags/xrate_to_s3.py
[2024-09-20T01:03:39.908+0000] {processor.py:914} INFO - Processing file /opt/airflow/dags/xrate_to_s3.py for tasks to queue
[2024-09-20T01:03:39.912+0000] {logging_mixin.py:190} INFO - [2024-09-20T01:03:39.911+0000] {dagbag.py:587} INFO - Filling up the DagBag from /opt/airflow/dags/xrate_to_s3.py
[2024-09-20T01:03:39.936+0000] {processor.py:925} INFO - DAG(s) 'xrate_to_s3' retrieved from /opt/airflow/dags/xrate_to_s3.py
[2024-09-20T01:03:39.969+0000] {logging_mixin.py:190} INFO - [2024-09-20T01:03:39.968+0000] {dag.py:3229} INFO - Sync 1 DAGs
[2024-09-20T01:03:40.000+0000] {logging_mixin.py:190} INFO - [2024-09-20T01:03:39.999+0000] {dag.py:4156} INFO - Setting next_dagrun for xrate_to_s3 to 2024-09-19 23:00:00+00:00, run_after=2024-09-20 23:00:00+00:00
[2024-09-20T01:03:40.073+0000] {processor.py:208} INFO - Processing /opt/airflow/dags/xrate_to_s3.py took 0.173 seconds
[2024-09-20T01:04:11.230+0000] {processor.py:186} INFO - Started process (PID=1978) to work on /opt/airflow/dags/xrate_to_s3.py
[2024-09-20T01:04:11.232+0000] {processor.py:914} INFO - Processing file /opt/airflow/dags/xrate_to_s3.py for tasks to queue
[2024-09-20T01:04:11.236+0000] {logging_mixin.py:190} INFO - [2024-09-20T01:04:11.235+0000] {dagbag.py:587} INFO - Filling up the DagBag from /opt/airflow/dags/xrate_to_s3.py
[2024-09-20T01:04:11.267+0000] {processor.py:925} INFO - DAG(s) 'xrate_to_s3' retrieved from /opt/airflow/dags/xrate_to_s3.py
[2024-09-20T01:04:11.311+0000] {logging_mixin.py:190} INFO - [2024-09-20T01:04:11.310+0000] {dag.py:3229} INFO - Sync 1 DAGs
[2024-09-20T01:04:11.360+0000] {logging_mixin.py:190} INFO - [2024-09-20T01:04:11.360+0000] {dag.py:4156} INFO - Setting next_dagrun for xrate_to_s3 to 2024-09-19 23:00:00+00:00, run_after=2024-09-20 23:00:00+00:00
[2024-09-20T01:04:11.481+0000] {processor.py:208} INFO - Processing /opt/airflow/dags/xrate_to_s3.py took 0.258 seconds
